#
# There is insufficient memory for the Java Runtime Environment to continue.
# Native memory allocation (malloc) failed to allocate 1461872 bytes. Error detail: Chunk::new
# Possible reasons:
#   The system is out of physical RAM or swap space
#   This process is running with CompressedOops enabled, and the Java Heap may be blocking the growth of the native heap
# Possible solutions:
#   Reduce memory load on the system
#   Increase physical memory or swap space
#   Check if swap backing store is full
#   Decrease Java heap size (-Xmx/-Xms)
#   Decrease number of Java threads
#   Decrease Java thread stack sizes (-Xss)
#   Set larger code cache with -XX:ReservedCodeCacheSize=
#   JVM is running with Unscaled Compressed Oops mode in which the Java heap is
#     placed in the first 4GB address space. The Java Heap base address is the
#     maximum limit for the native heap growth. Please use -XX:HeapBaseMinAddress
#     to set the Java Heap base and to place the Java Heap above 4GB virtual address.
# This output file may be truncated or incomplete.
#
#  Out of Memory Error (arena.cpp:168), pid=19888, tid=30676
#
# JRE version: OpenJDK Runtime Environment Temurin-21.0.10+7 (21.0.10+7) (build 21.0.10+7-LTS)
# Java VM: OpenJDK 64-Bit Server VM Temurin-21.0.10+7 (21.0.10+7-LTS, mixed mode, sharing, tiered, compressed oops, compressed class ptrs, parallel gc, windows-amd64)
# No core dump will be written. Minidumps are not enabled by default on client versions of Windows
#

---------------  S U M M A R Y ------------

Command Line: --add-modules=ALL-SYSTEM --add-opens=java.base/java.util=ALL-UNNAMED --add-opens=java.base/java.lang=ALL-UNNAMED --add-opens=java.base/sun.nio.fs=ALL-UNNAMED -Declipse.application=org.eclipse.jdt.ls.core.id1 -Dosgi.bundles.defaultStartLevel=4 -Declipse.product=org.eclipse.jdt.ls.core.product -Djava.import.generatesMetadataFilesAtProjectRoot=false -DDetectVMInstallationsJob.disabled=true -Dfile.encoding=utf8 -XX:+UseParallelGC -XX:GCTimeRatio=4 -XX:AdaptiveSizePolicyWeight=90 -Dsun.zip.disableMemoryMapping=true -Xmx2G -Xms100m -Xlog:disable -javaagent:c:\Users\USER\.antigravity\extensions\redhat.java-1.54.0-win32-x64\lombok\lombok-1.18.39-4050.jar c:\Users\USER\.antigravity\extensions\redhat.java-1.54.0-win32-x64\server\plugins\org.eclipse.equinox.launcher_1.7.100.v20251111-0406.jar -configuration c:\Users\USER\AppData\Roaming\Antigravity\User\globalStorage\redhat.java\1.54.0\config_ss_win -data c:\Users\USER\AppData\Roaming\Antigravity\User\workspaceStorage\b2008296fa39ba4f4d5c3c75dc19f26c\redhat.java\ss_ws --pipe=\\.\pipe\lsp-c908b33f10ab78274ecc142cd22e4964-sock

Host: 13th Gen Intel(R) Core(TM) i7-13620H, 16 cores, 15G,  Windows 11 , 64 bit Build 26100 (10.0.26100.8246)
Time: Fri May  1 14:22:29 2026 Sri Lanka Standard Time elapsed time: 21.296167 seconds (0d 0h 0m 21s)

---------------  T H R E A D  ---------------

Current thread (0x0000017a124399d0):  JavaThread "C2 CompilerThread2" daemon [_thread_in_native, id=30676, stack(0x000000380bc00000,0x000000380bd00000) (1024K)]


Current CompileTask:
C2:21296 2540       4       org.eclipse.core.internal.resources.SaveManager::readElement (46 bytes)

Stack: [0x000000380bc00000,0x000000380bd00000]
Native frames: (J=compiled Java code, j=interpreted, Vv=VM code, C=native code)
V  [jvm.dll+0x6d7a39]
V  [jvm.dll+0x8b4b26]
V  [jvm.dll+0x8b70de]
V  [jvm.dll+0x8b77c3]
V  [jvm.dll+0x284346]
V  [jvm.dll+0xc66ed]
V  [jvm.dll+0xc6c31]
V  [jvm.dll+0x3bec3b]
V  [jvm.dll+0x38b162]
V  [jvm.dll+0x38a5aa]
V  [jvm.dll+0x24c560]
V  [jvm.dll+0x24bb40]
V  [jvm.dll+0x1cb34e]
V  [jvm.dll+0x25b85d]
V  [jvm.dll+0x259dea]
V  [jvm.dll+0x3f857e]
V  [jvm.dll+0x85f59d]
V  [jvm.dll+0x6d626d]
C  [ucrtbase.dll+0x37b0]
C  [KERNEL32.DLL+0x2e8d7]
C  [ntdll.dll+0x8c3fc]


---------------  P R O C E S S  ---------------

Threads class SMR info:
_java_thread_list=0x0000017a13b30d40, length=24, elements={
0x00000179b33ea0e0, 0x0000017a0c4983b0, 0x00000179c9e9daf0, 0x0000017a0c49dc10,
0x0000017a0c49eb50, 0x0000017a0c4a0a70, 0x0000017a0c4a2a30, 0x0000017a0c4a7530,
0x0000017a0c4a9240, 0x0000017a0c69cb00, 0x0000017a120a33a0, 0x0000017a13147910,
0x0000017a12031d10, 0x0000017a12032b90, 0x0000017a121ded90, 0x0000017a12437e90,
0x0000017a12438c30, 0x0000017a0c747420, 0x0000017a12438560, 0x0000017a1243ae40,
0x0000017a124399d0, 0x0000017a1243a0a0, 0x0000017a1243a770, 0x0000017a121bf350
}

Java Threads: ( => current thread )
  0x00000179b33ea0e0 JavaThread "main"                              [_thread_blocked, id=17992, stack(0x0000003809c00000,0x0000003809d00000) (1024K)]
  0x0000017a0c4983b0 JavaThread "Reference Handler"          daemon [_thread_blocked, id=2348, stack(0x000000380a000000,0x000000380a100000) (1024K)]
  0x00000179c9e9daf0 JavaThread "Finalizer"                  daemon [_thread_blocked, id=11400, stack(0x000000380a100000,0x000000380a200000) (1024K)]
  0x0000017a0c49dc10 JavaThread "Signal Dispatcher"          daemon [_thread_blocked, id=2508, stack(0x000000380a200000,0x000000380a300000) (1024K)]
  0x0000017a0c49eb50 JavaThread "Attach Listener"            daemon [_thread_blocked, id=19120, stack(0x000000380a300000,0x000000380a400000) (1024K)]
  0x0000017a0c4a0a70 JavaThread "Service Thread"             daemon [_thread_blocked, id=23156, stack(0x000000380a400000,0x000000380a500000) (1024K)]
  0x0000017a0c4a2a30 JavaThread "Monitor Deflation Thread"   daemon [_thread_blocked, id=16392, stack(0x000000380a500000,0x000000380a600000) (1024K)]
  0x0000017a0c4a7530 JavaThread "C2 CompilerThread0"         daemon [_thread_blocked, id=2340, stack(0x000000380a600000,0x000000380a700000) (1024K)]
  0x0000017a0c4a9240 JavaThread "C1 CompilerThread0"         daemon [_thread_blocked, id=14204, stack(0x000000380a700000,0x000000380a800000) (1024K)]
  0x0000017a0c69cb00 JavaThread "Common-Cleaner"             daemon [_thread_blocked, id=14776, stack(0x000000380ab00000,0x000000380ac00000) (1024K)]
  0x0000017a120a33a0 JavaThread "Notification Thread"        daemon [_thread_blocked, id=14812, stack(0x000000380ad00000,0x000000380ae00000) (1024K)]
  0x0000017a13147910 JavaThread "Active Thread: Equinox Container: 260c7efe-1b13-470f-8d04-0306dad158ea"        [_thread_blocked, id=240, stack(0x000000380b700000,0x000000380b800000) (1024K)]
  0x0000017a12031d10 JavaThread "Framework Event Dispatcher: Equinox Container: 260c7efe-1b13-470f-8d04-0306dad158ea" daemon [_thread_blocked, id=26384, stack(0x000000380a800000,0x000000380a900000) (1024K)]
  0x0000017a12032b90 JavaThread "Start Level: Equinox Container: 260c7efe-1b13-470f-8d04-0306dad158ea" daemon [_thread_in_Java, id=15460, stack(0x000000380aa00000,0x000000380ab00000) (1024K)]
  0x0000017a121ded90 JavaThread "SCR Component Actor"        daemon [_thread_blocked, id=14720, stack(0x000000380ac00000,0x000000380ad00000) (1024K)]
  0x0000017a12437e90 JavaThread "C1 CompilerThread1"         daemon [_thread_blocked, id=19532, stack(0x000000380b400000,0x000000380b500000) (1024K)]
  0x0000017a12438c30 JavaThread "C1 CompilerThread2"         daemon [_thread_blocked, id=28800, stack(0x000000380b500000,0x000000380b600000) (1024K)]
  0x0000017a0c747420 JavaThread "Worker-JM"                         [_thread_blocked, id=12912, stack(0x000000380b600000,0x000000380b700000) (1024K)]
  0x0000017a12438560 JavaThread "C1 CompilerThread3"         daemon [_thread_blocked, id=15332, stack(0x000000380ba00000,0x000000380bb00000) (1024K)]
  0x0000017a1243ae40 JavaThread "C2 CompilerThread1"         daemon [_thread_blocked, id=26352, stack(0x000000380bb00000,0x000000380bc00000) (1024K)]
=>0x0000017a124399d0 JavaThread "C2 CompilerThread2"         daemon [_thread_in_native, id=30676, stack(0x000000380bc00000,0x000000380bd00000) (1024K)]
  0x0000017a1243a0a0 JavaThread "C2 CompilerThread3"         daemon [_thread_in_native, id=12172, stack(0x000000380bd00000,0x000000380be00000) (1024K)]
  0x0000017a1243a770 JavaThread "C2 CompilerThread4"         daemon [_thread_in_native, id=14896, stack(0x000000380be00000,0x000000380bf00000) (1024K)]
  0x0000017a121bf350 JavaThread "JNA Cleaner"                daemon [_thread_blocked, id=23816, stack(0x000000380bf00000,0x000000380c000000) (1024K)]
Total: 24

Other Threads:
  0x0000017a0c4932d0 VMThread "VM Thread"                           [id=7892, stack(0x0000003809f00000,0x000000380a000000) (1024K)]
  0x00000179c9d7ca00 WatcherThread "VM Periodic Task Thread"        [id=25496, stack(0x0000003809e00000,0x0000003809f00000) (1024K)]
  0x00000179b340b2f0 WorkerThread "GC Thread#0"                     [id=9152, stack(0x0000003809d00000,0x0000003809e00000) (1024K)]
  0x0000017a123c5a20 WorkerThread "GC Thread#1"                     [id=30032, stack(0x000000380ae00000,0x000000380af00000) (1024K)]
  0x0000017a1241faa0 WorkerThread "GC Thread#2"                     [id=22844, stack(0x000000380af00000,0x000000380b000000) (1024K)]
  0x0000017a123c5dd0 WorkerThread "GC Thread#3"                     [id=16508, stack(0x000000380b000000,0x000000380b100000) (1024K)]
  0x0000017a123ca6d0 WorkerThread "GC Thread#4"                     [id=23224, stack(0x000000380b100000,0x000000380b200000) (1024K)]
  0x0000017a123caa80 WorkerThread "GC Thread#5"                     [id=10408, stack(0x000000380b200000,0x000000380b300000) (1024K)]
  0x0000017a123cae30 WorkerThread "GC Thread#6"                     [id=6252, stack(0x000000380b300000,0x000000380b400000) (1024K)]
  0x0000017a0c4be270 WorkerThread "GC Thread#7"                     [id=11056, stack(0x000000380a900000,0x000000380aa00000) (1024K)]
  0x0000017a12242200 WorkerThread "GC Thread#8"                     [id=10364, stack(0x000000380b800000,0x000000380b900000) (1024K)]
  0x0000017a0c52b490 WorkerThread "GC Thread#9"                     [id=6888, stack(0x000000380b900000,0x000000380ba00000) (1024K)]
  0x0000017a13b68ec0 WorkerThread "GC Thread#10"                    [id=9524, stack(0x000000380c000000,0x000000380c100000) (1024K)]
  0x0000017a13b68000 WorkerThread "GC Thread#11"                    [id=22936, stack(0x000000380c100000,0x000000380c200000) (1024K)]
  0x0000017a13b683b0 WorkerThread "GC Thread#12"                    [id=28144, stack(0x000000380c200000,0x000000380c300000) (1024K)]
Total: 15

Threads with active compile tasks:
C2 CompilerThread2  21314 2540       4       org.eclipse.core.internal.resources.SaveManager::readElement (46 bytes)
C2 CompilerThread3  21314 2690   !   4       org.eclipse.osgi.container.ModuleRevisions::getCurrentRevision (56 bytes)
C2 CompilerThread4  21314 2538       4       org.eclipse.core.internal.dtree.DataTreeReader::readNode (248 bytes)
Total: 3

VM state: not at safepoint (normal execution)

VM Mutex/Monitor currently owned by a thread: None

Heap address: 0x0000000080000000, size: 2048 MB, Compressed Oops mode: 32-bit

CDS archive(s) mapped at: [0x00000179ca000000-0x00000179caba0000-0x00000179caba0000), size 12189696, SharedBaseAddress: 0x00000179ca000000, ArchiveRelocationMode: 1.
Compressed class space mapped at: 0x00000179cb000000-0x0000017a0b000000, reserved size: 1073741824
Narrow klass base: 0x00000179ca000000, Narrow klass shift: 0, Narrow klass range: 0x100000000

GC Precious Log:
 CardTable entry size: 512
 CPUs: 16 total, 16 available
 Memory: 16003M
 Large Page Support: Disabled
 NUMA Support: Disabled
 Compressed Oops: Enabled (32-bit)
 Alignments: Space 512K, Generation 512K, Heap 2M
 Heap Min Capacity: 100M
 Heap Initial Capacity: 100M
 Heap Max Capacity: 2G
 Pre-touch: Disabled
 Parallel Workers: 13

Heap:
 PSYoungGen      total 29696K, used 8904K [0x00000000d5580000, 0x00000000d7680000, 0x0000000100000000)
  eden space 25600K, 18% used [0x00000000d5580000,0x00000000d5a3a2b8,0x00000000d6e80000)
  from space 4096K, 99% used [0x00000000d7280000,0x00000000d76780f8,0x00000000d7680000)
  to   space 4096K, 0% used [0x00000000d6e80000,0x00000000d6e80000,0x00000000d7280000)
 ParOldGen       total 68608K, used 11118K [0x0000000080000000, 0x0000000084300000, 0x00000000d5580000)
  object space 68608K, 16% used [0x0000000080000000,0x0000000080adbb40,0x0000000084300000)
 Metaspace       used 15620K, committed 16256K, reserved 1114112K
  class space    used 1655K, committed 1920K, reserved 1048576K

Card table byte_map: [0x00000179b2d90000,0x00000179b31a0000] _byte_map_base: 0x00000179b2990000

Marking Bits: (ParMarkBitMap*) 0x00007ffbafcb3450
 Begin Bits: [0x00000179c58a0000, 0x00000179c78a0000)
 End Bits:   [0x00000179c78a0000, 0x00000179c98a0000)

Polling page: 0x00000179b1060000

Metaspace:

Usage:
  Non-class:     13.64 MB used.
      Class:      1.62 MB used.
       Both:     15.26 MB used.

Virtual space:
  Non-class space:       64.00 MB reserved,      14.00 MB ( 22%) committed,  1 nodes.
      Class space:        1.00 GB reserved,       1.88 MB ( <1%) committed,  1 nodes.
             Both:        1.06 GB reserved,      15.88 MB (  1%) committed. 

Chunk freelists:
   Non-Class:  1.60 MB
       Class:  13.95 MB
        Both:  15.55 MB

MaxMetaspaceSize: unlimited
CompressedClassSpaceSize: 1.00 GB
Initial GC threshold: 21.00 MB
Current GC threshold: 21.00 MB
CDS: on
 - commit_granule_bytes: 65536.
 - commit_granule_words: 8192.
 - virtual_space_node_default_size: 8388608.
 - enlarge_chunks_in_place: 1.
 - use_allocation_guard: 0.


Internal statistics:

num_allocs_failed_limit: 0.
num_arena_births: 452.
num_arena_deaths: 0.
num_vsnodes_births: 2.
num_vsnodes_deaths: 0.
num_space_committed: 254.
num_space_uncommitted: 0.
num_chunks_returned_to_freelist: 0.
num_chunks_taken_from_freelist: 1013.
num_chunk_merges: 0.
num_chunk_splits: 638.
num_chunks_enlarged: 401.
num_inconsistent_stats: 0.

CodeHeap 'non-profiled nmethods': size=119168Kb used=1137Kb max_used=1137Kb free=118031Kb
 bounds [0x00000179be190000, 0x00000179be400000, 0x00000179c55f0000]
CodeHeap 'profiled nmethods': size=119104Kb used=5111Kb max_used=5111Kb free=113992Kb
 bounds [0x00000179b65f0000, 0x00000179b6af0000, 0x00000179bda40000]
CodeHeap 'non-nmethods': size=7488Kb used=2962Kb max_used=3000Kb free=4526Kb
 bounds [0x00000179bda40000, 0x00000179bddb0000, 0x00000179be190000]
CodeCache: size=245760Kb, used=9210Kb, max_used=9248Kb, free=236549Kb
 total_blobs=3240, nmethods=2691, adapters=452, full_count=0
Compilation: enabled, stopped_count=0, restarted_count=0

Compilation events (20 events):
Event: 21.274 Thread 0x0000017a12438560 2673       3       java.lang.Short::<init> (10 bytes)
Event: 21.274 Thread 0x0000017a12438560 nmethod 2673 0x00000179b6ae1f90 code [0x00000179b6ae2140, 0x00000179b6ae2308]
Event: 21.275 Thread 0x0000017a12437e90 2674       3       java.lang.Class::arrayContentsEq (70 bytes)
Event: 21.275 Thread 0x0000017a0c4a7530 2675 % !   4       java.util.concurrent.ConcurrentHashMap::transfer @ 96 (849 bytes)
Event: 21.275 Thread 0x0000017a0c4a9240 nmethod 2671 0x00000179b6ae2410 code [0x00000179b6ae27c0, 0x00000179b6ae3bb0]
Event: 21.275 Thread 0x0000017a12438560 2678       3       jdk.internal.reflect.MethodHandleFieldAccessorImpl::isReadOnly (16 bytes)
Event: 21.276 Thread 0x0000017a12437e90 nmethod 2674 0x00000179b6ae4510 code [0x00000179b6ae4700, 0x00000179b6ae4b28]
Event: 21.276 Thread 0x0000017a12438c30 nmethod 2672 0x00000179b6ae4c90 code [0x00000179b6ae4f80, 0x00000179b6ae63f8]
Event: 21.276 Thread 0x0000017a12438560 nmethod 2678 0x00000179b6ae6a10 code [0x00000179b6ae6ba0, 0x00000179b6ae6d08]
Event: 21.277 Thread 0x0000017a12437e90 2676       3       java.lang.reflect.Field::set (43 bytes)
Event: 21.277 Thread 0x0000017a12438560 2679   !   3       jdk.internal.reflect.MethodHandleObjectFieldAccessorImpl::set (70 bytes)
Event: 21.278 Thread 0x0000017a0c4a9240 2677       3       jdk.internal.reflect.MethodHandleFieldAccessorImpl::ensureObj (30 bytes)
Event: 21.278 Thread 0x0000017a12437e90 nmethod 2676 0x00000179b6ae6d90 code [0x00000179b6ae6fc0, 0x00000179b6ae7528]
Event: 21.279 Thread 0x0000017a0c4a9240 nmethod 2677 0x00000179b6ae7710 code [0x00000179b6ae7920, 0x00000179b6ae7ef0]
Event: 21.279 Thread 0x0000017a12437e90 2680       1       java.util.concurrent.locks.ReentrantReadWriteLock::writeLock (5 bytes)
Event: 21.280 Thread 0x0000017a12437e90 nmethod 2680 0x00000179be2a8a10 code [0x00000179be2a8ba0, 0x00000179be2a8c68]
Event: 21.282 Thread 0x0000017a12438560 nmethod 2679 0x00000179b6ae8110 code [0x00000179b6ae84c0, 0x00000179b6aea068]
Event: 21.287 Thread 0x0000017a12438560 2681       1       sun.nio.fs.WindowsFileSystem::provider (5 bytes)
Event: 21.288 Thread 0x0000017a12438560 nmethod 2681 0x00000179be2a8d10 code [0x00000179be2a8ea0, 0x00000179be2a8f68]
Event: 21.290 Thread 0x0000017a1243a0a0 nmethod 2668 0x00000179be2a9010 code [0x00000179be2a91a0, 0x00000179be2a93b0]

GC Heap History (8 events):
Event: 1.343 GC heap before
{Heap before GC invocations=1 (full 0):
 PSYoungGen      total 29696K, used 25600K [0x00000000d5580000, 0x00000000d7680000, 0x0000000100000000)
  eden space 25600K, 100% used [0x00000000d5580000,0x00000000d6e80000,0x00000000d6e80000)
  from space 4096K, 0% used [0x00000000d7280000,0x00000000d7280000,0x00000000d7680000)
  to   space 4096K, 0% used [0x00000000d6e80000,0x00000000d6e80000,0x00000000d7280000)
 ParOldGen       total 68608K, used 0K [0x0000000080000000, 0x0000000084300000, 0x00000000d5580000)
  object space 68608K, 0% used [0x0000000080000000,0x0000000080000000,0x0000000084300000)
 Metaspace       used 4156K, committed 4416K, reserved 1114112K
  class space    used 453K, committed 576K, reserved 1048576K
}
Event: 1.355 GC heap after
{Heap after GC invocations=1 (full 0):
 PSYoungGen      total 29696K, used 3675K [0x00000000d5580000, 0x00000000d7680000, 0x0000000100000000)
  eden space 25600K, 0% used [0x00000000d5580000,0x00000000d5580000,0x00000000d6e80000)
  from space 4096K, 89% used [0x00000000d6e80000,0x00000000d7216fe0,0x00000000d7280000)
  to   space 4096K, 0% used [0x00000000d7280000,0x00000000d7280000,0x00000000d7680000)
 ParOldGen       total 68608K, used 16K [0x0000000080000000, 0x0000000084300000, 0x00000000d5580000)
  object space 68608K, 0% used [0x0000000080000000,0x0000000080004000,0x0000000084300000)
 Metaspace       used 4156K, committed 4416K, reserved 1114112K
  class space    used 453K, committed 576K, reserved 1048576K
}
Event: 6.465 GC heap before
{Heap before GC invocations=2 (full 0):
 PSYoungGen      total 29696K, used 29275K [0x00000000d5580000, 0x00000000d7680000, 0x0000000100000000)
  eden space 25600K, 100% used [0x00000000d5580000,0x00000000d6e80000,0x00000000d6e80000)
  from space 4096K, 89% used [0x00000000d6e80000,0x00000000d7216fe0,0x00000000d7280000)
  to   space 4096K, 0% used [0x00000000d7280000,0x00000000d7280000,0x00000000d7680000)
 ParOldGen       total 68608K, used 16K [0x0000000080000000, 0x0000000084300000, 0x00000000d5580000)
  object space 68608K, 0% used [0x0000000080000000,0x0000000080004000,0x0000000084300000)
 Metaspace       used 7971K, committed 8256K, reserved 1114112K
  class space    used 829K, committed 960K, reserved 1048576K
}
Event: 6.475 GC heap after
{Heap after GC invocations=2 (full 0):
 PSYoungGen      total 29696K, used 4070K [0x00000000d5580000, 0x00000000d7680000, 0x0000000100000000)
  eden space 25600K, 0% used [0x00000000d5580000,0x00000000d5580000,0x00000000d6e80000)
  from space 4096K, 99% used [0x00000000d7280000,0x00000000d7679800,0x00000000d7680000)
  to   space 4096K, 0% used [0x00000000d6e80000,0x00000000d6e80000,0x00000000d7280000)
 ParOldGen       total 68608K, used 1087K [0x0000000080000000, 0x0000000084300000, 0x00000000d5580000)
  object space 68608K, 1% used [0x0000000080000000,0x000000008010fe50,0x0000000084300000)
 Metaspace       used 7971K, committed 8256K, reserved 1114112K
  class space    used 829K, committed 960K, reserved 1048576K
}
Event: 20.083 GC heap before
{Heap before GC invocations=3 (full 0):
 PSYoungGen      total 29696K, used 29670K [0x00000000d5580000, 0x00000000d7680000, 0x0000000100000000)
  eden space 25600K, 100% used [0x00000000d5580000,0x00000000d6e80000,0x00000000d6e80000)
  from space 4096K, 99% used [0x00000000d7280000,0x00000000d7679800,0x00000000d7680000)
  to   space 4096K, 0% used [0x00000000d6e80000,0x00000000d6e80000,0x00000000d7280000)
 ParOldGen       total 68608K, used 1087K [0x0000000080000000, 0x0000000084300000, 0x00000000d5580000)
  object space 68608K, 1% used [0x0000000080000000,0x000000008010fe50,0x0000000084300000)
 Metaspace       used 12783K, committed 13312K, reserved 1114112K
  class space    used 1352K, committed 1600K, reserved 1048576K
}
Event: 20.091 GC heap after
{Heap after GC invocations=3 (full 0):
 PSYoungGen      total 29696K, used 4092K [0x00000000d5580000, 0x00000000d7680000, 0x0000000100000000)
  eden space 25600K, 0% used [0x00000000d5580000,0x00000000d5580000,0x00000000d6e80000)
  from space 4096K, 99% used [0x00000000d6e80000,0x00000000d727f098,0x00000000d7280000)
  to   space 4096K, 0% used [0x00000000d7280000,0x00000000d7280000,0x00000000d7680000)
 ParOldGen       total 68608K, used 2640K [0x0000000080000000, 0x0000000084300000, 0x00000000d5580000)
  object space 68608K, 3% used [0x0000000080000000,0x0000000080294238,0x0000000084300000)
 Metaspace       used 12783K, committed 13312K, reserved 1114112K
  class space    used 1352K, committed 1600K, reserved 1048576K
}
Event: 21.041 GC heap before
{Heap before GC invocations=4 (full 0):
 PSYoungGen      total 29696K, used 29692K [0x00000000d5580000, 0x00000000d7680000, 0x0000000100000000)
  eden space 25600K, 100% used [0x00000000d5580000,0x00000000d6e80000,0x00000000d6e80000)
  from space 4096K, 99% used [0x00000000d6e80000,0x00000000d727f098,0x00000000d7280000)
  to   space 4096K, 0% used [0x00000000d7280000,0x00000000d7280000,0x00000000d7680000)
 ParOldGen       total 68608K, used 2640K [0x0000000080000000, 0x0000000084300000, 0x00000000d5580000)
  object space 68608K, 3% used [0x0000000080000000,0x0000000080294238,0x0000000084300000)
 Metaspace       used 14971K, committed 15552K, reserved 1114112K
  class space    used 1569K, committed 1792K, reserved 1048576K
}
Event: 21.058 GC heap after
{Heap after GC invocations=4 (full 0):
 PSYoungGen      total 29696K, used 4064K [0x00000000d5580000, 0x00000000d7680000, 0x0000000100000000)
  eden space 25600K, 0% used [0x00000000d5580000,0x00000000d5580000,0x00000000d6e80000)
  from space 4096K, 99% used [0x00000000d7280000,0x00000000d76780f8,0x00000000d7680000)
  to   space 4096K, 0% used [0x00000000d6e80000,0x00000000d6e80000,0x00000000d7280000)
 ParOldGen       total 68608K, used 11118K [0x0000000080000000, 0x0000000084300000, 0x00000000d5580000)
  object space 68608K, 16% used [0x0000000080000000,0x0000000080adbb40,0x0000000084300000)
 Metaspace       used 14971K, committed 15552K, reserved 1114112K
  class space    used 1569K, committed 1792K, reserved 1048576K
}

Dll operation events (10 events):
Event: 0.166 Loaded shared library c:\Users\USER\.antigravity\extensions\redhat.java-1.54.0-win32-x64\jre\21.0.10-win32-x86_64\bin\java.dll
Event: 0.257 Loaded shared library c:\Users\USER\.antigravity\extensions\redhat.java-1.54.0-win32-x64\jre\21.0.10-win32-x86_64\bin\zip.dll
Event: 0.285 Loaded shared library C:\Users\USER\.antigravity\extensions\redhat.java-1.54.0-win32-x64\jre\21.0.10-win32-x86_64\bin\instrument.dll
Event: 0.365 Loaded shared library C:\Users\USER\.antigravity\extensions\redhat.java-1.54.0-win32-x64\jre\21.0.10-win32-x86_64\bin\net.dll
Event: 0.447 Loaded shared library C:\Users\USER\.antigravity\extensions\redhat.java-1.54.0-win32-x64\jre\21.0.10-win32-x86_64\bin\nio.dll
Event: 0.451 Loaded shared library C:\Users\USER\.antigravity\extensions\redhat.java-1.54.0-win32-x64\jre\21.0.10-win32-x86_64\bin\zip.dll
Event: 0.474 Loaded shared library C:\Users\USER\.antigravity\extensions\redhat.java-1.54.0-win32-x64\jre\21.0.10-win32-x86_64\bin\jimage.dll
Event: 0.640 Loaded shared library c:\Users\USER\.antigravity\extensions\redhat.java-1.54.0-win32-x64\jre\21.0.10-win32-x86_64\bin\verify.dll
Event: 18.968 Loaded shared library C:\Users\USER\AppData\Roaming\Antigravity\User\globalStorage\redhat.java\1.54.0\config_ss_win\org.eclipse.equinox.launcher\org.eclipse.equinox.launcher.win32.win32.x86_64_1.3.0.v20260203-2149\eclipse_11919.dll
Event: 21.217 Loaded shared library C:\Users\USER\AppData\Local\Temp\jna-2614219\jna11960116800394237933.dll

Deoptimization events (20 events):
Event: 20.734 Thread 0x0000017a12032b90 Uncommon trap: trap_request=0xffffff45 fr.pc=0x00000179be28ba3c relative=0x000000000000009c
Event: 20.734 Thread 0x0000017a12032b90 Uncommon trap: reason=unstable_if action=reinterpret pc=0x00000179be28ba3c method=org.eclipse.core.runtime.Path.<init>(Ljava/lang/String;[Ljava/lang/String;I)V @ 9 c2
Event: 20.734 Thread 0x0000017a12032b90 DEOPT PACKING pc=0x00000179be28ba3c sp=0x000000380aaf94e0
Event: 20.734 Thread 0x0000017a12032b90 DEOPT UNPACKING pc=0x00000179bda93aa2 sp=0x000000380aaf9488 mode 2
Event: 20.800 Thread 0x0000017a12032b90 Uncommon trap: trap_request=0xffffff45 fr.pc=0x00000179be20b604 relative=0x00000000000005c4
Event: 20.800 Thread 0x0000017a12032b90 Uncommon trap: reason=unstable_if action=reinterpret pc=0x00000179be20b604 method=java.io.BufferedInputStream.implRead([BII)I @ 55 c2
Event: 20.800 Thread 0x0000017a12032b90 DEOPT PACKING pc=0x00000179be20b604 sp=0x000000380aaf8e60
Event: 20.800 Thread 0x0000017a12032b90 DEOPT UNPACKING pc=0x00000179bda93aa2 sp=0x000000380aaf8e38 mode 2
Event: 20.983 Thread 0x0000017a12032b90 Uncommon trap: trap_request=0xffffff45 fr.pc=0x00000179be1c7990 relative=0x0000000000000670
Event: 20.983 Thread 0x0000017a12032b90 Uncommon trap: reason=unstable_if action=reinterpret pc=0x00000179be1c7990 method=java.lang.String.replace(Ljava/lang/CharSequence;Ljava/lang/CharSequence;)Ljava/lang/String; @ 42 c2
Event: 20.983 Thread 0x0000017a12032b90 DEOPT PACKING pc=0x00000179be1c7990 sp=0x000000380aaf7720
Event: 20.983 Thread 0x0000017a12032b90 DEOPT UNPACKING pc=0x00000179bda93aa2 sp=0x000000380aaf76a0 mode 2
Event: 21.274 Thread 0x0000017a12032b90 Uncommon trap: trap_request=0xffffffc6 fr.pc=0x00000179be246bc0 relative=0x0000000000000b40
Event: 21.274 Thread 0x0000017a12032b90 Uncommon trap: reason=bimorphic_or_optimized_type_check action=maybe_recompile pc=0x00000179be246bc0 method=java.util.HashMap.putVal(ILjava/lang/Object;Ljava/lang/Object;ZZ)Ljava/lang/Object; @ 91 c2
Event: 21.274 Thread 0x0000017a12032b90 DEOPT PACKING pc=0x00000179be246bc0 sp=0x000000380aaf7d60
Event: 21.274 Thread 0x0000017a12032b90 DEOPT UNPACKING pc=0x00000179bda93aa2 sp=0x000000380aaf7cf0 mode 2
Event: 21.287 Thread 0x0000017a12032b90 Uncommon trap: trap_request=0xffffffde fr.pc=0x00000179be28e214 relative=0x0000000000000374
Event: 21.287 Thread 0x0000017a12032b90 Uncommon trap: reason=class_check action=maybe_recompile pc=0x00000179be28e214 method=java.io.FilterInputStream.read()I @ 4 c2
Event: 21.287 Thread 0x0000017a12032b90 DEOPT PACKING pc=0x00000179be28e214 sp=0x000000380aaf94f0
Event: 21.287 Thread 0x0000017a12032b90 DEOPT UNPACKING pc=0x00000179bda93aa2 sp=0x000000380aaf94a0 mode 2

Classes loaded (20 events):
Event: 21.220 Loading class java/nio/FloatBuffer
Event: 21.221 Loading class java/nio/FloatBuffer done
Event: 21.221 Loading class java/nio/DoubleBuffer
Event: 21.221 Loading class java/nio/DoubleBuffer done
Event: 21.221 Loading class jdk/internal/loader/NativeLibraries$Unloader
Event: 21.222 Loading class jdk/internal/loader/NativeLibraries$Unloader done
Event: 21.247 Loading class java/lang/annotation/Documented
Event: 21.247 Loading class java/lang/annotation/Documented done
Event: 21.249 Loading class java/lang/reflect/UndeclaredThrowableException
Event: 21.249 Loading class java/lang/reflect/UndeclaredThrowableException done
Event: 21.249 Loading class java/lang/Class$AnnotationData
Event: 21.250 Loading class java/lang/Class$AnnotationData done
Event: 21.250 Loading class jdk/internal/reflect/MethodHandleIntegerFieldAccessorImpl
Event: 21.251 Loading class jdk/internal/reflect/MethodHandleIntegerFieldAccessorImpl done
Event: 21.261 Loading class java/io/PrintWriter
Event: 21.262 Loading class java/io/PrintWriter done
Event: 21.273 Loading class jdk/internal/reflect/MethodHandleShortFieldAccessorImpl
Event: 21.273 Loading class jdk/internal/reflect/MethodHandleShortFieldAccessorImpl done
Event: 21.273 Loading class java/lang/Short$ShortCache
Event: 21.274 Loading class java/lang/Short$ShortCache done

Classes unloaded (0 events):
No events

Classes redefined (0 events):
No events

Internal exceptions (20 events):
Event: 18.968 Thread 0x0000017a12032b90 Exception <a 'java/lang/NullPointerException'{0x00000000d59b9198}> (0x00000000d59b9198) 
thrown [s\src\hotspot\share\interpreter\linkResolver.cpp, line 1372]
Event: 19.324 Thread 0x0000017a12032b90 Exception <a 'java/lang/NoSuchMethodError'{0x00000000d62ad8b8}: 'long java.lang.invoke.DirectMethodHandle$Holder.invokeSpecial(java.lang.Object, java.lang.Object)'> (0x00000000d62ad8b8) 
thrown [s\src\hotspot\share\interpreter\linkResolver.cpp, line 773]
Event: 19.572 Thread 0x0000017a12032b90 Exception <a 'java/io/FileNotFoundException'{0x00000000d64986f0}> (0x00000000d64986f0) 
thrown [s\src\hotspot\share\prims\jni.cpp, line 520]
Event: 19.809 Thread 0x0000017a12032b90 Exception <a 'java/lang/NoSuchMethodError'{0x00000000d67ca848}: 'java.lang.Object java.lang.invoke.Invokers$Holder.linkToTargetMethod(java.lang.Object, long, java.lang.Object)'> (0x00000000d67ca848) 
thrown [s\src\hotspot\share\interpreter\linkResolver.cpp, line 773]
Event: 19.978 Thread 0x0000017a12032b90 Exception <a 'java/lang/NoSuchMethodError'{0x00000000d6b51ce0}: 'void java.lang.invoke.DirectMethodHandle$Holder.invokeInterface(java.lang.Object, java.lang.Object, java.lang.Object)'> (0x00000000d6b51ce0) 
thrown [s\src\hotspot\share\interpreter\linkResolver.cpp, line 773]
Event: 20.043 Thread 0x0000017a12032b90 Exception <a 'java/lang/NoSuchMethodError'{0x00000000d6d63d68}: 'void java.lang.invoke.Invokers$Holder.invokeExact_MT(java.lang.Object, java.lang.Object, java.lang.Object)'> (0x00000000d6d63d68) 
thrown [s\src\hotspot\share\interpreter\linkResolver.cpp, line 773]
Event: 20.172 Thread 0x0000017a12032b90 Exception <a 'java/lang/NoSuchMethodError'{0x00000000d57afbb8}: 'java.lang.Object java.lang.invoke.DirectMethodHandle$Holder.invokeVirtual(java.lang.Object, java.lang.Object, java.lang.Object)'> (0x00000000d57afbb8) 
thrown [s\src\hotspot\share\interpreter\linkResolver.cpp, line 773]
Event: 20.176 Thread 0x0000017a12032b90 Exception <a 'java/lang/NoSuchMethodError'{0x00000000d57c7f50}: 'java.lang.Object java.lang.invoke.DelegatingMethodHandle$Holder.reinvoke_L(java.lang.Object, java.lang.Object, java.lang.Object, java.lang.Object, int, int)'> (0x00000000d57c7f50) 
thrown [s\src\hotspot\share\interpreter\linkResolver.cpp, line 773]
Event: 20.183 Thread 0x0000017a12032b90 Exception <a 'java/lang/NoSuchMethodError'{0x00000000d57f4e80}: 'java.lang.Object java.lang.invoke.DirectMethodHandle$Holder.newInvokeSpecial(java.lang.Object, java.lang.Object, java.lang.Object, java.lang.Object, java.lang.Object, java.lang.Object)'> (0x00000000d57f4e80) 
thrown [s\src\hotspot\share\interpreter\linkResolver.cpp, line 773]
Event: 20.189 Thread 0x0000017a12032b90 Exception <a 'java/lang/NoSuchMethodError'{0x00000000d58212d0}: 'void java.lang.invoke.Invokers$Holder.invokeExact_MT(java.lang.Object, java.lang.Object, java.lang.Object, java.lang.Object)'> (0x00000000d58212d0) 
thrown [s\src\hotspot\share\interpreter\linkResolver.cpp, line 773]
Event: 20.338 Thread 0x0000017a12032b90 Exception <a 'java/io/FileNotFoundException'{0x00000000d5c47a18}> (0x00000000d5c47a18) 
thrown [s\src\hotspot\share\prims\jni.cpp, line 520]
Event: 20.339 Thread 0x0000017a12032b90 Exception <a 'java/io/FileNotFoundException'{0x00000000d5c4ef98}> (0x00000000d5c4ef98) 
thrown [s\src\hotspot\share\prims\jni.cpp, line 520]
Event: 20.595 Thread 0x0000017a12032b90 Exception <a 'java/lang/NoSuchMethodError'{0x00000000d69e7150}: 'java.lang.Object java.lang.invoke.DirectMethodHandle$Holder.newInvokeSpecial(java.lang.Object, java.lang.Object, java.lang.Object, java.lang.Object, java.lang.Object)'> (0x00000000d69e7150) 
thrown [s\src\hotspot\share\interpreter\linkResolver.cpp, line 773]
Event: 20.745 Thread 0x0000017a12032b90 Exception <a 'java/lang/NoSuchMethodError'{0x00000000d6b69018}: 'java.lang.Object java.lang.invoke.DirectMethodHandle$Holder.invokeStaticInit(java.lang.Object, int)'> (0x00000000d6b69018) 
thrown [s\src\hotspot\share\interpreter\linkResolver.cpp, line 773]
Event: 20.999 Thread 0x0000017a12032b90 Exception <a 'java/lang/NoSuchMethodError'{0x00000000d6e33f28}: 'java.lang.Object java.lang.invoke.DirectMethodHandle$Holder.invokeStaticInit(java.lang.Object, int, int, int, int)'> (0x00000000d6e33f28) 
thrown [s\src\hotspot\share\interpreter\linkResolver.cpp, line 773]
Event: 21.094 Thread 0x0000017a12032b90 Exception <a 'java/lang/NoSuchMethodError'{0x00000000d56b8958}: 'java.lang.Object java.lang.invoke.DirectMethodHandle$Holder.invokeStaticInit(java.lang.Object, java.lang.Object, int, int, int, int)'> (0x00000000d56b8958) 
thrown [s\src\hotspot\share\interpreter\linkResolver.cpp, line 773]
Event: 21.251 Thread 0x0000017a12032b90 Exception <a 'java/lang/NoSuchMethodError'{0x00000000d57c14d0}: 'void java.lang.invoke.DirectMethodHandle$Holder.invokeSpecial(java.lang.Object, java.lang.Object, java.lang.Object, int)'> (0x00000000d57c14d0) 
thrown [s\src\hotspot\share\interpreter\linkResolver.cpp, line 773]
Event: 21.251 Thread 0x0000017a12032b90 Exception <a 'java/lang/NoSuchMethodError'{0x00000000d57c4e60}: 'void java.lang.invoke.DelegatingMethodHandle$Holder.reinvoke_L(java.lang.Object, java.lang.Object, int)'> (0x00000000d57c4e60) 
thrown [s\src\hotspot\share\interpreter\linkResolver.cpp, line 773]
Event: 21.252 Thread 0x0000017a12032b90 Exception <a 'java/lang/NoSuchMethodError'{0x00000000d57cbb48}: 'int java.lang.invoke.Invokers$Holder.invokeExact_MT(java.lang.Object, java.lang.Object, java.lang.Object)'> (0x00000000d57cbb48) 
thrown [s\src\hotspot\share\interpreter\linkResolver.cpp, line 773]
Event: 21.275 Thread 0x0000017a12032b90 Exception <a 'java/lang/NoSuchMethodError'{0x00000000d58d9e60}: 'void java.lang.invoke.Invokers$Holder.invokeExact_MT(java.lang.Object, java.lang.Object, int, java.lang.Object)'> (0x00000000d58d9e60) 
thrown [s\src\hotspot\share\interpreter\linkResolver.cpp, line 773]

ZGC Phase Switch (0 events):
No events

VM Operations (20 events):
Event: 6.465 Executing safepoint VM operation: ParallelGCFailedAllocation (Allocation Failure)
Event: 6.475 Executing safepoint VM operation: ParallelGCFailedAllocation (Allocation Failure) done
Event: 19.143 Executing non-safepoint VM operation: HandshakeAllThreads (Deoptimize)
Event: 19.143 Executing non-safepoint VM operation: HandshakeAllThreads (Deoptimize) done
Event: 19.143 Executing safepoint VM operation: Cleanup
Event: 19.143 Executing safepoint VM operation: Cleanup done
Event: 19.922 Executing non-safepoint VM operation: HandshakeAllThreads (Deoptimize)
Event: 19.922 Executing non-safepoint VM operation: HandshakeAllThreads (Deoptimize) done
Event: 20.083 Executing safepoint VM operation: ParallelGCFailedAllocation (Allocation Failure)
Event: 20.091 Executing safepoint VM operation: ParallelGCFailedAllocation (Allocation Failure) done
Event: 20.283 Executing non-safepoint VM operation: HandshakeAllThreads (Deoptimize)
Event: 20.283 Executing non-safepoint VM operation: HandshakeAllThreads (Deoptimize) done
Event: 20.296 Executing non-safepoint VM operation: HandshakeAllThreads (Deoptimize)
Event: 20.296 Executing non-safepoint VM operation: HandshakeAllThreads (Deoptimize) done
Event: 20.323 Executing non-safepoint VM operation: HandshakeAllThreads (Deoptimize)
Event: 20.323 Executing non-safepoint VM operation: HandshakeAllThreads (Deoptimize) done
Event: 21.041 Executing safepoint VM operation: ParallelGCFailedAllocation (Allocation Failure)
Event: 21.058 Executing safepoint VM operation: ParallelGCFailedAllocation (Allocation Failure) done
Event: 21.231 Executing non-safepoint VM operation: HandshakeAllThreads (Deoptimize)
Event: 21.231 Executing non-safepoint VM operation: HandshakeAllThreads (Deoptimize) done

Memory protections (0 events):
No events

Nmethod flushes (0 events):
No events

Events (20 events):
Event: 3.479 Thread 0x0000017a0c614180 Thread exited: 0x0000017a0c614180
Event: 8.392 Thread 0x0000017a0c6133e0 Thread exited: 0x0000017a0c6133e0
Event: 18.848 Thread 0x00000179b33ea0e0 Thread added: 0x0000017a12031d10
Event: 18.865 Thread 0x00000179b33ea0e0 Thread added: 0x0000017a12032b90
Event: 19.126 Thread 0x0000017a12032b90 Thread added: 0x0000017a121ded90
Event: 19.150 Thread 0x0000017a0c4a9240 Thread added: 0x0000017a12437e90
Event: 19.151 Thread 0x0000017a12437e90 Thread added: 0x0000017a12438c30
Event: 19.337 Thread 0x0000017a12437e90 Thread added: 0x0000017a1243b510
Event: 19.337 Thread 0x0000017a12437e90 Thread added: 0x0000017a12438560
Event: 19.919 Thread 0x0000017a12438560 Thread exited: 0x0000017a12438560
Event: 19.919 Thread 0x0000017a1243b510 Thread exited: 0x0000017a1243b510
Event: 19.994 Thread 0x0000017a12032b90 Thread added: 0x0000017a0c747420
Event: 20.105 Thread 0x0000017a0c4a9240 Thread added: 0x0000017a12438560
Event: 20.304 Thread 0x0000017a12438c30 Thread added: 0x0000017a1243ae40
Event: 20.506 Thread 0x0000017a12438560 Thread added: 0x0000017a124399d0
Event: 20.507 Thread 0x0000017a12438560 Thread added: 0x0000017a1243a0a0
Event: 20.520 Thread 0x0000017a12437e90 Thread added: 0x0000017a1243a770
Event: 20.525 Thread 0x0000017a0c4a9240 Thread added: 0x0000017a1243b510
Event: 21.227 Thread 0x0000017a1243b510 Thread exited: 0x0000017a1243b510
Event: 21.259 Thread 0x0000017a12032b90 Thread added: 0x0000017a121bf350


Dynamic libraries:
0x00007ff617670000 - 0x00007ff61767e000 	c:\Users\USER\.antigravity\extensions\redhat.java-1.54.0-win32-x64\jre\21.0.10-win32-x86_64\bin\java.exe
0x00007ffc5a6a0000 - 0x00007ffc5a907000 	C:\WINDOWS\SYSTEM32\ntdll.dll
0x00007ffc58bc0000 - 0x00007ffc58c89000 	C:\WINDOWS\System32\KERNEL32.DLL
0x00007ffc575a0000 - 0x00007ffc57994000 	C:\WINDOWS\System32\KERNELBASE.dll
0x00007ffc57160000 - 0x00007ffc572ab000 	C:\WINDOWS\System32\ucrtbase.dll
0x00007ffc02220000 - 0x00007ffc0223e000 	c:\Users\USER\.antigravity\extensions\redhat.java-1.54.0-win32-x64\jre\21.0.10-win32-x86_64\bin\VCRUNTIME140.dll
0x00007ffbfb720000 - 0x00007ffbfb738000 	c:\Users\USER\.antigravity\extensions\redhat.java-1.54.0-win32-x64\jre\21.0.10-win32-x86_64\bin\jli.dll
0x00007ffc58c90000 - 0x00007ffc58e55000 	C:\WINDOWS\System32\USER32.dll
0x00007ffc579a0000 - 0x00007ffc579c7000 	C:\WINDOWS\System32\win32u.dll
0x00007ffc40130000 - 0x00007ffc403c3000 	C:\WINDOWS\WinSxS\amd64_microsoft.windows.common-controls_6595b64144ccf1df_6.0.26100.8115_none_3e075c82e3354f9c\COMCTL32.dll
0x00007ffc58fd0000 - 0x00007ffc58ffb000 	C:\WINDOWS\System32\GDI32.dll
0x00007ffc58e60000 - 0x00007ffc58f09000 	C:\WINDOWS\System32\msvcrt.dll
0x00007ffc57030000 - 0x00007ffc5715b000 	C:\WINDOWS\System32\gdi32full.dll
0x00007ffc58380000 - 0x00007ffc58423000 	C:\WINDOWS\System32\msvcp_win.dll
0x00007ffc59000000 - 0x00007ffc59032000 	C:\WINDOWS\System32\IMM32.DLL
0x00007ffc199e0000 - 0x00007ffc199ec000 	c:\Users\USER\.antigravity\extensions\redhat.java-1.54.0-win32-x64\jre\21.0.10-win32-x86_64\bin\vcruntime140_1.dll
0x00007ffbbc9b0000 - 0x00007ffbbca3d000 	c:\Users\USER\.antigravity\extensions\redhat.java-1.54.0-win32-x64\jre\21.0.10-win32-x86_64\bin\msvcp140.dll
0x00007ffbaeff0000 - 0x00007ffbafd91000 	c:\Users\USER\.antigravity\extensions\redhat.java-1.54.0-win32-x64\jre\21.0.10-win32-x86_64\bin\server\jvm.dll
0x00007ffc58490000 - 0x00007ffc58546000 	C:\WINDOWS\System32\ADVAPI32.dll
0x00007ffc58ad0000 - 0x00007ffc58b77000 	C:\WINDOWS\System32\sechost.dll
0x00007ffc5a440000 - 0x00007ffc5a558000 	C:\WINDOWS\System32\RPCRT4.dll
0x00007ffc5a2b0000 - 0x00007ffc5a330000 	C:\WINDOWS\System32\WS2_32.dll
0x00007ffc55b70000 - 0x00007ffc55bce000 	C:\WINDOWS\SYSTEM32\POWRPROF.dll
0x00007ffc4ddb0000 - 0x00007ffc4dde6000 	C:\WINDOWS\SYSTEM32\WINMM.dll
0x00007ffc50100000 - 0x00007ffc5010b000 	C:\WINDOWS\SYSTEM32\VERSION.dll
0x00007ffc55b50000 - 0x00007ffc55b64000 	C:\WINDOWS\SYSTEM32\UMPDC.dll
0x00007ffc55e20000 - 0x00007ffc55e3b000 	C:\WINDOWS\SYSTEM32\kernel.appcore.dll
0x00007ffc18270000 - 0x00007ffc1827a000 	c:\Users\USER\.antigravity\extensions\redhat.java-1.54.0-win32-x64\jre\21.0.10-win32-x86_64\bin\jimage.dll
0x00007ffc54c20000 - 0x00007ffc54e62000 	C:\WINDOWS\SYSTEM32\DBGHELP.DLL
0x00007ffc58650000 - 0x00007ffc589d2000 	C:\WINDOWS\System32\combase.dll
0x00007ffc589e0000 - 0x00007ffc58ab8000 	C:\WINDOWS\System32\OLEAUT32.dll
0x00007ffc22bd0000 - 0x00007ffc22c0b000 	C:\WINDOWS\SYSTEM32\dbgcore.DLL
0x00007ffc57a60000 - 0x00007ffc57b05000 	C:\WINDOWS\System32\bcryptPrimitives.dll
0x00007ffc15d90000 - 0x00007ffc15d9f000 	c:\Users\USER\.antigravity\extensions\redhat.java-1.54.0-win32-x64\jre\21.0.10-win32-x86_64\bin\instrument.dll
0x00007ffbf1700000 - 0x00007ffbf1720000 	c:\Users\USER\.antigravity\extensions\redhat.java-1.54.0-win32-x64\jre\21.0.10-win32-x86_64\bin\java.dll
0x00007ffc59b40000 - 0x00007ffc5a2a7000 	C:\WINDOWS\System32\SHELL32.dll
0x00007ffc57430000 - 0x00007ffc5759a000 	C:\WINDOWS\System32\wintypes.dll
0x00007ffc57b10000 - 0x00007ffc58378000 	C:\WINDOWS\System32\windows.storage.dll
0x00007ffc59220000 - 0x00007ffc59318000 	C:\WINDOWS\System32\SHCORE.dll
0x00007ffc5a5e0000 - 0x00007ffc5a646000 	C:\WINDOWS\System32\shlwapi.dll
0x00007ffc56e90000 - 0x00007ffc56eb9000 	C:\WINDOWS\SYSTEM32\profapi.dll
0x00007ffbd71d0000 - 0x00007ffbd71e8000 	c:\Users\USER\.antigravity\extensions\redhat.java-1.54.0-win32-x64\jre\21.0.10-win32-x86_64\bin\zip.dll
0x00007ffc15d30000 - 0x00007ffc15d40000 	C:\Users\USER\.antigravity\extensions\redhat.java-1.54.0-win32-x64\jre\21.0.10-win32-x86_64\bin\net.dll
0x00007ffc50ad0000 - 0x00007ffc50bfd000 	C:\WINDOWS\SYSTEM32\WINHTTP.dll
0x00007ffc56390000 - 0x00007ffc563fc000 	C:\WINDOWS\system32\mswsock.dll
0x00007ffbd6eb0000 - 0x00007ffbd6ec6000 	C:\Users\USER\.antigravity\extensions\redhat.java-1.54.0-win32-x64\jre\21.0.10-win32-x86_64\bin\nio.dll
0x00007ffc15cc0000 - 0x00007ffc15cd0000 	c:\Users\USER\.antigravity\extensions\redhat.java-1.54.0-win32-x64\jre\21.0.10-win32-x86_64\bin\verify.dll
0x00007ffbcee20000 - 0x00007ffbcee65000 	C:\Users\USER\AppData\Roaming\Antigravity\User\globalStorage\redhat.java\1.54.0\config_ss_win\org.eclipse.equinox.launcher\org.eclipse.equinox.launcher.win32.win32.x86_64_1.3.0.v20260203-2149\eclipse_11919.dll
0x00007ffc59510000 - 0x00007ffc596a7000 	C:\WINDOWS\System32\ole32.dll
0x00007ffc56680000 - 0x00007ffc5669b000 	C:\WINDOWS\SYSTEM32\CRYPTSP.dll
0x00007ffc55d80000 - 0x00007ffc55db9000 	C:\WINDOWS\system32\rsaenh.dll
0x00007ffc56440000 - 0x00007ffc56473000 	C:\WINDOWS\SYSTEM32\USERENV.dll
0x00007ffc56e60000 - 0x00007ffc56e8a000 	C:\WINDOWS\SYSTEM32\bcrypt.dll
0x00007ffc56670000 - 0x00007ffc5667c000 	C:\WINDOWS\SYSTEM32\CRYPTBASE.dll
0x00007ffc557c0000 - 0x00007ffc557f2000 	C:\WINDOWS\SYSTEM32\IPHLPAPI.DLL
0x00007ffc58640000 - 0x00007ffc5864a000 	C:\WINDOWS\System32\NSI.dll
0x00007ffbc2db0000 - 0x00007ffbc2df9000 	C:\Users\USER\AppData\Local\Temp\jna-2614219\jna11960116800394237933.dll
0x00007ffc58ac0000 - 0x00007ffc58ac8000 	C:\WINDOWS\System32\PSAPI.DLL

JVMTI agents:
c:\Users\USER\.antigravity\extensions\redhat.java-1.54.0-win32-x64\lombok\lombok-1.18.39-4050.jar path:c:\Users\USER\.antigravity\extensions\redhat.java-1.54.0-win32-x64\jre\21.0.10-win32-x86_64\bin\instrument.dll, loaded, initialized, instrumentlib options:none

dbghelp: loaded successfully - version: 4.0.5 - missing functions: none
symbol engine: initialized successfully - sym options: 0x614 - pdb path: .;c:\Users\USER\.antigravity\extensions\redhat.java-1.54.0-win32-x64\jre\21.0.10-win32-x86_64\bin;C:\WINDOWS\SYSTEM32;C:\WINDOWS\WinSxS\amd64_microsoft.windows.common-controls_6595b64144ccf1df_6.0.26100.8115_none_3e075c82e3354f9c;c:\Users\USER\.antigravity\extensions\redhat.java-1.54.0-win32-x64\jre\21.0.10-win32-x86_64\bin\server;C:\Users\USER\AppData\Roaming\Antigravity\User\globalStorage\redhat.java\1.54.0\config_ss_win\org.eclipse.equinox.launcher\org.eclipse.equinox.launcher.win32.win32.x86_64_1.3.0.v20260203-2149;C:\Users\USER\AppData\Local\Temp\jna-2614219

VM Arguments:
jvm_args: --add-modules=ALL-SYSTEM --add-opens=java.base/java.util=ALL-UNNAMED --add-opens=java.base/java.lang=ALL-UNNAMED --add-opens=java.base/sun.nio.fs=ALL-UNNAMED -Declipse.application=org.eclipse.jdt.ls.core.id1 -Dosgi.bundles.defaultStartLevel=4 -Declipse.product=org.eclipse.jdt.ls.core.product -Djava.import.generatesMetadataFilesAtProjectRoot=false -DDetectVMInstallationsJob.disabled=true -Dfile.encoding=utf8 -XX:+UseParallelGC -XX:GCTimeRatio=4 -XX:AdaptiveSizePolicyWeight=90 -Dsun.zip.disableMemoryMapping=true -Xmx2G -Xms100m -Xlog:disable -javaagent:c:\Users\USER\.antigravity\extensions\redhat.java-1.54.0-win32-x64\lombok\lombok-1.18.39-4050.jar 
java_command: c:\Users\USER\.antigravity\extensions\redhat.java-1.54.0-win32-x64\server\plugins\org.eclipse.equinox.launcher_1.7.100.v20251111-0406.jar -configuration c:\Users\USER\AppData\Roaming\Antigravity\User\globalStorage\redhat.java\1.54.0\config_ss_win -data c:\Users\USER\AppData\Roaming\Antigravity\User\workspaceStorage\b2008296fa39ba4f4d5c3c75dc19f26c\redhat.java\ss_ws --pipe=\\.\pipe\lsp-c908b33f10ab78274ecc142cd22e4964-sock
java_class_path (initial): c:\Users\USER\.antigravity\extensions\redhat.java-1.54.0-win32-x64\server\plugins\org.eclipse.equinox.launcher_1.7.100.v20251111-0406.jar
Launcher Type: SUN_STANDARD

[Global flags]
    uintx AdaptiveSizePolicyWeight                 = 90                                        {product} {command line}
     intx CICompilerCount                          = 12                                        {product} {ergonomic}
    uintx GCTimeRatio                              = 4                                         {product} {command line}
   size_t InitialHeapSize                          = 104857600                                 {product} {command line}
   size_t MaxHeapSize                              = 2147483648                                {product} {command line}
   size_t MaxNewSize                               = 715653120                                 {product} {ergonomic}
   size_t MinHeapDeltaBytes                        = 524288                                    {product} {ergonomic}
   size_t MinHeapSize                              = 104857600                                 {product} {command line}
   size_t NewSize                                  = 34603008                                  {product} {ergonomic}
    uintx NonNMethodCodeHeapSize                   = 7602480                                {pd product} {ergonomic}
    uintx NonProfiledCodeHeapSize                  = 122027880                              {pd product} {ergonomic}
   size_t OldSize                                  = 70254592                                  {product} {ergonomic}
    uintx ProfiledCodeHeapSize                     = 122027880                              {pd product} {ergonomic}
    uintx ReservedCodeCacheSize                    = 251658240                              {pd product} {ergonomic}
     bool SegmentedCodeCache                       = true                                      {product} {ergonomic}
   size_t SoftMaxHeapSize                          = 2147483648                             {manageable} {ergonomic}
     bool UseCompressedOops                        = true                           {product lp64_product} {ergonomic}
     bool UseLargePagesIndividualAllocation        = false                                  {pd product} {ergonomic}
     bool UseParallelGC                            = true                                      {product} {command line}

Logging:
Log output configuration:
 #0: stdout all=off uptime,level,tags foldmultilines=false
 #1: stderr all=off uptime,level,tags foldmultilines=false

Release file:
JAVA_VERSION="21.0.10" 
MODULES="java.base java.compiler java.datatransfer java.xml java.prefs java.desktop java.instrument java.logging java.management java.security.sasl java.naming java.rmi java.management.rmi java.net.http java.scripting java.security.jgss java.transaction.xa java.sql java.sql.rowset java.xml.crypto java.se java.smartcardio jdk.accessibility jdk.internal.jvmstat jdk.attach jdk.charsets jdk.internal.opt jdk.zipfs jdk.compiler jdk.crypto.ec jdk.crypto.cryptoki jdk.crypto.mscapi jdk.dynalink jdk.internal.ed jdk.editpad jdk.hotspot.agent jdk.httpserver jdk.internal.le jdk.internal.vm.ci jdk.internal.vm.compiler jdk.internal.vm.compiler.management jdk.jartool jdk.javadoc jdk.jcmd jdk.management jdk.management.agent jdk.jconsole jdk.jdeps jdk.jdwp.agent jdk.jdi jdk.jfr jdk.jshell jdk.jsobject jdk.jstatd jdk.localedata jdk.management.jfr jdk.naming.dns jdk.naming.rmi jdk.net jdk.nio.mapmode jdk.random jdk.sctp jdk.security.auth jdk.security.jgss jdk.unsupported jdk.unsupported.desktop jdk.xml.dom" 

Environment Variables:
PATH=C:\Program Files\Common Files\Oracle\Java\javapath;C:\WINDOWS\system32;C:\WINDOWS;C:\WINDOWS\System32\Wbem;C:\WINDOWS\System32\WindowsPowerShell\v1.0\;C:\WINDOWS\System32\OpenSSH\;C:\Program Files\dotnet\;C:\Program Files\NVIDIA Corporation\NVIDIA app\NvDLISR;C:\Program Files (x86)\NVIDIA Corporation\PhysX\Common;C:\Program Files\Git\cmd;C:\Program Files\nodejs\;C:\Users\USER\AppData\Local\Microsoft\WindowsApps;C:\Users\USER\AppData\Local\Programs\Microsoft VS Code\bin;C:\msys64\ucrt64\bin;C:\Users\USER\AppData\Local\spicetify;C:\Users\USER\AppData\Local\GitHubDesktop\bin;C:\Users\USER\AppData\Roaming\npm;C:\Users\USER\AppData\Local\Programs\Antigravity\bin
USERNAME=USER
OS=Windows_NT
PROCESSOR_IDENTIFIER=Intel64 Family 6 Model 186 Stepping 2, GenuineIntel
TMP=C:\Users\USER\AppData\Local\Temp
TEMP=C:\Users\USER\AppData\Local\Temp




Periodic native trim disabled

---------------  S Y S T E M  ---------------

OS:
 Windows 11 , 64 bit Build 26100 (10.0.26100.8246)
OS uptime: 0 days 17:25 hours
Hyper-V role detected

CPU: total 16 (initial active 16) (8 cores per cpu, 2 threads per core) family 6 model 186 stepping 2 microcode 0x4122, cx8, cmov, fxsr, ht, mmx, 3dnowpref, sse, sse2, sse3, ssse3, sse4.1, sse4.2, popcnt, lzcnt, tsc, tscinvbit, avx, avx2, aes, erms, clmul, bmi1, bmi2, adx, sha, fma, vzeroupper, clflush, clflushopt, clwb, hv, serialize, rdtscp, rdpid, fsrm, f16c, cet_ibt, cet_ss
Processor Information for processor 0
  Max Mhz: 2400, Current Mhz: 2400, Mhz Limit: 2400
Processor Information for processor 1
  Max Mhz: 2400, Current Mhz: 2400, Mhz Limit: 2400
Processor Information for processor 2
  Max Mhz: 2400, Current Mhz: 2400, Mhz Limit: 2400
Processor Information for processor 3
  Max Mhz: 2400, Current Mhz: 1520, Mhz Limit: 2400
Processor Information for processor 4
  Max Mhz: 2400, Current Mhz: 2400, Mhz Limit: 2400
Processor Information for processor 5
  Max Mhz: 2400, Current Mhz: 2400, Mhz Limit: 2400
Processor Information for processor 6
  Max Mhz: 2400, Current Mhz: 2400, Mhz Limit: 2400
Processor Information for processor 7
  Max Mhz: 2400, Current Mhz: 2400, Mhz Limit: 2400
Processor Information for processor 8
  Max Mhz: 2400, Current Mhz: 2400, Mhz Limit: 2400
Processor Information for processor 9
  Max Mhz: 2400, Current Mhz: 2400, Mhz Limit: 2400
Processor Information for processor 10
  Max Mhz: 2400, Current Mhz: 2400, Mhz Limit: 2400
Processor Information for processor 11
  Max Mhz: 2400, Current Mhz: 2400, Mhz Limit: 2400
Processor Information for processor 12
  Max Mhz: 2400, Current Mhz: 1800, Mhz Limit: 1800
Processor Information for processor 13
  Max Mhz: 2400, Current Mhz: 1500, Mhz Limit: 1800
Processor Information for processor 14
  Max Mhz: 2400, Current Mhz: 1500, Mhz Limit: 1800
Processor Information for processor 15
  Max Mhz: 2400, Current Mhz: 1500, Mhz Limit: 1800

Memory: 4k page, system-wide physical 16003M (1682M free)
TotalPageFile size 21230M (AvailPageFile size 3M)
current process WorkingSet (physical memory assigned to process): 148M, peak: 150M
current process commit charge ("private bytes"): 297M, peak: 299M

vm_info: OpenJDK 64-Bit Server VM (21.0.10+7-LTS) for windows-amd64 JRE (21.0.10+7-LTS), built on 2026-01-20T00:00:00Z by "admin" with MS VC++ 17.12 (VS2022)

END.
