#
# There is insufficient memory for the Java Runtime Environment to continue.
# Native memory allocation (malloc) failed to allocate 380416 bytes. Error detail: Chunk::new
# Possible reasons:
#   The system is out of physical RAM or swap space
#   This process is running with CompressedOops enabled, and the Java Heap may be blocking the growth of the native heap
# Possible solutions:
#   Reduce memory load on the system
#   Increase physical memory or swap space
#   Check if swap backing store is full
#   Decrease Java heap size (-Xmx/-Xms)
#   Decrease number of Java threads
#   Decrease Java thread stack sizes (-Xss)
#   Set larger code cache with -XX:ReservedCodeCacheSize=
#   JVM is running with Unscaled Compressed Oops mode in which the Java heap is
#     placed in the first 4GB address space. The Java Heap base address is the
#     maximum limit for the native heap growth. Please use -XX:HeapBaseMinAddress
#     to set the Java Heap base and to place the Java Heap above 4GB virtual address.
# This output file may be truncated or incomplete.
#
#  Out of Memory Error (arena.cpp:168), pid=20360, tid=7560
#
# JRE version: OpenJDK Runtime Environment Temurin-21.0.10+7 (21.0.10+7) (build 21.0.10+7-LTS)
# Java VM: OpenJDK 64-Bit Server VM Temurin-21.0.10+7 (21.0.10+7-LTS, mixed mode, sharing, tiered, compressed oops, compressed class ptrs, parallel gc, windows-amd64)
# No core dump will be written. Minidumps are not enabled by default on client versions of Windows
#

---------------  S U M M A R Y ------------

Command Line: --add-modules=ALL-SYSTEM --add-opens=java.base/java.util=ALL-UNNAMED --add-opens=java.base/java.lang=ALL-UNNAMED --add-opens=java.base/sun.nio.fs=ALL-UNNAMED -Declipse.application=org.eclipse.jdt.ls.core.id1 -Dosgi.bundles.defaultStartLevel=4 -Declipse.product=org.eclipse.jdt.ls.core.product -Djava.import.generatesMetadataFilesAtProjectRoot=false -DDetectVMInstallationsJob.disabled=true -Dfile.encoding=utf8 -XX:+UseParallelGC -XX:GCTimeRatio=4 -XX:AdaptiveSizePolicyWeight=90 -Dsun.zip.disableMemoryMapping=true -Xmx2G -Xms100m -Xlog:disable -javaagent:c:\Users\USER\.vscode\extensions\redhat.java-1.54.0-win32-x64\lombok\lombok-1.18.39-4050.jar c:\Users\USER\.vscode\extensions\redhat.java-1.54.0-win32-x64\server\plugins\org.eclipse.equinox.launcher_1.7.100.v20251111-0406.jar -configuration c:\Users\USER\AppData\Roaming\Code\User\globalStorage\redhat.java\1.54.0\config_ss_win -data c:\Users\USER\AppData\Roaming\Code\User\workspaceStorage\b2008296fa39ba4f4d5c3c75dc19f26c\redhat.java\ss_ws --pipe=\\.\pipe\lsp-692913c2084bd6e2580fa8e3bbecae21-sock

Host: 13th Gen Intel(R) Core(TM) i7-13620H, 16 cores, 15G,  Windows 11 , 64 bit Build 26100 (10.0.26100.8246)
Time: Fri May  1 14:20:41 2026 Sri Lanka Standard Time elapsed time: 55.962192 seconds (0d 0h 0m 55s)

---------------  T H R E A D  ---------------

Current thread (0x0000023cc5b34fd0):  JavaThread "C2 CompilerThread4" daemon [_thread_in_native, id=7560, stack(0x0000004db4000000,0x0000004db4100000) (1024K)]


Current CompileTask:
C2:55962 5916       4       org.eclipse.core.internal.watson.ElementTreeWriter$1::writeData (25 bytes)

Stack: [0x0000004db4000000,0x0000004db4100000]
Native frames: (J=compiled Java code, j=interpreted, Vv=VM code, C=native code)
V  [jvm.dll+0x6d7a39]
V  [jvm.dll+0x8b4b26]
V  [jvm.dll+0x8b70de]
V  [jvm.dll+0x8b77c3]
V  [jvm.dll+0x284346]
V  [jvm.dll+0xc66ed]
V  [jvm.dll+0xc6c31]
V  [jvm.dll+0x2fb29e]
V  [jvm.dll+0x5fe884]
V  [jvm.dll+0x255b17]
V  [jvm.dll+0x24e21f]
V  [jvm.dll+0x24ba42]
V  [jvm.dll+0x1cb34e]
V  [jvm.dll+0x25b85d]
V  [jvm.dll+0x259dea]
V  [jvm.dll+0x3f857e]
V  [jvm.dll+0x85f59d]
V  [jvm.dll+0x6d626d]
C  [ucrtbase.dll+0x37b0]
C  [KERNEL32.DLL+0x2e8d7]
C  [ntdll.dll+0x8c3fc]


---------------  P R O C E S S  ---------------

Threads class SMR info:
_java_thread_list=0x0000023cfde77b90, length=50, elements={
0x0000023ce10b8640, 0x0000023cfb4b4150, 0x0000023cfb4b5070, 0x0000023cfb4ba970,
0x0000023cfb4bc710, 0x0000023cfb4c1b50, 0x0000023cfb4c5a80, 0x0000023cfb4cefb0,
0x0000023cfb4d1990, 0x0000023cfb6eb860, 0x0000023cfb80f710, 0x0000023cfd5d15b0,
0x0000023cfcea4730, 0x0000023cfd5c29f0, 0x0000023cfd572d60, 0x0000023cfcc5e0d0,
0x0000023cfd8b58a0, 0x0000023cc50cccf0, 0x0000023cfdbf8c50, 0x0000023cfdbfa000,
0x0000023cfdbf92e0, 0x0000023cfdbf9970, 0x0000023cfe5bb680, 0x0000023cfe5bc3a0,
0x0000023cfe5bdde0, 0x0000023cfe5bd0c0, 0x0000023cfe5bca30, 0x0000023cfe5bbd10,
0x0000023cfe5bd750, 0x0000023cfe5be470, 0x0000023cfe5baff0, 0x0000023cfe5bfeb0,
0x0000023cfe5bf820, 0x0000023cfe5c0540, 0x0000023cfe5c18f0, 0x0000023cfe5c1f80,
0x0000023cfe5c0bd0, 0x0000023cfe5c1260, 0x0000023cfe5beb00, 0x0000023cfe5bf190,
0x0000023cfe5c2610, 0x0000023cfeee87c0, 0x0000023cfeeea200, 0x0000023cc5b34230,
0x0000023cc5b32dc0, 0x0000023cc5b33490, 0x0000023cc5b34900, 0x0000023cfeee8130,
0x0000023cc5b33b60, 0x0000023cc5b34fd0
}

Java Threads: ( => current thread )
  0x0000023ce10b8640 JavaThread "main"                              [_thread_blocked, id=8656, stack(0x0000004dafe00000,0x0000004daff00000) (1024K)]
  0x0000023cfb4b4150 JavaThread "Reference Handler"          daemon [_thread_blocked, id=6516, stack(0x0000004db0200000,0x0000004db0300000) (1024K)]
  0x0000023cfb4b5070 JavaThread "Finalizer"                  daemon [_thread_blocked, id=9048, stack(0x0000004db0300000,0x0000004db0400000) (1024K)]
  0x0000023cfb4ba970 JavaThread "Signal Dispatcher"          daemon [_thread_blocked, id=10772, stack(0x0000004db0400000,0x0000004db0500000) (1024K)]
  0x0000023cfb4bc710 JavaThread "Attach Listener"            daemon [_thread_blocked, id=13824, stack(0x0000004db0500000,0x0000004db0600000) (1024K)]
  0x0000023cfb4c1b50 JavaThread "Service Thread"             daemon [_thread_blocked, id=22776, stack(0x0000004db0600000,0x0000004db0700000) (1024K)]
  0x0000023cfb4c5a80 JavaThread "Monitor Deflation Thread"   daemon [_thread_blocked, id=15164, stack(0x0000004db0700000,0x0000004db0800000) (1024K)]
  0x0000023cfb4cefb0 JavaThread "C2 CompilerThread0"         daemon [_thread_in_native, id=8164, stack(0x0000004db0800000,0x0000004db0900000) (1024K)]
  0x0000023cfb4d1990 JavaThread "C1 CompilerThread0"         daemon [_thread_blocked, id=7192, stack(0x0000004db0900000,0x0000004db0a00000) (1024K)]
  0x0000023cfb6eb860 JavaThread "Common-Cleaner"             daemon [_thread_blocked, id=8888, stack(0x0000004db0d00000,0x0000004db0e00000) (1024K)]
  0x0000023cfb80f710 JavaThread "Notification Thread"        daemon [_thread_blocked, id=2600, stack(0x0000004db0f00000,0x0000004db1000000) (1024K)]
  0x0000023cfd5d15b0 JavaThread "Active Thread: Equinox Container: 468239b6-3186-4c3e-91d9-68e2379b95bf"        [_thread_blocked, id=18388, stack(0x0000004db1800000,0x0000004db1900000) (1024K)]
  0x0000023cfcea4730 JavaThread "Framework Event Dispatcher: Equinox Container: 468239b6-3186-4c3e-91d9-68e2379b95bf" daemon [_thread_blocked, id=12580, stack(0x0000004db1a00000,0x0000004db1b00000) (1024K)]
  0x0000023cfd5c29f0 JavaThread "Start Level: Equinox Container: 468239b6-3186-4c3e-91d9-68e2379b95bf" daemon [_thread_blocked, id=4240, stack(0x0000004db1b00000,0x0000004db1c00000) (1024K)]
  0x0000023cfd572d60 JavaThread "SCR Component Actor"        daemon [_thread_blocked, id=31148, stack(0x0000004db1700000,0x0000004db1800000) (1024K)]
  0x0000023cfcc5e0d0 JavaThread "Worker-JM"                         [_thread_blocked, id=31292, stack(0x0000004db0c00000,0x0000004db0d00000) (1024K)]
  0x0000023cfd8b58a0 JavaThread "JNA Cleaner"                daemon [_thread_blocked, id=10000, stack(0x0000004db1f00000,0x0000004db2000000) (1024K)]
  0x0000023cc50cccf0 JavaThread "Worker-0"                          [_thread_blocked, id=2032, stack(0x0000004db2000000,0x0000004db2100000) (1024K)]
  0x0000023cfdbf8c50 JavaThread "Worker-1: Shutdown..."             [_thread_in_Java, id=26324, stack(0x0000004db2100000,0x0000004db2200000) (1024K)]
  0x0000023cfdbfa000 JavaThread "Thread-1"                   daemon [_thread_in_native, id=18748, stack(0x0000004db2200000,0x0000004db2300000) (1024K)]
  0x0000023cfdbf92e0 JavaThread "Thread-2"                   daemon [_thread_in_native, id=7768, stack(0x0000004db2600000,0x0000004db2700000) (1024K)]
  0x0000023cfdbf9970 JavaThread "Thread-3"                   daemon [_thread_in_native, id=3016, stack(0x0000004db2700000,0x0000004db2800000) (1024K)]
  0x0000023cfe5bb680 JavaThread "Thread-4"                   daemon [_thread_in_native, id=12280, stack(0x0000004db2800000,0x0000004db2900000) (1024K)]
  0x0000023cfe5bc3a0 JavaThread "Thread-5"                   daemon [_thread_in_native, id=29848, stack(0x0000004db2900000,0x0000004db2a00000) (1024K)]
  0x0000023cfe5bdde0 JavaThread "Thread-6"                   daemon [_thread_in_native, id=20184, stack(0x0000004db2a00000,0x0000004db2b00000) (1024K)]
  0x0000023cfe5bd0c0 JavaThread "Thread-7"                   daemon [_thread_in_native, id=5144, stack(0x0000004db2b00000,0x0000004db2c00000) (1024K)]
  0x0000023cfe5bca30 JavaThread "Thread-8"                   daemon [_thread_in_native, id=18412, stack(0x0000004db2c00000,0x0000004db2d00000) (1024K)]
  0x0000023cfe5bbd10 JavaThread "Thread-9"                   daemon [_thread_in_native, id=30476, stack(0x0000004db2d00000,0x0000004db2e00000) (1024K)]
  0x0000023cfe5bd750 JavaThread "Thread-10"                  daemon [_thread_in_native, id=11252, stack(0x0000004db2e00000,0x0000004db2f00000) (1024K)]
  0x0000023cfe5be470 JavaThread "Thread-11"                  daemon [_thread_in_native, id=23084, stack(0x0000004db2f00000,0x0000004db3000000) (1024K)]
  0x0000023cfe5baff0 JavaThread "Thread-12"                  daemon [_thread_in_native, id=22856, stack(0x0000004db3000000,0x0000004db3100000) (1024K)]
  0x0000023cfe5bfeb0 JavaThread "Thread-13"                  daemon [_thread_in_native, id=11620, stack(0x0000004db3100000,0x0000004db3200000) (1024K)]
  0x0000023cfe5bf820 JavaThread "Thread-14"                  daemon [_thread_in_native, id=31664, stack(0x0000004db3200000,0x0000004db3300000) (1024K)]
  0x0000023cfe5c0540 JavaThread "Thread-15"                  daemon [_thread_in_native, id=23608, stack(0x0000004db3300000,0x0000004db3400000) (1024K)]
  0x0000023cfe5c18f0 JavaThread "Thread-16"                  daemon [_thread_in_native, id=17612, stack(0x0000004db3400000,0x0000004db3500000) (1024K)]
  0x0000023cfe5c1f80 JavaThread "Thread-17"                  daemon [_thread_in_native, id=2100, stack(0x0000004db3500000,0x0000004db3600000) (1024K)]
  0x0000023cfe5c0bd0 JavaThread "pool-2-thread-1"                   [_thread_blocked, id=28064, stack(0x0000004db3600000,0x0000004db3700000) (1024K)]
  0x0000023cfe5c1260 JavaThread "Worker-2"                          [_thread_blocked, id=29356, stack(0x0000004db3c00000,0x0000004db3d00000) (1024K)]
  0x0000023cfe5beb00 JavaThread "WorkspaceEventsHandler"            [_thread_blocked, id=15844, stack(0x0000004db3b00000,0x0000004db3c00000) (1024K)]
  0x0000023cfe5bf190 JavaThread "pool-1-thread-1"                   [_thread_blocked, id=24784, stack(0x0000004db3d00000,0x0000004db3e00000) (1024K)]
  0x0000023cfe5c2610 JavaThread "ForkJoinPool.commonPool-worker-1" daemon [_thread_blocked, id=15856, stack(0x0000004db3700000,0x0000004db3800000) (1024K)]
  0x0000023cfeee87c0 JavaThread "ForkJoinPool.commonPool-worker-2" daemon [_thread_blocked, id=8936, stack(0x0000004db3800000,0x0000004db3900000) (1024K)]
  0x0000023cfeeea200 JavaThread "ForkJoinPool.commonPool-worker-3" daemon [_thread_blocked, id=9916, stack(0x0000004db3900000,0x0000004db3a00000) (1024K)]
  0x0000023cc5b34230 JavaThread "C2 CompilerThread1"         daemon [_thread_blocked, id=19040, stack(0x0000004db0a00000,0x0000004db0b00000) (1024K)]
  0x0000023cc5b32dc0 JavaThread "C2 CompilerThread2"         daemon [_thread_in_native, id=24324, stack(0x0000004db0b00000,0x0000004db0c00000) (1024K)]
  0x0000023cc5b33490 JavaThread "C1 CompilerThread1"         daemon [_thread_blocked, id=1404, stack(0x0000004db0e00000,0x0000004db0f00000) (1024K)]
  0x0000023cc5b34900 JavaThread "C1 CompilerThread2"         daemon [_thread_blocked, id=23068, stack(0x0000004db3a00000,0x0000004db3b00000) (1024K)]
  0x0000023cfeee8130 JavaThread "pool-3-thread-1"                   [_thread_blocked, id=29452, stack(0x0000004db3e00000,0x0000004db3f00000) (1024K)]
  0x0000023cc5b33b60 JavaThread "C2 CompilerThread3"         daemon [_thread_in_native, id=14016, stack(0x0000004db3f00000,0x0000004db4000000) (1024K)]
=>0x0000023cc5b34fd0 JavaThread "C2 CompilerThread4"         daemon [_thread_in_native, id=7560, stack(0x0000004db4000000,0x0000004db4100000) (1024K)]
Total: 50

Other Threads:
  0x0000023ce360e760 VMThread "VM Thread"                           [id=22824, stack(0x0000004db0100000,0x0000004db0200000) (1024K)]
  0x0000023ce33dca00 WatcherThread "VM Periodic Task Thread"        [id=30408, stack(0x0000004db0000000,0x0000004db0100000) (1024K)]
  0x0000023ce3569210 WorkerThread "GC Thread#0"                     [id=10536, stack(0x0000004daff00000,0x0000004db0000000) (1024K)]
  0x0000023cfd34f230 WorkerThread "GC Thread#1"                     [id=30564, stack(0x0000004db1100000,0x0000004db1200000) (1024K)]
  0x0000023cfd2b3a10 WorkerThread "GC Thread#2"                     [id=2000, stack(0x0000004db1200000,0x0000004db1300000) (1024K)]
  0x0000023cfd2b3dc0 WorkerThread "GC Thread#3"                     [id=18308, stack(0x0000004db1300000,0x0000004db1400000) (1024K)]
  0x0000023cfd2a2950 WorkerThread "GC Thread#4"                     [id=29744, stack(0x0000004db1400000,0x0000004db1500000) (1024K)]
  0x0000023cfd2a2d00 WorkerThread "GC Thread#5"                     [id=23444, stack(0x0000004db1500000,0x0000004db1600000) (1024K)]
  0x0000023cfd2a30b0 WorkerThread "GC Thread#6"                     [id=17512, stack(0x0000004db1600000,0x0000004db1700000) (1024K)]
  0x0000023cfd5a0b30 WorkerThread "GC Thread#7"                     [id=10028, stack(0x0000004db1900000,0x0000004db1a00000) (1024K)]
  0x0000023cfd51f430 WorkerThread "GC Thread#8"                     [id=19448, stack(0x0000004db1000000,0x0000004db1100000) (1024K)]
  0x0000023cfd750fc0 WorkerThread "GC Thread#9"                     [id=3216, stack(0x0000004db1c00000,0x0000004db1d00000) (1024K)]
  0x0000023cfd8791f0 WorkerThread "GC Thread#10"                    [id=22356, stack(0x0000004db2300000,0x0000004db2400000) (1024K)]
  0x0000023cfd879950 WorkerThread "GC Thread#11"                    [id=10252, stack(0x0000004db2400000,0x0000004db2500000) (1024K)]
  0x0000023cfd87a460 WorkerThread "GC Thread#12"                    [id=21792, stack(0x0000004db2500000,0x0000004db2600000) (1024K)]
Total: 15

Threads with active compile tasks:
C2 CompilerThread0  55985 5915       4       org.eclipse.core.internal.dtree.DataTreeWriter::writeNode (182 bytes)
C2 CompilerThread2  55985 5917       4       org.eclipse.core.internal.resources.SaveManager::writeElement (36 bytes)
C2 CompilerThread3  55985 5918       4       org.eclipse.core.internal.resources.ResourceInfo::writeTo (41 bytes)
C2 CompilerThread4  55985 5916       4       org.eclipse.core.internal.watson.ElementTreeWriter$1::writeData (25 bytes)
Total: 4

VM state: not at safepoint (normal execution)

VM Mutex/Monitor currently owned by a thread: None

Heap address: 0x0000000080000000, size: 2048 MB, Compressed Oops mode: 32-bit

CDS archive(s) mapped at: [0x0000023c80000000-0x0000023c80ba0000-0x0000023c80ba0000), size 12189696, SharedBaseAddress: 0x0000023c80000000, ArchiveRelocationMode: 1.
Compressed class space mapped at: 0x0000023c81000000-0x0000023cc1000000, reserved size: 1073741824
Narrow klass base: 0x0000023c80000000, Narrow klass shift: 0, Narrow klass range: 0x100000000

GC Precious Log:
 CardTable entry size: 512
 CPUs: 16 total, 16 available
 Memory: 16003M
 Large Page Support: Disabled
 NUMA Support: Disabled
 Compressed Oops: Enabled (32-bit)
 Alignments: Space 512K, Generation 512K, Heap 2M
 Heap Min Capacity: 100M
 Heap Initial Capacity: 100M
 Heap Max Capacity: 2G
 Pre-touch: Disabled
 Parallel Workers: 13

Heap:
 PSYoungGen      total 23040K, used 23001K [0x00000000d5580000, 0x00000000d6e80000, 0x0000000100000000)
  eden space 22016K, 100% used [0x00000000d5580000,0x00000000d6b00000,0x00000000d6b00000)
  from space 1024K, 96% used [0x00000000d6d80000,0x00000000d6e76490,0x00000000d6e80000)
  to   space 1536K, 0% used [0x00000000d6b80000,0x00000000d6b80000,0x00000000d6d00000)
 ParOldGen       total 68608K, used 37946K [0x0000000080000000, 0x0000000084300000, 0x00000000d5580000)
  object space 68608K, 55% used [0x0000000080000000,0x000000008250ea20,0x0000000084300000)
 Metaspace       used 42606K, committed 43648K, reserved 1114112K
  class space    used 4319K, committed 4800K, reserved 1048576K

Card table byte_map: [0x0000023ce2ef0000,0x0000023ce3300000] _byte_map_base: 0x0000023ce2af0000

Marking Bits: (ParMarkBitMap*) 0x00007ffbb0a63450
 Begin Bits: [0x0000023cf5a00000, 0x0000023cf7a00000)
 End Bits:   [0x0000023cf7a00000, 0x0000023cf9a00000)

Polling page: 0x0000023ce1360000

Metaspace:

Usage:
  Non-class:     37.39 MB used.
      Class:      4.22 MB used.
       Both:     41.61 MB used.

Virtual space:
  Non-class space:       64.00 MB reserved,      37.94 MB ( 59%) committed,  1 nodes.
      Class space:        1.00 GB reserved,       4.69 MB ( <1%) committed,  1 nodes.
             Both:        1.06 GB reserved,      42.62 MB (  4%) committed. 

Chunk freelists:
   Non-Class:  10.02 MB
       Class:  11.30 MB
        Both:  21.31 MB

MaxMetaspaceSize: unlimited
CompressedClassSpaceSize: 1.00 GB
Initial GC threshold: 21.00 MB
Current GC threshold: 58.38 MB
CDS: on
 - commit_granule_bytes: 65536.
 - commit_granule_words: 8192.
 - virtual_space_node_default_size: 8388608.
 - enlarge_chunks_in_place: 1.
 - use_allocation_guard: 0.


Internal statistics:

num_allocs_failed_limit: 6.
num_arena_births: 906.
num_arena_deaths: 104.
num_vsnodes_births: 2.
num_vsnodes_deaths: 0.
num_space_committed: 682.
num_space_uncommitted: 0.
num_chunks_returned_to_freelist: 147.
num_chunks_taken_from_freelist: 2820.
num_chunk_merges: 52.
num_chunk_splits: 1722.
num_chunks_enlarged: 1037.
num_inconsistent_stats: 0.

CodeHeap 'non-profiled nmethods': size=119168Kb used=4071Kb max_used=4071Kb free=115096Kb
 bounds [0x0000023cee2f0000, 0x0000023cee6f0000, 0x0000023cf5750000]
CodeHeap 'profiled nmethods': size=119104Kb used=11599Kb max_used=11599Kb free=107504Kb
 bounds [0x0000023ce6750000, 0x0000023ce72b0000, 0x0000023cedba0000]
CodeHeap 'non-nmethods': size=7488Kb used=2533Kb max_used=3156Kb free=4954Kb
 bounds [0x0000023cedba0000, 0x0000023cedec0000, 0x0000023cee2f0000]
CodeCache: size=245760Kb, used=18203Kb, max_used=18826Kb, free=227554Kb
 total_blobs=6213, nmethods=5497, adapters=620, full_count=0
Compilation: enabled, stopped_count=0, restarted_count=0

Compilation events (20 events):
Event: 55.912 Thread 0x0000023cfb4cefb0 5915       4       org.eclipse.core.internal.dtree.DataTreeWriter::writeNode (182 bytes)
Event: 55.912 Thread 0x0000023cc5b33b60 5910       4       org.eclipse.core.internal.dtree.DataTreeWriter::writeNumber (47 bytes)
Event: 55.912 Thread 0x0000023cc5b34fd0 5908       4       jdk.internal.util.ByteArray::setLong (10 bytes)
Event: 55.914 Thread 0x0000023cc5b34230 nmethod 5907 0x0000023cee6e1290 code [0x0000023cee6e14e0, 0x0000023cee6e1e78]
Event: 55.914 Thread 0x0000023cc5b34230 5909       4       jdk.internal.misc.Unsafe::putLongUnaligned (14 bytes)
Event: 55.915 Thread 0x0000023cc5b34230 nmethod 5909 0x0000023cee6e2810 code [0x0000023cee6e29a0, 0x0000023cee6e2a58]
Event: 55.915 Thread 0x0000023cc5b34230 5911       4       java.io.DataOutputStream::writeInt (28 bytes)
Event: 55.915 Thread 0x0000023cc5b32dc0 nmethod 5906 0x0000023cee6e2b10 code [0x0000023cee6e2dc0, 0x0000023cee6e4190]
Event: 55.917 Thread 0x0000023cc5b32dc0 5913       4       java.io.DataOutputStream::writeUTF (7 bytes)
Event: 55.917 Thread 0x0000023cc5b34fd0 nmethod 5908 0x0000023cee6e5010 code [0x0000023cee6e51a0, 0x0000023cee6e5280]
Event: 55.917 Thread 0x0000023cc5b34fd0 5916       4       org.eclipse.core.internal.watson.ElementTreeWriter$1::writeData (25 bytes)
Event: 55.918 Thread 0x0000023cc5b32dc0 nmethod 5913 0x0000023cee6e5410 code [0x0000023cee6e55a0, 0x0000023cee6e5658]
Event: 55.918 Thread 0x0000023cc5b32dc0 5917       4       org.eclipse.core.internal.resources.SaveManager::writeElement (36 bytes)
Event: 55.932 Thread 0x0000023cc5b33b60 nmethod 5910 0x0000023cee6e5710 code [0x0000023cee6e5980, 0x0000023cee6e61d8]
Event: 55.933 Thread 0x0000023cc5b33b60 5918       4       org.eclipse.core.internal.resources.ResourceInfo::writeTo (41 bytes)
Event: 55.934 Thread 0x0000023cc5b34230 nmethod 5911 0x0000023cee6e6a10 code [0x0000023cee6e6c60, 0x0000023cee6e75f8]
Event: 55.934 Thread 0x0000023cc5b34230 5912       4       jdk.internal.misc.Unsafe::putShortUnaligned (14 bytes)
Event: 55.935 Thread 0x0000023cc5b34230 nmethod 5912 0x0000023cee6e7f90 code [0x0000023cee6e8120, 0x0000023cee6e8200]
Event: 55.935 Thread 0x0000023cc5b34230 5914  s    4       java.io.DataOutputStream::write (16 bytes)
Event: 55.953 Thread 0x0000023cc5b34230 nmethod 5914 0x0000023cee6e8310 code [0x0000023cee6e8560, 0x0000023cee6e92c8]

GC Heap History (20 events):
Event: 10.656 GC heap before
{Heap before GC invocations=13 (full 1):
 PSYoungGen      total 24576K, used 24238K [0x00000000d5580000, 0x00000000d7200000, 0x0000000100000000)
  eden space 22528K, 100% used [0x00000000d5580000,0x00000000d6b80000,0x00000000d6b80000)
  from space 2048K, 83% used [0x00000000d6e80000,0x00000000d702b848,0x00000000d7080000)
  to   space 1536K, 0% used [0x00000000d7080000,0x00000000d7080000,0x00000000d7200000)
 ParOldGen       total 68608K, used 21124K [0x0000000080000000, 0x0000000084300000, 0x00000000d5580000)
  object space 68608K, 30% used [0x0000000080000000,0x00000000814a10b8,0x0000000084300000)
 Metaspace       used 32058K, committed 32960K, reserved 1114112K
  class space    used 3228K, committed 3648K, reserved 1048576K
}
Event: 10.667 GC heap after
{Heap after GC invocations=13 (full 1):
 PSYoungGen      total 23552K, used 1504K [0x00000000d5580000, 0x00000000d7600000, 0x0000000100000000)
  eden space 22016K, 0% used [0x00000000d5580000,0x00000000d5580000,0x00000000d6b00000)
  from space 1536K, 97% used [0x00000000d7080000,0x00000000d71f8010,0x00000000d7200000)
  to   space 5632K, 0% used [0x00000000d6b00000,0x00000000d6b00000,0x00000000d7080000)
 ParOldGen       total 68608K, used 24538K [0x0000000080000000, 0x0000000084300000, 0x00000000d5580000)
  object space 68608K, 35% used [0x0000000080000000,0x00000000817f6930,0x0000000084300000)
 Metaspace       used 32058K, committed 32960K, reserved 1114112K
  class space    used 3228K, committed 3648K, reserved 1048576K
}
Event: 11.299 GC heap before
{Heap before GC invocations=14 (full 1):
 PSYoungGen      total 23552K, used 23520K [0x00000000d5580000, 0x00000000d7600000, 0x0000000100000000)
  eden space 22016K, 100% used [0x00000000d5580000,0x00000000d6b00000,0x00000000d6b00000)
  from space 1536K, 97% used [0x00000000d7080000,0x00000000d71f8010,0x00000000d7200000)
  to   space 5632K, 0% used [0x00000000d6b00000,0x00000000d6b00000,0x00000000d7080000)
 ParOldGen       total 68608K, used 24538K [0x0000000080000000, 0x0000000084300000, 0x00000000d5580000)
  object space 68608K, 35% used [0x0000000080000000,0x00000000817f6930,0x0000000084300000)
 Metaspace       used 32531K, committed 33536K, reserved 1114112K
  class space    used 3301K, committed 3776K, reserved 1048576K
}
Event: 11.307 GC heap after
{Heap after GC invocations=14 (full 1):
 PSYoungGen      total 26624K, used 4290K [0x00000000d5580000, 0x00000000d7400000, 0x0000000100000000)
  eden space 22016K, 0% used [0x00000000d5580000,0x00000000d5580000,0x00000000d6b00000)
  from space 4608K, 93% used [0x00000000d6b00000,0x00000000d6f30880,0x00000000d6f80000)
  to   space 4608K, 0% used [0x00000000d6f80000,0x00000000d6f80000,0x00000000d7400000)
 ParOldGen       total 68608K, used 25994K [0x0000000080000000, 0x0000000084300000, 0x00000000d5580000)
  object space 68608K, 37% used [0x0000000080000000,0x0000000081962940,0x0000000084300000)
 Metaspace       used 32531K, committed 33536K, reserved 1114112K
  class space    used 3301K, committed 3776K, reserved 1048576K
}
Event: 11.753 GC heap before
{Heap before GC invocations=15 (full 1):
 PSYoungGen      total 26624K, used 26131K [0x00000000d5580000, 0x00000000d7400000, 0x0000000100000000)
  eden space 22016K, 99% used [0x00000000d5580000,0x00000000d6ad4698,0x00000000d6b00000)
  from space 4608K, 93% used [0x00000000d6b00000,0x00000000d6f30880,0x00000000d6f80000)
  to   space 4608K, 0% used [0x00000000d6f80000,0x00000000d6f80000,0x00000000d7400000)
 ParOldGen       total 68608K, used 25994K [0x0000000080000000, 0x0000000084300000, 0x00000000d5580000)
  object space 68608K, 37% used [0x0000000080000000,0x0000000081962940,0x0000000084300000)
 Metaspace       used 32748K, committed 33792K, reserved 1114112K
  class space    used 3305K, committed 3776K, reserved 1048576K
}
Event: 11.765 GC heap after
{Heap after GC invocations=15 (full 1):
 PSYoungGen      total 25600K, used 3460K [0x00000000d5580000, 0x00000000d7300000, 0x0000000100000000)
  eden space 22016K, 0% used [0x00000000d5580000,0x00000000d5580000,0x00000000d6b00000)
  from space 3584K, 96% used [0x00000000d6f80000,0x00000000d72e1000,0x00000000d7300000)
  to   space 4096K, 0% used [0x00000000d6b00000,0x00000000d6b00000,0x00000000d6f00000)
 ParOldGen       total 68608K, used 29984K [0x0000000080000000, 0x0000000084300000, 0x00000000d5580000)
  object space 68608K, 43% used [0x0000000080000000,0x0000000081d48208,0x0000000084300000)
 Metaspace       used 32748K, committed 33792K, reserved 1114112K
  class space    used 3305K, committed 3776K, reserved 1048576K
}
Event: 12.106 GC heap before
{Heap before GC invocations=16 (full 1):
 PSYoungGen      total 25600K, used 25476K [0x00000000d5580000, 0x00000000d7300000, 0x0000000100000000)
  eden space 22016K, 100% used [0x00000000d5580000,0x00000000d6b00000,0x00000000d6b00000)
  from space 3584K, 96% used [0x00000000d6f80000,0x00000000d72e1000,0x00000000d7300000)
  to   space 4096K, 0% used [0x00000000d6b00000,0x00000000d6b00000,0x00000000d6f00000)
 ParOldGen       total 68608K, used 29984K [0x0000000080000000, 0x0000000084300000, 0x00000000d5580000)
  object space 68608K, 43% used [0x0000000080000000,0x0000000081d48208,0x0000000084300000)
 Metaspace       used 32823K, committed 33856K, reserved 1114112K
  class space    used 3305K, committed 3776K, reserved 1048576K
}
Event: 12.117 GC heap after
{Heap after GC invocations=16 (full 1):
 PSYoungGen      total 26112K, used 3896K [0x00000000d5580000, 0x00000000d7300000, 0x0000000100000000)
  eden space 22016K, 0% used [0x00000000d5580000,0x00000000d5580000,0x00000000d6b00000)
  from space 4096K, 95% used [0x00000000d6b00000,0x00000000d6ece210,0x00000000d6f00000)
  to   space 4096K, 0% used [0x00000000d6f00000,0x00000000d6f00000,0x00000000d7300000)
 ParOldGen       total 68608K, used 33298K [0x0000000080000000, 0x0000000084300000, 0x00000000d5580000)
  object space 68608K, 48% used [0x0000000080000000,0x0000000082084920,0x0000000084300000)
 Metaspace       used 32823K, committed 33856K, reserved 1114112K
  class space    used 3305K, committed 3776K, reserved 1048576K
}
Event: 13.202 GC heap before
{Heap before GC invocations=17 (full 1):
 PSYoungGen      total 26112K, used 20227K [0x00000000d5580000, 0x00000000d7300000, 0x0000000100000000)
  eden space 22016K, 74% used [0x00000000d5580000,0x00000000d6572c20,0x00000000d6b00000)
  from space 4096K, 95% used [0x00000000d6b00000,0x00000000d6ece210,0x00000000d6f00000)
  to   space 4096K, 0% used [0x00000000d6f00000,0x00000000d6f00000,0x00000000d7300000)
 ParOldGen       total 68608K, used 33298K [0x0000000080000000, 0x0000000084300000, 0x00000000d5580000)
  object space 68608K, 48% used [0x0000000080000000,0x0000000082084920,0x0000000084300000)
 Metaspace       used 34910K, committed 35840K, reserved 1114112K
  class space    used 3536K, committed 3968K, reserved 1048576K
}
Event: 13.211 GC heap after
{Heap after GC invocations=17 (full 1):
 PSYoungGen      total 23552K, used 1195K [0x00000000d5580000, 0x00000000d7080000, 0x0000000100000000)
  eden space 22016K, 0% used [0x00000000d5580000,0x00000000d5580000,0x00000000d6b00000)
  from space 1536K, 77% used [0x00000000d6f00000,0x00000000d702ae68,0x00000000d7080000)
  to   space 2560K, 0% used [0x00000000d6b80000,0x00000000d6b80000,0x00000000d6e00000)
 ParOldGen       total 68608K, used 36826K [0x0000000080000000, 0x0000000084300000, 0x00000000d5580000)
  object space 68608K, 53% used [0x0000000080000000,0x00000000823f6b30,0x0000000084300000)
 Metaspace       used 34910K, committed 35840K, reserved 1114112K
  class space    used 3536K, committed 3968K, reserved 1048576K
}
Event: 13.211 GC heap before
{Heap before GC invocations=18 (full 2):
 PSYoungGen      total 23552K, used 1195K [0x00000000d5580000, 0x00000000d7080000, 0x0000000100000000)
  eden space 22016K, 0% used [0x00000000d5580000,0x00000000d5580000,0x00000000d6b00000)
  from space 1536K, 77% used [0x00000000d6f00000,0x00000000d702ae68,0x00000000d7080000)
  to   space 2560K, 0% used [0x00000000d6b80000,0x00000000d6b80000,0x00000000d6e00000)
 ParOldGen       total 68608K, used 36826K [0x0000000080000000, 0x0000000084300000, 0x00000000d5580000)
  object space 68608K, 53% used [0x0000000080000000,0x00000000823f6b30,0x0000000084300000)
 Metaspace       used 34910K, committed 35840K, reserved 1114112K
  class space    used 3536K, committed 3968K, reserved 1048576K
}
Event: 13.357 GC heap after
{Heap after GC invocations=18 (full 2):
 PSYoungGen      total 23552K, used 0K [0x00000000d5580000, 0x00000000d7080000, 0x0000000100000000)
  eden space 22016K, 0% used [0x00000000d5580000,0x00000000d5580000,0x00000000d6b00000)
  from space 1536K, 0% used [0x00000000d6f00000,0x00000000d6f00000,0x00000000d7080000)
  to   space 2560K, 0% used [0x00000000d6b80000,0x00000000d6b80000,0x00000000d6e00000)
 ParOldGen       total 68608K, used 36021K [0x0000000080000000, 0x0000000084300000, 0x00000000d5580000)
  object space 68608K, 52% used [0x0000000080000000,0x000000008232d780,0x0000000084300000)
 Metaspace       used 34828K, committed 35840K, reserved 1114112K
  class space    used 3513K, committed 3968K, reserved 1048576K
}
Event: 15.090 GC heap before
{Heap before GC invocations=19 (full 2):
 PSYoungGen      total 23552K, used 22016K [0x00000000d5580000, 0x00000000d7080000, 0x0000000100000000)
  eden space 22016K, 100% used [0x00000000d5580000,0x00000000d6b00000,0x00000000d6b00000)
  from space 1536K, 0% used [0x00000000d6f00000,0x00000000d6f00000,0x00000000d7080000)
  to   space 2560K, 0% used [0x00000000d6b80000,0x00000000d6b80000,0x00000000d6e00000)
 ParOldGen       total 68608K, used 36021K [0x0000000080000000, 0x0000000084300000, 0x00000000d5580000)
  object space 68608K, 52% used [0x0000000080000000,0x000000008232d780,0x0000000084300000)
 Metaspace       used 35792K, committed 36800K, reserved 1114112K
  class space    used 3647K, committed 4096K, reserved 1048576K
}
Event: 15.092 GC heap after
{Heap after GC invocations=19 (full 2):
 PSYoungGen      total 24576K, used 576K [0x00000000d5580000, 0x00000000d6f80000, 0x0000000100000000)
  eden space 22016K, 0% used [0x00000000d5580000,0x00000000d5580000,0x00000000d6b00000)
  from space 2560K, 22% used [0x00000000d6b80000,0x00000000d6c10000,0x00000000d6e00000)
  to   space 1024K, 0% used [0x00000000d6e80000,0x00000000d6e80000,0x00000000d6f80000)
 ParOldGen       total 68608K, used 36029K [0x0000000080000000, 0x0000000084300000, 0x00000000d5580000)
  object space 68608K, 52% used [0x0000000080000000,0x000000008232f780,0x0000000084300000)
 Metaspace       used 35792K, committed 36800K, reserved 1114112K
  class space    used 3647K, committed 4096K, reserved 1048576K
}
Event: 16.920 GC heap before
{Heap before GC invocations=20 (full 2):
 PSYoungGen      total 24576K, used 22592K [0x00000000d5580000, 0x00000000d6f80000, 0x0000000100000000)
  eden space 22016K, 100% used [0x00000000d5580000,0x00000000d6b00000,0x00000000d6b00000)
  from space 2560K, 22% used [0x00000000d6b80000,0x00000000d6c10000,0x00000000d6e00000)
  to   space 1024K, 0% used [0x00000000d6e80000,0x00000000d6e80000,0x00000000d6f80000)
 ParOldGen       total 68608K, used 36029K [0x0000000080000000, 0x0000000084300000, 0x00000000d5580000)
  object space 68608K, 52% used [0x0000000080000000,0x000000008232f780,0x0000000084300000)
 Metaspace       used 36776K, committed 37696K, reserved 1114112K
  class space    used 3733K, committed 4160K, reserved 1048576K
}
Event: 16.926 GC heap after
{Heap after GC invocations=20 (full 2):
 PSYoungGen      total 23040K, used 1010K [0x00000000d5580000, 0x00000000d6f80000, 0x0000000100000000)
  eden space 22016K, 0% used [0x00000000d5580000,0x00000000d5580000,0x00000000d6b00000)
  from space 1024K, 98% used [0x00000000d6e80000,0x00000000d6f7caf0,0x00000000d6f80000)
  to   space 2048K, 0% used [0x00000000d6b80000,0x00000000d6b80000,0x00000000d6d80000)
 ParOldGen       total 68608K, used 36828K [0x0000000080000000, 0x0000000084300000, 0x00000000d5580000)
  object space 68608K, 53% used [0x0000000080000000,0x00000000823f72a8,0x0000000084300000)
 Metaspace       used 36776K, committed 37696K, reserved 1114112K
  class space    used 3733K, committed 4160K, reserved 1048576K
}
Event: 17.640 GC heap before
{Heap before GC invocations=21 (full 2):
 PSYoungGen      total 23040K, used 23026K [0x00000000d5580000, 0x00000000d6f80000, 0x0000000100000000)
  eden space 22016K, 100% used [0x00000000d5580000,0x00000000d6b00000,0x00000000d6b00000)
  from space 1024K, 98% used [0x00000000d6e80000,0x00000000d6f7caf0,0x00000000d6f80000)
  to   space 2048K, 0% used [0x00000000d6b80000,0x00000000d6b80000,0x00000000d6d80000)
 ParOldGen       total 68608K, used 36828K [0x0000000080000000, 0x0000000084300000, 0x00000000d5580000)
  object space 68608K, 53% used [0x0000000080000000,0x00000000823f72a8,0x0000000084300000)
 Metaspace       used 36786K, committed 37696K, reserved 1114112K
  class space    used 3733K, committed 4160K, reserved 1048576K
}
Event: 17.644 GC heap after
{Heap after GC invocations=21 (full 2):
 PSYoungGen      total 24064K, used 746K [0x00000000d5580000, 0x00000000d6f00000, 0x0000000100000000)
  eden space 22016K, 0% used [0x00000000d5580000,0x00000000d5580000,0x00000000d6b00000)
  from space 2048K, 36% used [0x00000000d6b80000,0x00000000d6c3ab40,0x00000000d6d80000)
  to   space 1536K, 0% used [0x00000000d6d80000,0x00000000d6d80000,0x00000000d6f00000)
 ParOldGen       total 68608K, used 37810K [0x0000000080000000, 0x0000000084300000, 0x00000000d5580000)
  object space 68608K, 55% used [0x0000000080000000,0x00000000824eca20,0x0000000084300000)
 Metaspace       used 36786K, committed 37696K, reserved 1114112K
  class space    used 3733K, committed 4160K, reserved 1048576K
}
Event: 47.266 GC heap before
{Heap before GC invocations=22 (full 2):
 PSYoungGen      total 24064K, used 22762K [0x00000000d5580000, 0x00000000d6f00000, 0x0000000100000000)
  eden space 22016K, 100% used [0x00000000d5580000,0x00000000d6b00000,0x00000000d6b00000)
  from space 2048K, 36% used [0x00000000d6b80000,0x00000000d6c3ab40,0x00000000d6d80000)
  to   space 1536K, 0% used [0x00000000d6d80000,0x00000000d6d80000,0x00000000d6f00000)
 ParOldGen       total 68608K, used 37810K [0x0000000080000000, 0x0000000084300000, 0x00000000d5580000)
  object space 68608K, 55% used [0x0000000080000000,0x00000000824eca20,0x0000000084300000)
 Metaspace       used 40180K, committed 41152K, reserved 1114112K
  class space    used 4042K, committed 4480K, reserved 1048576K
}
Event: 47.268 GC heap after
{Heap after GC invocations=22 (full 2):
 PSYoungGen      total 23040K, used 985K [0x00000000d5580000, 0x00000000d6e80000, 0x0000000100000000)
  eden space 22016K, 0% used [0x00000000d5580000,0x00000000d5580000,0x00000000d6b00000)
  from space 1024K, 96% used [0x00000000d6d80000,0x00000000d6e76490,0x00000000d6e80000)
  to   space 1536K, 0% used [0x00000000d6b80000,0x00000000d6b80000,0x00000000d6d00000)
 ParOldGen       total 68608K, used 37946K [0x0000000080000000, 0x0000000084300000, 0x00000000d5580000)
  object space 68608K, 55% used [0x0000000080000000,0x000000008250ea20,0x0000000084300000)
 Metaspace       used 40180K, committed 41152K, reserved 1114112K
  class space    used 4042K, committed 4480K, reserved 1048576K
}

Dll operation events (10 events):
Event: 0.021 Loaded shared library c:\Users\USER\.vscode\extensions\redhat.java-1.54.0-win32-x64\jre\21.0.10-win32-x86_64\bin\java.dll
Event: 0.149 Loaded shared library c:\Users\USER\.vscode\extensions\redhat.java-1.54.0-win32-x64\jre\21.0.10-win32-x86_64\bin\zip.dll
Event: 0.188 Loaded shared library C:\Users\USER\.vscode\extensions\redhat.java-1.54.0-win32-x64\jre\21.0.10-win32-x86_64\bin\instrument.dll
Event: 0.194 Loaded shared library C:\Users\USER\.vscode\extensions\redhat.java-1.54.0-win32-x64\jre\21.0.10-win32-x86_64\bin\net.dll
Event: 0.199 Loaded shared library C:\Users\USER\.vscode\extensions\redhat.java-1.54.0-win32-x64\jre\21.0.10-win32-x86_64\bin\nio.dll
Event: 0.204 Loaded shared library C:\Users\USER\.vscode\extensions\redhat.java-1.54.0-win32-x64\jre\21.0.10-win32-x86_64\bin\zip.dll
Event: 0.227 Loaded shared library C:\Users\USER\.vscode\extensions\redhat.java-1.54.0-win32-x64\jre\21.0.10-win32-x86_64\bin\jimage.dll
Event: 0.336 Loaded shared library c:\Users\USER\.vscode\extensions\redhat.java-1.54.0-win32-x64\jre\21.0.10-win32-x86_64\bin\verify.dll
Event: 1.886 Loaded shared library C:\Users\USER\AppData\Roaming\Code\User\globalStorage\redhat.java\1.54.0\config_ss_win\org.eclipse.equinox.launcher\org.eclipse.equinox.launcher.win32.win32.x86_64_1.3.0.v20260203-2149\eclipse_11919.dll
Event: 3.301 Loaded shared library C:\Users\USER\AppData\Local\Temp\jna-2614219\jna15534522487520217519.dll

Deoptimization events (20 events):
Event: 55.899 Thread 0x0000023cfdbf8c50 DEOPT PACKING pc=0x0000023ce729755e sp=0x0000004db21fe550
Event: 55.899 Thread 0x0000023cfdbf8c50 DEOPT UNPACKING pc=0x0000023cedbf4242 sp=0x0000004db21fdaa8 mode 0
Event: 55.900 Thread 0x0000023cfdbf8c50 DEOPT PACKING pc=0x0000023ce729755e sp=0x0000004db21fe4b0
Event: 55.900 Thread 0x0000023cfdbf8c50 DEOPT UNPACKING pc=0x0000023cedbf4242 sp=0x0000004db21fda08 mode 0
Event: 55.902 Thread 0x0000023cfdbf8c50 DEOPT PACKING pc=0x0000023ce729755e sp=0x0000004db21fe4b0
Event: 55.902 Thread 0x0000023cfdbf8c50 DEOPT UNPACKING pc=0x0000023cedbf4242 sp=0x0000004db21fda08 mode 0
Event: 55.903 Thread 0x0000023cfdbf8c50 DEOPT PACKING pc=0x0000023ce729755e sp=0x0000004db21fe370
Event: 55.903 Thread 0x0000023cfdbf8c50 DEOPT UNPACKING pc=0x0000023cedbf4242 sp=0x0000004db21fd8c8 mode 0
Event: 55.904 Thread 0x0000023cfdbf8c50 DEOPT PACKING pc=0x0000023ce729755e sp=0x0000004db21fe370
Event: 55.904 Thread 0x0000023cfdbf8c50 DEOPT UNPACKING pc=0x0000023cedbf4242 sp=0x0000004db21fd8c8 mode 0
Event: 55.905 Thread 0x0000023cfdbf8c50 DEOPT PACKING pc=0x0000023ce729755e sp=0x0000004db21fe370
Event: 55.905 Thread 0x0000023cfdbf8c50 DEOPT UNPACKING pc=0x0000023cedbf4242 sp=0x0000004db21fd8c8 mode 0
Event: 55.906 Thread 0x0000023cfdbf8c50 DEOPT PACKING pc=0x0000023ce729755e sp=0x0000004db21fe370
Event: 55.906 Thread 0x0000023cfdbf8c50 DEOPT UNPACKING pc=0x0000023cedbf4242 sp=0x0000004db21fd8c8 mode 0
Event: 55.908 Thread 0x0000023cfdbf8c50 DEOPT PACKING pc=0x0000023ce729755e sp=0x0000004db21fe370
Event: 55.908 Thread 0x0000023cfdbf8c50 DEOPT UNPACKING pc=0x0000023cedbf4242 sp=0x0000004db21fd8c8 mode 0
Event: 55.911 Thread 0x0000023cfdbf8c50 DEOPT PACKING pc=0x0000023ce729755e sp=0x0000004db21fe370
Event: 55.911 Thread 0x0000023cfdbf8c50 DEOPT UNPACKING pc=0x0000023cedbf4242 sp=0x0000004db21fd8c8 mode 0
Event: 55.912 Thread 0x0000023cfdbf8c50 DEOPT PACKING pc=0x0000023ce729755e sp=0x0000004db21fe370
Event: 55.913 Thread 0x0000023cfdbf8c50 DEOPT UNPACKING pc=0x0000023cedbf4242 sp=0x0000004db21fd8c8 mode 0

Classes loaded (20 events):
Event: 55.819 Loading class java/util/concurrent/Executors$DelegatedScheduledExecutorService
Event: 55.819 Loading class java/util/concurrent/Executors$DelegatedExecutorService
Event: 55.819 Loading class java/util/concurrent/Executors$DelegatedExecutorService done
Event: 55.819 Loading class java/util/concurrent/Executors$DelegatedScheduledExecutorService done
Event: 55.827 Loading class java/util/concurrent/ForkJoinTask$AdaptedCallable
Event: 55.828 Loading class java/util/concurrent/ForkJoinTask$AdaptedCallable done
Event: 55.831 Loading class java/util/stream/Nodes$CollectorTask$OfRef
Event: 55.832 Loading class java/util/stream/Nodes$CollectorTask
Event: 55.833 Loading class java/util/stream/Nodes$CollectorTask done
Event: 55.833 Loading class java/util/stream/Nodes$CollectorTask$OfRef done
Event: 55.834 Loading class java/util/function/LongFunction
Event: 55.834 Loading class java/util/function/LongFunction done
Event: 55.834 Loading class java/util/stream/Nodes$ConcNode
Event: 55.835 Loading class java/util/stream/Nodes$AbstractConcNode
Event: 55.835 Loading class java/util/stream/Nodes$AbstractConcNode done
Event: 55.835 Loading class java/util/stream/Nodes$ConcNode done
Event: 55.836 Loading class java/util/stream/Nodes$ToArrayTask$OfRef
Event: 55.836 Loading class java/util/stream/Nodes$ToArrayTask
Event: 55.836 Loading class java/util/stream/Nodes$ToArrayTask done
Event: 55.836 Loading class java/util/stream/Nodes$ToArrayTask$OfRef done

Classes unloaded (20 events):
Event: 13.247 Thread 0x0000023ce360e760 Unloading class 0x0000023c81396800 'java/lang/invoke/LambdaForm$MH+0x0000023c81396800'
Event: 13.247 Thread 0x0000023ce360e760 Unloading class 0x0000023c81396000 'java/lang/invoke/LambdaForm$MH+0x0000023c81396000'
Event: 13.247 Thread 0x0000023ce360e760 Unloading class 0x0000023c81396400 'java/lang/invoke/LambdaForm$MH+0x0000023c81396400'
Event: 13.247 Thread 0x0000023ce360e760 Unloading class 0x0000023c81395c00 'java/lang/invoke/LambdaForm$MH+0x0000023c81395c00'
Event: 13.247 Thread 0x0000023ce360e760 Unloading class 0x0000023c81395800 'java/lang/invoke/LambdaForm$MH+0x0000023c81395800'
Event: 13.247 Thread 0x0000023ce360e760 Unloading class 0x0000023c81395000 'java/lang/invoke/LambdaForm$MH+0x0000023c81395000'
Event: 13.247 Thread 0x0000023ce360e760 Unloading class 0x0000023c81394800 'java/lang/invoke/LambdaForm$MH+0x0000023c81394800'
Event: 13.247 Thread 0x0000023ce360e760 Unloading class 0x0000023c81394400 'java/lang/invoke/LambdaForm$MH+0x0000023c81394400'
Event: 13.247 Thread 0x0000023ce360e760 Unloading class 0x0000023c81394000 'java/lang/invoke/LambdaForm$MH+0x0000023c81394000'
Event: 13.247 Thread 0x0000023ce360e760 Unloading class 0x0000023c81393800 'java/lang/invoke/LambdaForm$MH+0x0000023c81393800'
Event: 13.247 Thread 0x0000023ce360e760 Unloading class 0x0000023c81393400 'java/lang/invoke/LambdaForm$MH+0x0000023c81393400'
Event: 13.247 Thread 0x0000023ce360e760 Unloading class 0x0000023c81392c00 'java/lang/invoke/LambdaForm$MH+0x0000023c81392c00'
Event: 13.247 Thread 0x0000023ce360e760 Unloading class 0x0000023c81392800 'java/lang/invoke/LambdaForm$MH+0x0000023c81392800'
Event: 13.247 Thread 0x0000023ce360e760 Unloading class 0x0000023c81392000 'java/lang/invoke/LambdaForm$MH+0x0000023c81392000'
Event: 13.247 Thread 0x0000023ce360e760 Unloading class 0x0000023c81391c00 'java/lang/invoke/LambdaForm$MH+0x0000023c81391c00'
Event: 13.247 Thread 0x0000023ce360e760 Unloading class 0x0000023c81391800 'java/lang/invoke/LambdaForm$MH+0x0000023c81391800'
Event: 13.247 Thread 0x0000023ce360e760 Unloading class 0x0000023c81390c00 'java/lang/invoke/LambdaForm$MH+0x0000023c81390c00'
Event: 13.247 Thread 0x0000023ce360e760 Unloading class 0x0000023c81391000 'java/lang/invoke/LambdaForm$MH+0x0000023c81391000'
Event: 13.247 Thread 0x0000023ce360e760 Unloading class 0x0000023c81390800 'java/lang/invoke/LambdaForm$DMH+0x0000023c81390800'
Event: 13.247 Thread 0x0000023ce360e760 Unloading class 0x0000023c81390400 'java/lang/invoke/LambdaForm$DMH+0x0000023c81390400'

Classes redefined (0 events):
No events

Internal exceptions (20 events):
Event: 13.137 Thread 0x0000023cfe5c2610 Exception <a 'java/lang/LinkageError'{0x00000000d6516a98}: loader lombok.launch.ShadowClassLoader @342b2757 attempted duplicate class definition for lombok.launch.PatchFixesHider$Transform. (lombok.launch.PatchFixesHider$Transform is in unnamed module of loader lombok.launch.ShadowClassLoader @342b2757, parent loader org.eclipse.osgi.internal.loader.EquinoxClassLoader @2ab9b0f4)> (0x00000000d6516a98) 
thrown [s\src\hotspot\share\classfile\systemDictionary.cpp, line 1672]
Event: 13.138 Thread 0x0000023cfe5bf190 Exception <a 'java/lang/LinkageError'{0x00000000d634bae8}: loader lombok.launch.ShadowClassLoader @342b2757 attempted duplicate class definition for lombok.launch.PatchFixesHider$Transform. (lombok.launch.PatchFixesHider$Transform is in unnamed module of loader lombok.launch.ShadowClassLoader @342b2757, parent loader org.eclipse.osgi.internal.loader.EquinoxClassLoader @2ab9b0f4)> (0x00000000d634bae8) 
thrown [s\src\hotspot\share\classfile\systemDictionary.cpp, line 1672]
Event: 15.757 Thread 0x0000023cfeeea200 Exception <a 'java/lang/LinkageError'{0x00000000d5cb7ac8}: loader lombok.launch.ShadowClassLoader @342b2757 attempted duplicate class definition for lombok.launch.PatchFixesHider$ValPortal. (lombok.launch.PatchFixesHider$ValPortal is in unnamed module of loader lombok.launch.ShadowClassLoader @342b2757, parent loader org.eclipse.osgi.internal.loader.EquinoxClassLoader @2ab9b0f4)> (0x00000000d5cb7ac8) 
thrown [s\src\hotspot\share\classfile\systemDictionary.cpp, line 1672]
Event: 15.762 Thread 0x0000023cfeee87c0 Exception <a 'java/lang/LinkageError'{0x00000000d5d156a0}: loader lombok.launch.ShadowClassLoader @342b2757 attempted duplicate class definition for lombok.launch.PatchFixesHider$ValPortal. (lombok.launch.PatchFixesHider$ValPortal is in unnamed module of loader lombok.launch.ShadowClassLoader @342b2757, parent loader org.eclipse.osgi.internal.loader.EquinoxClassLoader @2ab9b0f4)> (0x00000000d5d156a0) 
thrown [s\src\hotspot\share\classfile\systemDictionary.cpp, line 1672]
Event: 18.850 Thread 0x0000023cfe5c2610 Exception <a 'java/lang/NoSuchMethodError'{0x00000000d5dd59a0}: 'java.lang.Object java.lang.invoke.DirectMethodHandle$Holder.invokeSpecial(java.lang.Object, java.lang.Object, java.lang.Object, java.lang.Object, int, java.lang.Object, java.lang.Object)'> (0x00000000d5dd59a0) 
thrown [s\src\hotspot\share\interpreter\linkResolver.cpp, line 773]
Event: 18.851 Thread 0x0000023cfeee87c0 Exception <a 'java/lang/NoSuchMethodError'{0x00000000d5d86d78}: 'java.lang.Object java.lang.invoke.DirectMethodHandle$Holder.invokeSpecial(java.lang.Object, java.lang.Object, java.lang.Object, java.lang.Object, int, java.lang.Object, java.lang.Object)'> (0x00000000d5d86d78) 
thrown [s\src\hotspot\share\interpreter\linkResolver.cpp, line 773]
Event: 19.511 Thread 0x0000023cfe5bf190 Exception <a 'java/lang/ClassNotFoundException'{0x00000000d6465bc8}: sun/util/logging/resources/spi/loggingProvider> (0x00000000d6465bc8) 
thrown [s\src\hotspot\share\classfile\systemDictionary.cpp, line 312]
Event: 19.801 Thread 0x0000023cfe5c1260 Exception <a 'java/lang/NoSuchMethodError'{0x00000000d64f0aa0}: 'java.lang.Object java.lang.invoke.DirectMethodHandle$Holder.invokeSpecial(java.lang.Object, java.lang.Object, int, long)'> (0x00000000d64f0aa0) 
thrown [s\src\hotspot\share\interpreter\linkResolver.cpp, line 773]
Event: 20.635 Thread 0x0000023cc50cccf0 Exception <a 'java/io/FileNotFoundException'{0x00000000d6845088}> (0x00000000d6845088) 
thrown [s\src\hotspot\share\prims\jni.cpp, line 520]
Event: 20.638 Thread 0x0000023cc50cccf0 Exception <a 'java/io/FileNotFoundException'{0x00000000d6846300}> (0x00000000d6846300) 
thrown [s\src\hotspot\share\prims\jni.cpp, line 520]
Event: 20.639 Thread 0x0000023cc50cccf0 Exception <a 'java/io/FileNotFoundException'{0x00000000d6847068}> (0x00000000d6847068) 
thrown [s\src\hotspot\share\prims\jni.cpp, line 520]
Event: 46.712 Thread 0x0000023cfe5bf190 Exception <a 'java/lang/IncompatibleClassChangeError'{0x00000000d6948888}: Found class java.lang.Object, but interface was expected> (0x00000000d6948888) 
thrown [s\src\hotspot\share\interpreter\linkResolver.cpp, line 840]
Event: 47.216 Thread 0x0000023cfe5bf190 Exception <a 'java/lang/IncompatibleClassChangeError'{0x00000000d6a19a40}: Found class java.lang.Object, but interface was expected> (0x00000000d6a19a40) 
thrown [s\src\hotspot\share\interpreter\linkResolver.cpp, line 840]
Event: 47.305 Thread 0x0000023cfeee87c0 Exception <a 'java/lang/NoSuchMethodError'{0x00000000d56bae18}: 'int java.lang.invoke.Invokers$Holder.invokeExact_MT(java.lang.Object, java.lang.Object)'> (0x00000000d56bae18) 
thrown [s\src\hotspot\share\interpreter\linkResolver.cpp, line 773]
Event: 47.388 Thread 0x0000023cfeee87c0 Exception <a 'java/lang/NoSuchMethodError'{0x00000000d57f8750}: 'int java.lang.invoke.DirectMethodHandle$Holder.invokeInterface(java.lang.Object, java.lang.Object)'> (0x00000000d57f8750) 
thrown [s\src\hotspot\share\interpreter\linkResolver.cpp, line 773]
Event: 47.389 Thread 0x0000023cfeee87c0 Exception <a 'java/lang/IncompatibleClassChangeError'{0x00000000d57fbc80}: Found class java.lang.Object, but interface was expected> (0x00000000d57fbc80) 
thrown [s\src\hotspot\share\interpreter\linkResolver.cpp, line 840]
Event: 54.731 Thread 0x0000023cfeee87c0 Exception <a 'java/lang/NoSuchMethodError'{0x00000000d5ec0bb8}: 'int java.lang.invoke.DirectMethodHandle$Holder.invokeSpecialIFC(java.lang.Object, java.lang.Object, java.lang.Object)'> (0x00000000d5ec0bb8) 
thrown [s\src\hotspot\share\interpreter\linkResolver.cpp, line 773]
Event: 54.744 Thread 0x0000023cfeee87c0 Implicit null exception at 0x0000023cee684ba0 to 0x0000023cee685ebc
Event: 55.816 Thread 0x0000023cfe5bf190 Exception <a 'java/lang/NoSuchMethodError'{0x00000000d6724bb0}: 'void java.lang.invoke.DirectMethodHandle$Holder.invokeInterface(java.lang.Object, java.lang.Object)'> (0x00000000d6724bb0) 
thrown [s\src\hotspot\share\interpreter\linkResolver.cpp, line 773]
Event: 55.845 Thread 0x0000023cfdbf8c50 Exception <a 'java/io/FileNotFoundException'{0x00000000d6847290}> (0x00000000d6847290) 
thrown [s\src\hotspot\share\prims\jni.cpp, line 520]

ZGC Phase Switch (0 events):
No events

VM Operations (20 events):
Event: 48.274 Executing safepoint VM operation: Cleanup
Event: 48.274 Executing safepoint VM operation: Cleanup done
Event: 49.287 Executing safepoint VM operation: Cleanup
Event: 49.287 Executing safepoint VM operation: Cleanup done
Event: 54.654 Executing non-safepoint VM operation: HandshakeAllThreads (Deoptimize)
Event: 54.654 Executing non-safepoint VM operation: HandshakeAllThreads (Deoptimize) done
Event: 54.654 Executing safepoint VM operation: Cleanup
Event: 54.654 Executing safepoint VM operation: Cleanup done
Event: 54.656 Executing non-safepoint VM operation: HandshakeAllThreads (Deoptimize)
Event: 54.656 Executing non-safepoint VM operation: HandshakeAllThreads (Deoptimize) done
Event: 54.739 Executing non-safepoint VM operation: HandshakeAllThreads (Deoptimize)
Event: 54.739 Executing non-safepoint VM operation: HandshakeAllThreads (Deoptimize) done
Event: 55.110 Executing non-safepoint VM operation: HandshakeAllThreads (Deoptimize)
Event: 55.110 Executing non-safepoint VM operation: HandshakeAllThreads (Deoptimize) done
Event: 55.286 Executing non-safepoint VM operation: HandshakeAllThreads (Deoptimize)
Event: 55.286 Executing non-safepoint VM operation: HandshakeAllThreads (Deoptimize) done
Event: 55.288 Executing non-safepoint VM operation: HandshakeAllThreads (Deoptimize)
Event: 55.288 Executing non-safepoint VM operation: HandshakeAllThreads (Deoptimize) done
Event: 55.804 Executing safepoint VM operation: ICBufferFull
Event: 55.805 Executing safepoint VM operation: ICBufferFull done

Memory protections (0 events):
No events

Nmethod flushes (20 events):
Event: 13.267 Thread 0x0000023ce360e760 flushing  nmethod 0x0000023ce6c22210
Event: 13.267 Thread 0x0000023ce360e760 flushing  nmethod 0x0000023ce6c22d90
Event: 13.267 Thread 0x0000023ce360e760 flushing  nmethod 0x0000023ce6c23210
Event: 13.267 Thread 0x0000023ce360e760 flushing  nmethod 0x0000023ce6c24090
Event: 13.267 Thread 0x0000023ce360e760 flushing  nmethod 0x0000023ce6c25710
Event: 13.267 Thread 0x0000023ce360e760 flushing  nmethod 0x0000023ce6c25e90
Event: 13.267 Thread 0x0000023ce360e760 flushing  nmethod 0x0000023ce6c26790
Event: 13.267 Thread 0x0000023ce360e760 flushing  nmethod 0x0000023ce6c29a90
Event: 13.267 Thread 0x0000023ce360e760 flushing  nmethod 0x0000023ce6c2ac90
Event: 13.267 Thread 0x0000023ce360e760 flushing  nmethod 0x0000023ce6c2b990
Event: 13.267 Thread 0x0000023ce360e760 flushing  nmethod 0x0000023ce6c2c190
Event: 13.267 Thread 0x0000023ce360e760 flushing  nmethod 0x0000023ce6c2c510
Event: 13.267 Thread 0x0000023ce360e760 flushing  nmethod 0x0000023ce6c3dd90
Event: 13.267 Thread 0x0000023ce360e760 flushing  nmethod 0x0000023ce6c4bb90
Event: 13.267 Thread 0x0000023ce360e760 flushing  nmethod 0x0000023ce6c4f290
Event: 13.267 Thread 0x0000023ce360e760 flushing  nmethod 0x0000023ce6c4f610
Event: 13.267 Thread 0x0000023ce360e760 flushing  nmethod 0x0000023ce6c92d90
Event: 13.267 Thread 0x0000023ce360e760 flushing  nmethod 0x0000023ce6ca2d90
Event: 13.267 Thread 0x0000023ce360e760 flushing  nmethod 0x0000023ce6ca3a90
Event: 13.267 Thread 0x0000023ce360e760 flushing  nmethod 0x0000023ce6ca8710

Events (20 events):
Event: 19.320 Thread 0x0000023cfb4d1990 Thread added: 0x0000023cc5b32dc0
Event: 19.794 Thread 0x0000023cc5b32dc0 Thread exited: 0x0000023cc5b32dc0
Event: 25.690 Thread 0x0000023cc5b34230 Thread exited: 0x0000023cc5b34230
Event: 47.401 Thread 0x0000023cfb4d1990 Thread added: 0x0000023cc5b32dc0
Event: 47.401 Thread 0x0000023cfb4d1990 Thread added: 0x0000023cc5b34fd0
Event: 47.550 Thread 0x0000023cc5b34fd0 Thread exited: 0x0000023cc5b34fd0
Event: 47.550 Thread 0x0000023cc5b32dc0 Thread exited: 0x0000023cc5b32dc0
Event: 54.694 Thread 0x0000023cfb4d1990 Thread added: 0x0000023cc5b34230
Event: 54.694 Thread 0x0000023cfb4d1990 Thread added: 0x0000023cc5b32dc0
Event: 54.694 Thread 0x0000023cfb4d1990 Thread added: 0x0000023cc5b33490
Event: 54.694 Thread 0x0000023cfb4d1990 Thread added: 0x0000023cc5b34900
Event: 54.695 Thread 0x0000023cfb4d1990 Thread added: 0x0000023cc5b33b60
Event: 55.791 Thread 0x0000023cc5b33b60 Thread exited: 0x0000023cc5b33b60
Event: 55.821 Thread 0x0000023cfe5bf190 Thread added: 0x0000023cfeee8130
Event: 55.828 Thread 0x0000023cfdbf8c50 Thread added: 0x0000023cfeee8e50
Event: 55.836 Thread 0x0000023cfeee8e50 Thread added: 0x0000023cfeeea890
Event: 55.837 Thread 0x0000023cfeee8e50 Thread exited: 0x0000023cfeee8e50
Event: 55.838 Thread 0x0000023cfeeea890 Thread exited: 0x0000023cfeeea890
Event: 55.912 Thread 0x0000023cfb4cefb0 Thread added: 0x0000023cc5b33b60
Event: 55.912 Thread 0x0000023cfb4cefb0 Thread added: 0x0000023cc5b34fd0


Dynamic libraries:
0x00007ff603210000 - 0x00007ff60321e000 	c:\Users\USER\.vscode\extensions\redhat.java-1.54.0-win32-x64\jre\21.0.10-win32-x86_64\bin\java.exe
0x00007ffc5a6a0000 - 0x00007ffc5a907000 	C:\WINDOWS\SYSTEM32\ntdll.dll
0x00007ffc58bc0000 - 0x00007ffc58c89000 	C:\WINDOWS\System32\KERNEL32.DLL
0x00007ffc575a0000 - 0x00007ffc57994000 	C:\WINDOWS\System32\KERNELBASE.dll
0x00007ffc57160000 - 0x00007ffc572ab000 	C:\WINDOWS\System32\ucrtbase.dll
0x00007ffbff220000 - 0x00007ffbff23e000 	c:\Users\USER\.vscode\extensions\redhat.java-1.54.0-win32-x64\jre\21.0.10-win32-x86_64\bin\VCRUNTIME140.dll
0x00007ffbfeff0000 - 0x00007ffbff008000 	c:\Users\USER\.vscode\extensions\redhat.java-1.54.0-win32-x64\jre\21.0.10-win32-x86_64\bin\jli.dll
0x00007ffc58c90000 - 0x00007ffc58e55000 	C:\WINDOWS\System32\USER32.dll
0x00007ffc579a0000 - 0x00007ffc579c7000 	C:\WINDOWS\System32\win32u.dll
0x00007ffc58fd0000 - 0x00007ffc58ffb000 	C:\WINDOWS\System32\GDI32.dll
0x00007ffc40130000 - 0x00007ffc403c3000 	C:\WINDOWS\WinSxS\amd64_microsoft.windows.common-controls_6595b64144ccf1df_6.0.26100.8115_none_3e075c82e3354f9c\COMCTL32.dll
0x00007ffc58e60000 - 0x00007ffc58f09000 	C:\WINDOWS\System32\msvcrt.dll
0x00007ffc57030000 - 0x00007ffc5715b000 	C:\WINDOWS\System32\gdi32full.dll
0x00007ffc58380000 - 0x00007ffc58423000 	C:\WINDOWS\System32\msvcp_win.dll
0x00007ffc59000000 - 0x00007ffc59032000 	C:\WINDOWS\System32\IMM32.DLL
0x00007ffc21ae0000 - 0x00007ffc21aec000 	c:\Users\USER\.vscode\extensions\redhat.java-1.54.0-win32-x64\jre\21.0.10-win32-x86_64\bin\vcruntime140_1.dll
0x00007ffbc0d90000 - 0x00007ffbc0e1d000 	c:\Users\USER\.vscode\extensions\redhat.java-1.54.0-win32-x64\jre\21.0.10-win32-x86_64\bin\msvcp140.dll
0x00007ffbafda0000 - 0x00007ffbb0b41000 	c:\Users\USER\.vscode\extensions\redhat.java-1.54.0-win32-x64\jre\21.0.10-win32-x86_64\bin\server\jvm.dll
0x00007ffc58490000 - 0x00007ffc58546000 	C:\WINDOWS\System32\ADVAPI32.dll
0x00007ffc58ad0000 - 0x00007ffc58b77000 	C:\WINDOWS\System32\sechost.dll
0x00007ffc5a440000 - 0x00007ffc5a558000 	C:\WINDOWS\System32\RPCRT4.dll
0x00007ffc5a2b0000 - 0x00007ffc5a330000 	C:\WINDOWS\System32\WS2_32.dll
0x00007ffc55b70000 - 0x00007ffc55bce000 	C:\WINDOWS\SYSTEM32\POWRPROF.dll
0x00007ffc50100000 - 0x00007ffc5010b000 	C:\WINDOWS\SYSTEM32\VERSION.dll
0x00007ffc4ddb0000 - 0x00007ffc4dde6000 	C:\WINDOWS\SYSTEM32\WINMM.dll
0x00007ffc55b50000 - 0x00007ffc55b64000 	C:\WINDOWS\SYSTEM32\UMPDC.dll
0x00007ffc55e20000 - 0x00007ffc55e3b000 	C:\WINDOWS\SYSTEM32\kernel.appcore.dll
0x00007ffc1df40000 - 0x00007ffc1df4a000 	c:\Users\USER\.vscode\extensions\redhat.java-1.54.0-win32-x64\jre\21.0.10-win32-x86_64\bin\jimage.dll
0x00007ffc54c20000 - 0x00007ffc54e62000 	C:\WINDOWS\SYSTEM32\DBGHELP.DLL
0x00007ffc58650000 - 0x00007ffc589d2000 	C:\WINDOWS\System32\combase.dll
0x00007ffc589e0000 - 0x00007ffc58ab8000 	C:\WINDOWS\System32\OLEAUT32.dll
0x00007ffc22bd0000 - 0x00007ffc22c0b000 	C:\WINDOWS\SYSTEM32\dbgcore.DLL
0x00007ffc57a60000 - 0x00007ffc57b05000 	C:\WINDOWS\System32\bcryptPrimitives.dll
0x00007ffc1da20000 - 0x00007ffc1da2f000 	c:\Users\USER\.vscode\extensions\redhat.java-1.54.0-win32-x64\jre\21.0.10-win32-x86_64\bin\instrument.dll
0x00007ffbfbbc0000 - 0x00007ffbfbbe0000 	c:\Users\USER\.vscode\extensions\redhat.java-1.54.0-win32-x64\jre\21.0.10-win32-x86_64\bin\java.dll
0x00007ffc59b40000 - 0x00007ffc5a2a7000 	C:\WINDOWS\System32\SHELL32.dll
0x00007ffc57430000 - 0x00007ffc5759a000 	C:\WINDOWS\System32\wintypes.dll
0x00007ffc57b10000 - 0x00007ffc58378000 	C:\WINDOWS\System32\windows.storage.dll
0x00007ffc59220000 - 0x00007ffc59318000 	C:\WINDOWS\System32\SHCORE.dll
0x00007ffc5a5e0000 - 0x00007ffc5a646000 	C:\WINDOWS\System32\shlwapi.dll
0x00007ffc56e90000 - 0x00007ffc56eb9000 	C:\WINDOWS\SYSTEM32\profapi.dll
0x00007ffbfbcc0000 - 0x00007ffbfbcd8000 	c:\Users\USER\.vscode\extensions\redhat.java-1.54.0-win32-x64\jre\21.0.10-win32-x86_64\bin\zip.dll
0x00007ffc1c960000 - 0x00007ffc1c970000 	C:\Users\USER\.vscode\extensions\redhat.java-1.54.0-win32-x64\jre\21.0.10-win32-x86_64\bin\net.dll
0x00007ffc50ad0000 - 0x00007ffc50bfd000 	C:\WINDOWS\SYSTEM32\WINHTTP.dll
0x00007ffc56390000 - 0x00007ffc563fc000 	C:\WINDOWS\system32\mswsock.dll
0x00007ffbf5a30000 - 0x00007ffbf5a46000 	C:\Users\USER\.vscode\extensions\redhat.java-1.54.0-win32-x64\jre\21.0.10-win32-x86_64\bin\nio.dll
0x00007ffc1b610000 - 0x00007ffc1b620000 	c:\Users\USER\.vscode\extensions\redhat.java-1.54.0-win32-x64\jre\21.0.10-win32-x86_64\bin\verify.dll
0x00007ffbd47e0000 - 0x00007ffbd4825000 	C:\Users\USER\AppData\Roaming\Code\User\globalStorage\redhat.java\1.54.0\config_ss_win\org.eclipse.equinox.launcher\org.eclipse.equinox.launcher.win32.win32.x86_64_1.3.0.v20260203-2149\eclipse_11919.dll
0x00007ffc59510000 - 0x00007ffc596a7000 	C:\WINDOWS\System32\ole32.dll
0x00007ffc56680000 - 0x00007ffc5669b000 	C:\WINDOWS\SYSTEM32\CRYPTSP.dll
0x00007ffc55d80000 - 0x00007ffc55db9000 	C:\WINDOWS\system32\rsaenh.dll
0x00007ffc56440000 - 0x00007ffc56473000 	C:\WINDOWS\SYSTEM32\USERENV.dll
0x00007ffc56e60000 - 0x00007ffc56e8a000 	C:\WINDOWS\SYSTEM32\bcrypt.dll
0x00007ffc56670000 - 0x00007ffc5667c000 	C:\WINDOWS\SYSTEM32\CRYPTBASE.dll
0x00007ffc557c0000 - 0x00007ffc557f2000 	C:\WINDOWS\SYSTEM32\IPHLPAPI.DLL
0x00007ffc58640000 - 0x00007ffc5864a000 	C:\WINDOWS\System32\NSI.dll
0x00007ffbd1f60000 - 0x00007ffbd1fa9000 	C:\Users\USER\AppData\Local\Temp\jna-2614219\jna15534522487520217519.dll
0x00007ffc58ac0000 - 0x00007ffc58ac8000 	C:\WINDOWS\System32\PSAPI.DLL
0x00007ffc515a0000 - 0x00007ffc515bd000 	C:\WINDOWS\SYSTEM32\dhcpcsvc6.DLL
0x00007ffc51480000 - 0x00007ffc514a5000 	C:\WINDOWS\SYSTEM32\dhcpcsvc.DLL

JVMTI agents:
c:\Users\USER\.vscode\extensions\redhat.java-1.54.0-win32-x64\lombok\lombok-1.18.39-4050.jar path:c:\Users\USER\.vscode\extensions\redhat.java-1.54.0-win32-x64\jre\21.0.10-win32-x86_64\bin\instrument.dll, loaded, initialized, instrumentlib options:none

dbghelp: loaded successfully - version: 4.0.5 - missing functions: none
symbol engine: initialized successfully - sym options: 0x614 - pdb path: .;c:\Users\USER\.vscode\extensions\redhat.java-1.54.0-win32-x64\jre\21.0.10-win32-x86_64\bin;C:\WINDOWS\SYSTEM32;C:\WINDOWS\WinSxS\amd64_microsoft.windows.common-controls_6595b64144ccf1df_6.0.26100.8115_none_3e075c82e3354f9c;c:\Users\USER\.vscode\extensions\redhat.java-1.54.0-win32-x64\jre\21.0.10-win32-x86_64\bin\server;C:\Users\USER\AppData\Roaming\Code\User\globalStorage\redhat.java\1.54.0\config_ss_win\org.eclipse.equinox.launcher\org.eclipse.equinox.launcher.win32.win32.x86_64_1.3.0.v20260203-2149;C:\Users\USER\AppData\Local\Temp\jna-2614219

VM Arguments:
jvm_args: --add-modules=ALL-SYSTEM --add-opens=java.base/java.util=ALL-UNNAMED --add-opens=java.base/java.lang=ALL-UNNAMED --add-opens=java.base/sun.nio.fs=ALL-UNNAMED -Declipse.application=org.eclipse.jdt.ls.core.id1 -Dosgi.bundles.defaultStartLevel=4 -Declipse.product=org.eclipse.jdt.ls.core.product -Djava.import.generatesMetadataFilesAtProjectRoot=false -DDetectVMInstallationsJob.disabled=true -Dfile.encoding=utf8 -XX:+UseParallelGC -XX:GCTimeRatio=4 -XX:AdaptiveSizePolicyWeight=90 -Dsun.zip.disableMemoryMapping=true -Xmx2G -Xms100m -Xlog:disable -javaagent:c:\Users\USER\.vscode\extensions\redhat.java-1.54.0-win32-x64\lombok\lombok-1.18.39-4050.jar 
java_command: c:\Users\USER\.vscode\extensions\redhat.java-1.54.0-win32-x64\server\plugins\org.eclipse.equinox.launcher_1.7.100.v20251111-0406.jar -configuration c:\Users\USER\AppData\Roaming\Code\User\globalStorage\redhat.java\1.54.0\config_ss_win -data c:\Users\USER\AppData\Roaming\Code\User\workspaceStorage\b2008296fa39ba4f4d5c3c75dc19f26c\redhat.java\ss_ws --pipe=\\.\pipe\lsp-692913c2084bd6e2580fa8e3bbecae21-sock
java_class_path (initial): c:\Users\USER\.vscode\extensions\redhat.java-1.54.0-win32-x64\server\plugins\org.eclipse.equinox.launcher_1.7.100.v20251111-0406.jar
Launcher Type: SUN_STANDARD

[Global flags]
    uintx AdaptiveSizePolicyWeight                 = 90                                        {product} {command line}
     intx CICompilerCount                          = 12                                        {product} {ergonomic}
    uintx GCTimeRatio                              = 4                                         {product} {command line}
   size_t InitialHeapSize                          = 104857600                                 {product} {command line}
   size_t MaxHeapSize                              = 2147483648                                {product} {command line}
   size_t MaxNewSize                               = 715653120                                 {product} {ergonomic}
   size_t MinHeapDeltaBytes                        = 524288                                    {product} {ergonomic}
   size_t MinHeapSize                              = 104857600                                 {product} {command line}
   size_t NewSize                                  = 34603008                                  {product} {ergonomic}
    uintx NonNMethodCodeHeapSize                   = 7602480                                {pd product} {ergonomic}
    uintx NonProfiledCodeHeapSize                  = 122027880                              {pd product} {ergonomic}
   size_t OldSize                                  = 70254592                                  {product} {ergonomic}
    uintx ProfiledCodeHeapSize                     = 122027880                              {pd product} {ergonomic}
    uintx ReservedCodeCacheSize                    = 251658240                              {pd product} {ergonomic}
     bool SegmentedCodeCache                       = true                                      {product} {ergonomic}
   size_t SoftMaxHeapSize                          = 2147483648                             {manageable} {ergonomic}
     bool UseCompressedOops                        = true                           {product lp64_product} {ergonomic}
     bool UseLargePagesIndividualAllocation        = false                                  {pd product} {ergonomic}
     bool UseParallelGC                            = true                                      {product} {command line}

Logging:
Log output configuration:
 #0: stdout all=off uptime,level,tags foldmultilines=false
 #1: stderr all=off uptime,level,tags foldmultilines=false

Release file:
JAVA_VERSION="21.0.10" 
MODULES="java.base java.compiler java.datatransfer java.xml java.prefs java.desktop java.instrument java.logging java.management java.security.sasl java.naming java.rmi java.management.rmi java.net.http java.scripting java.security.jgss java.transaction.xa java.sql java.sql.rowset java.xml.crypto java.se java.smartcardio jdk.accessibility jdk.internal.jvmstat jdk.attach jdk.charsets jdk.internal.opt jdk.zipfs jdk.compiler jdk.crypto.ec jdk.crypto.cryptoki jdk.crypto.mscapi jdk.dynalink jdk.internal.ed jdk.editpad jdk.hotspot.agent jdk.httpserver jdk.internal.le jdk.internal.vm.ci jdk.internal.vm.compiler jdk.internal.vm.compiler.management jdk.jartool jdk.javadoc jdk.jcmd jdk.management jdk.management.agent jdk.jconsole jdk.jdeps jdk.jdwp.agent jdk.jdi jdk.jfr jdk.jshell jdk.jsobject jdk.jstatd jdk.localedata jdk.management.jfr jdk.naming.dns jdk.naming.rmi jdk.net jdk.nio.mapmode jdk.random jdk.sctp jdk.security.auth jdk.security.jgss jdk.unsupported jdk.unsupported.desktop jdk.xml.dom" 

Environment Variables:
PATH=C:\Users\USER\AppData\Local\Programs\Microsoft VS Code;C:\Program Files\Common Files\Oracle\Java\javapath;C:\WINDOWS\system32;C:\WINDOWS;C:\WINDOWS\System32\Wbem;C:\WINDOWS\System32\WindowsPowerShell\v1.0\;C:\WINDOWS\System32\OpenSSH\;C:\Program Files\dotnet\;C:\Program Files\NVIDIA Corporation\NVIDIA app\NvDLISR;C:\Program Files (x86)\NVIDIA Corporation\PhysX\Common;C:\Program Files\Git\cmd;C:\Program Files\nodejs\;C:\Users\USER\AppData\Local\Microsoft\WindowsApps;C:\Users\USER\AppData\Local\Programs\Microsoft VS Code\bin;C:\msys64\ucrt64\bin;C:\Users\USER\AppData\Local\spicetify;C:\Users\USER\AppData\Local\GitHubDesktop\bin;C:\Users\USER\AppData\Roaming\npm;C:\Users\USER\AppData\Local\Programs\Antigravity\bin
USERNAME=USER
OS=Windows_NT
PROCESSOR_IDENTIFIER=Intel64 Family 6 Model 186 Stepping 2, GenuineIntel
TMP=C:\Users\USER\AppData\Local\Temp
TEMP=C:\Users\USER\AppData\Local\Temp




Periodic native trim disabled

---------------  S Y S T E M  ---------------

OS:
 Windows 11 , 64 bit Build 26100 (10.0.26100.8246)
OS uptime: 0 days 17:23 hours
Hyper-V role detected

CPU: total 16 (initial active 16) (8 cores per cpu, 2 threads per core) family 6 model 186 stepping 2 microcode 0x4122, cx8, cmov, fxsr, ht, mmx, 3dnowpref, sse, sse2, sse3, ssse3, sse4.1, sse4.2, popcnt, lzcnt, tsc, tscinvbit, avx, avx2, aes, erms, clmul, bmi1, bmi2, adx, sha, fma, vzeroupper, clflush, clflushopt, clwb, hv, serialize, rdtscp, rdpid, fsrm, f16c, cet_ibt, cet_ss
Processor Information for processor 0
  Max Mhz: 2400, Current Mhz: 2400, Mhz Limit: 2400
Processor Information for processor 1
  Max Mhz: 2400, Current Mhz: 2400, Mhz Limit: 2400
Processor Information for processor 2
  Max Mhz: 2400, Current Mhz: 2400, Mhz Limit: 2400
Processor Information for processor 3
  Max Mhz: 2400, Current Mhz: 2400, Mhz Limit: 2400
Processor Information for processor 4
  Max Mhz: 2400, Current Mhz: 2400, Mhz Limit: 2400
Processor Information for processor 5
  Max Mhz: 2400, Current Mhz: 2400, Mhz Limit: 2400
Processor Information for processor 6
  Max Mhz: 2400, Current Mhz: 2400, Mhz Limit: 2400
Processor Information for processor 7
  Max Mhz: 2400, Current Mhz: 2400, Mhz Limit: 2400
Processor Information for processor 8
  Max Mhz: 2400, Current Mhz: 2400, Mhz Limit: 2400
Processor Information for processor 9
  Max Mhz: 2400, Current Mhz: 2400, Mhz Limit: 2400
Processor Information for processor 10
  Max Mhz: 2400, Current Mhz: 2400, Mhz Limit: 2400
Processor Information for processor 11
  Max Mhz: 2400, Current Mhz: 2400, Mhz Limit: 2400
Processor Information for processor 12
  Max Mhz: 2400, Current Mhz: 1500, Mhz Limit: 1800
Processor Information for processor 13
  Max Mhz: 2400, Current Mhz: 1800, Mhz Limit: 1800
Processor Information for processor 14
  Max Mhz: 2400, Current Mhz: 1500, Mhz Limit: 1800
Processor Information for processor 15
  Max Mhz: 2400, Current Mhz: 1500, Mhz Limit: 1800

Memory: 4k page, system-wide physical 16003M (2000M free)
TotalPageFile size 21230M (AvailPageFile size 60M)
current process WorkingSet (physical memory assigned to process): 231M, peak: 243M
current process commit charge ("private bytes"): 345M, peak: 365M

vm_info: OpenJDK 64-Bit Server VM (21.0.10+7-LTS) for windows-amd64 JRE (21.0.10+7-LTS), built on 2026-01-20T00:00:00Z by "admin" with MS VC++ 17.12 (VS2022)

END.
