#
# There is insufficient memory for the Java Runtime Environment to continue.
# Native memory allocation (mmap) failed to map 4096 bytes. Error detail: card table expansion
# Possible reasons:
#   The system is out of physical RAM or swap space
#   This process is running with CompressedOops enabled, and the Java Heap may be blocking the growth of the native heap
# Possible solutions:
#   Reduce memory load on the system
#   Increase physical memory or swap space
#   Check if swap backing store is full
#   Decrease Java heap size (-Xmx/-Xms)
#   Decrease number of Java threads
#   Decrease Java thread stack sizes (-Xss)
#   Set larger code cache with -XX:ReservedCodeCacheSize=
#   JVM is running with Unscaled Compressed Oops mode in which the Java heap is
#     placed in the first 4GB address space. The Java Heap base address is the
#     maximum limit for the native heap growth. Please use -XX:HeapBaseMinAddress
#     to set the Java Heap base and to place the Java Heap above 4GB virtual address.
# This output file may be truncated or incomplete.
#
#  Out of Memory Error (os_windows.cpp:3714), pid=19864, tid=29052
#
# JRE version: OpenJDK Runtime Environment Temurin-21.0.10+7 (21.0.10+7) (build 21.0.10+7-LTS)
# Java VM: OpenJDK 64-Bit Server VM Temurin-21.0.10+7 (21.0.10+7-LTS, mixed mode, sharing, tiered, compressed oops, compressed class ptrs, parallel gc, windows-amd64)
# No core dump will be written. Minidumps are not enabled by default on client versions of Windows
#

---------------  S U M M A R Y ------------

Command Line: --add-modules=ALL-SYSTEM --add-opens=java.base/java.util=ALL-UNNAMED --add-opens=java.base/java.lang=ALL-UNNAMED --add-opens=java.base/sun.nio.fs=ALL-UNNAMED -Declipse.application=org.eclipse.jdt.ls.core.id1 -Dosgi.bundles.defaultStartLevel=4 -Declipse.product=org.eclipse.jdt.ls.core.product -Djava.import.generatesMetadataFilesAtProjectRoot=false -DDetectVMInstallationsJob.disabled=true -Dfile.encoding=utf8 -XX:+UseParallelGC -XX:GCTimeRatio=4 -XX:AdaptiveSizePolicyWeight=90 -Dsun.zip.disableMemoryMapping=true -Xmx2G -Xms100m -Xlog:disable -javaagent:c:\Users\USER\.vscode\extensions\redhat.java-1.54.0-win32-x64\lombok\lombok-1.18.39-4050.jar -XX:+HeapDumpOnOutOfMemoryError -XX:HeapDumpPath=c:\Users\USER\AppData\Roaming\Code\User\workspaceStorage\b2008296fa39ba4f4d5c3c75dc19f26c\redhat.java -Daether.dependencyCollector.impl=bf c:\Users\USER\.vscode\extensions\redhat.java-1.54.0-win32-x64\server\plugins\org.eclipse.equinox.launcher_1.7.100.v20251111-0406.jar -configuration c:\Users\USER\AppData\Roaming\Code\User\globalStorage\redhat.java\1.54.0\config_win -data c:\Users\USER\AppData\Roaming\Code\User\workspaceStorage\b2008296fa39ba4f4d5c3c75dc19f26c\redhat.java\jdt_ws --pipe=\\.\pipe\lsp-4361e5f67b2c55a86bc6517c3c444a42-sock

Host: 13th Gen Intel(R) Core(TM) i7-13620H, 16 cores, 15G,  Windows 11 , 64 bit Build 26100 (10.0.26100.8246)
Time: Fri May  1 14:20:41 2026 Sri Lanka Standard Time elapsed time: 55.614388 seconds (0d 0h 0m 55s)

---------------  T H R E A D  ---------------

Current thread (0x000001508adaac00):  WorkerThread "GC Thread#11"   [id=29052, stack(0x0000004046a00000,0x0000004046b00000) (1024K)]

Stack: [0x0000004046a00000,0x0000004046b00000]
Native frames: (J=compiled Java code, j=interpreted, Vv=VM code, C=native code)
V  [jvm.dll+0x6d7a39]
V  [jvm.dll+0x8b4b26]
V  [jvm.dll+0x8b70de]
V  [jvm.dll+0x8b77c3]
V  [jvm.dll+0x284346]
V  [jvm.dll+0x6d4355]
V  [jvm.dll+0x6c808a]
V  [jvm.dll+0x1d567b]
V  [jvm.dll+0x70eb65]
V  [jvm.dll+0x70e591]
V  [jvm.dll+0x70e4d8]
V  [jvm.dll+0x70e674]
V  [jvm.dll+0x6e4e76]
V  [jvm.dll+0x714bff]
V  [jvm.dll+0x715739]
V  [jvm.dll+0x70b3aa]
V  [jvm.dll+0x70b942]
V  [jvm.dll+0x71813e]
V  [jvm.dll+0x8e2b41]
V  [jvm.dll+0x85f59d]
V  [jvm.dll+0x6d626d]
C  [ucrtbase.dll+0x37b0]
C  [KERNEL32.DLL+0x2e8d7]
C  [ntdll.dll+0x8c3fc]


---------------  P R O C E S S  ---------------

Threads class SMR info:
_java_thread_list=0x000001508b6c09e0, length=89, elements={
0x000001502a10da00, 0x0000015040bbd6e0, 0x00000150832752e0, 0x000001508327b450,
0x000001508327e380, 0x00000150832802a0, 0x0000015083280d00, 0x0000015083283aa0,
0x00000150832ba9a0, 0x00000150834c8950, 0x0000015089049470, 0x0000015089841ba0,
0x00000150891df8c0, 0x0000015089b7bcc0, 0x00000150834eb1c0, 0x0000015089e06f40,
0x00000150890a1710, 0x0000015089069570, 0x0000015089c8a510, 0x00000150893b6760,
0x00000150893b81a0, 0x00000150893b7b10, 0x000001508337c9f0, 0x000001508337d0a0,
0x000001508a9ee4a0, 0x0000015089ef2310, 0x00000150893b8830, 0x00000150893b6df0,
0x00000150893b8ec0, 0x000001508a084450, 0x000001508c470010, 0x00000150893b7480,
0x000001508bc5ef60, 0x000001508bc5fc80, 0x000001508bc5e8d0, 0x000001508bc5d520,
0x000001508bc5c800, 0x000001508bc5ce90, 0x000001508bc5dbb0, 0x000001508bc5e240,
0x000001508cd95220, 0x000001508cd94b90, 0x000001508cd958b0, 0x000001508cd95f40,
0x000001508cd965d0, 0x000001508cd972f0, 0x000001508cd93e70, 0x000001508cd96c60,
0x000001508cd97980, 0x000001508cd94500, 0x000001508cd9a770, 0x000001508cd9b490,
0x000001508cd9a0e0, 0x000001508a4463e0, 0x000001508bd5ff40, 0x000001508bd62010,
0x000001508bd605d0, 0x000001508bd64770, 0x000001508bd640e0, 0x000001508bd626a0,
0x000001508bd633c0, 0x000001508bd612f0, 0x000001508bd64e00, 0x000001508bd66840,
0x000001508bd66ed0, 0x000001508bd65490, 0x000001508bd63a50, 0x000001508bd65b20,
0x000001508bd67560, 0x000001508bd661b0, 0x000001508cd98010, 0x000001508e6371f0,
0x000001508e638c30, 0x000001508e637880, 0x000001508e639fe0, 0x000001508e637f10,
0x000001508e6385a0, 0x000001508e636b60, 0x000001508e6392c0, 0x000001508e639950,
0x000001508b834480, 0x000001508b834b10, 0x000001508b837270, 0x000001508b835830,
0x000001508b8351a0, 0x000001508b833df0, 0x000001508b839340, 0x000001508b838620,
0x000001508b837900
}

Java Threads: ( => current thread )
  0x000001502a10da00 JavaThread "main"                              [_thread_blocked, id=21592, stack(0x0000004044d00000,0x0000004044e00000) (1024K)]
  0x0000015040bbd6e0 JavaThread "Reference Handler"          daemon [_thread_blocked, id=5528, stack(0x0000004045100000,0x0000004045200000) (1024K)]
  0x00000150832752e0 JavaThread "Finalizer"                  daemon [_thread_blocked, id=19132, stack(0x0000004045200000,0x0000004045300000) (1024K)]
  0x000001508327b450 JavaThread "Signal Dispatcher"          daemon [_thread_blocked, id=31560, stack(0x0000004045300000,0x0000004045400000) (1024K)]
  0x000001508327e380 JavaThread "Attach Listener"            daemon [_thread_blocked, id=16304, stack(0x0000004045400000,0x0000004045500000) (1024K)]
  0x00000150832802a0 JavaThread "Service Thread"             daemon [_thread_blocked, id=2580, stack(0x0000004045500000,0x0000004045600000) (1024K)]
  0x0000015083280d00 JavaThread "Monitor Deflation Thread"   daemon [_thread_blocked, id=31276, stack(0x0000004045600000,0x0000004045700000) (1024K)]
  0x0000015083283aa0 JavaThread "C2 CompilerThread0"         daemon [_thread_in_native, id=5196, stack(0x0000004045700000,0x0000004045800000) (1024K)]
  0x00000150832ba9a0 JavaThread "C1 CompilerThread0"         daemon [_thread_blocked, id=14944, stack(0x0000004045800000,0x0000004045900000) (1024K)]
  0x00000150834c8950 JavaThread "Common-Cleaner"             daemon [_thread_blocked, id=24392, stack(0x0000004045b00000,0x0000004045c00000) (1024K)]
  0x0000015089049470 JavaThread "Notification Thread"        daemon [_thread_blocked, id=24292, stack(0x0000004045e00000,0x0000004045f00000) (1024K)]
  0x0000015089841ba0 JavaThread "Active Thread: Equinox Container: e54c50eb-d0db-4f5e-9f07-83f6f8be9f80"        [_thread_blocked, id=9900, stack(0x0000004046800000,0x0000004046900000) (1024K)]
  0x00000150891df8c0 JavaThread "Refresh Thread: Equinox Container: e54c50eb-d0db-4f5e-9f07-83f6f8be9f80" daemon [_thread_blocked, id=22648, stack(0x0000004045900000,0x0000004045a00000) (1024K)]
  0x0000015089b7bcc0 JavaThread "Framework Event Dispatcher: Equinox Container: e54c50eb-d0db-4f5e-9f07-83f6f8be9f80" daemon [_thread_blocked, id=20436, stack(0x0000004045a00000,0x0000004045b00000) (1024K)]
  0x00000150834eb1c0 JavaThread "Start Level: Equinox Container: e54c50eb-d0db-4f5e-9f07-83f6f8be9f80" daemon [_thread_blocked, id=16028, stack(0x0000004045c00000,0x0000004045d00000) (1024K)]
  0x0000015089e06f40 JavaThread "Bundle File Closer"         daemon [_thread_blocked, id=30820, stack(0x0000004046b00000,0x0000004046c00000) (1024K)]
  0x00000150890a1710 JavaThread "C1 CompilerThread1"         daemon [_thread_blocked, id=6524, stack(0x0000004046900000,0x0000004046a00000) (1024K)]
  0x0000015089069570 JavaThread "SCR Component Actor"        daemon [_thread_blocked, id=21700, stack(0x0000004046d00000,0x0000004046e00000) (1024K)]
  0x0000015089c8a510 JavaThread "Worker-JM"                         [_thread_blocked, id=13396, stack(0x0000004046f00000,0x0000004047000000) (1024K)]
  0x00000150893b6760 JavaThread "JNA Cleaner"                daemon [_thread_blocked, id=14500, stack(0x0000004046e00000,0x0000004046f00000) (1024K)]
  0x00000150893b81a0 JavaThread "Worker-0: Java indexing... "        [_thread_blocked, id=21780, stack(0x0000004047000000,0x0000004047100000) (1024K)]
  0x00000150893b7b10 JavaThread "Worker-1: Building"                [_thread_blocked, id=26836, stack(0x0000004047100000,0x0000004047200000) (1024K)]
  0x000001508337c9f0 JavaThread "C1 CompilerThread2"         daemon [_thread_blocked, id=6800, stack(0x0000004047300000,0x0000004047400000) (1024K)]
  0x000001508337d0a0 JavaThread "C1 CompilerThread3"         daemon [_thread_blocked, id=8816, stack(0x0000004047400000,0x0000004047500000) (1024K)]
  0x000001508a9ee4a0 JavaThread "C2 CompilerThread1"         daemon [_thread_blocked, id=28316, stack(0x0000004047200000,0x0000004047300000) (1024K)]
  0x0000015089ef2310 JavaThread "C2 CompilerThread2"         daemon [_thread_blocked, id=13436, stack(0x0000004047500000,0x0000004047600000) (1024K)]
  0x00000150893b8830 JavaThread "Worker-2"                          [_thread_blocked, id=23188, stack(0x0000004047600000,0x0000004047700000) (1024K)]
  0x00000150893b6df0 JavaThread "Worker-3: Initialize workspace"        [_thread_blocked, id=22368, stack(0x0000004047700000,0x0000004047800000) (1024K)]
  0x00000150893b8ec0 JavaThread "Java indexing"              daemon [_thread_blocked, id=10036, stack(0x0000004047800000,0x0000004047900000) (1024K)]
  0x000001508a084450 JavaThread "C2 CompilerThread3"         daemon [_thread_blocked, id=30792, stack(0x0000004047900000,0x0000004047a00000) (1024K)]
  0x000001508c470010 JavaThread "C2 CompilerThread4"         daemon [_thread_blocked, id=25480, stack(0x0000004047a00000,0x0000004047b00000) (1024K)]
  0x00000150893b7480 JavaThread "Worker-4"                          [_thread_blocked, id=15428, stack(0x0000004047d00000,0x0000004047e00000) (1024K)]
  0x000001508bc5ef60 JavaThread "Worker-5: Update classpath Job"        [_thread_blocked, id=15636, stack(0x0000004048000000,0x0000004048100000) (1024K)]
  0x000001508bc5fc80 JavaThread "Thread-1"                   daemon [_thread_in_native, id=18536, stack(0x0000004048100000,0x0000004048200000) (1024K)]
  0x000001508bc5e8d0 JavaThread "Thread-2"                   daemon [_thread_in_native, id=5676, stack(0x0000004048200000,0x0000004048300000) (1024K)]
  0x000001508bc5d520 JavaThread "Thread-3"                   daemon [_thread_in_native, id=20236, stack(0x0000004048300000,0x0000004048400000) (1024K)]
  0x000001508bc5c800 JavaThread "Thread-4"                   daemon [_thread_in_native, id=11768, stack(0x0000004048400000,0x0000004048500000) (1024K)]
  0x000001508bc5ce90 JavaThread "Thread-5"                   daemon [_thread_in_native, id=21600, stack(0x0000004048500000,0x0000004048600000) (1024K)]
  0x000001508bc5dbb0 JavaThread "Thread-6"                   daemon [_thread_in_native, id=25576, stack(0x0000004048600000,0x0000004048700000) (1024K)]
  0x000001508bc5e240 JavaThread "Thread-7"                   daemon [_thread_in_native, id=21648, stack(0x0000004048700000,0x0000004048800000) (1024K)]
  0x000001508cd95220 JavaThread "Thread-8"                   daemon [_thread_in_native, id=30352, stack(0x0000004048800000,0x0000004048900000) (1024K)]
  0x000001508cd94b90 JavaThread "Thread-9"                   daemon [_thread_in_native, id=22848, stack(0x0000004048900000,0x0000004048a00000) (1024K)]
  0x000001508cd958b0 JavaThread "Thread-10"                  daemon [_thread_in_native, id=12392, stack(0x0000004048a00000,0x0000004048b00000) (1024K)]
  0x000001508cd95f40 JavaThread "Thread-11"                  daemon [_thread_in_native, id=15208, stack(0x0000004048b00000,0x0000004048c00000) (1024K)]
  0x000001508cd965d0 JavaThread "Thread-12"                  daemon [_thread_in_native, id=8960, stack(0x0000004048c00000,0x0000004048d00000) (1024K)]
  0x000001508cd972f0 JavaThread "Thread-13"                  daemon [_thread_in_native, id=24872, stack(0x0000004048d00000,0x0000004048e00000) (1024K)]
  0x000001508cd93e70 JavaThread "Thread-14"                  daemon [_thread_in_native, id=16608, stack(0x0000004048e00000,0x0000004048f00000) (1024K)]
  0x000001508cd96c60 JavaThread "Thread-15"                  daemon [_thread_in_native, id=5564, stack(0x0000004048f00000,0x0000004049000000) (1024K)]
  0x000001508cd97980 JavaThread "Thread-16"                  daemon [_thread_in_native, id=28368, stack(0x0000004049000000,0x0000004049100000) (1024K)]
  0x000001508cd94500 JavaThread "Thread-17"                  daemon [_thread_in_native, id=21104, stack(0x0000004049100000,0x0000004049200000) (1024K)]
  0x000001508cd9a770 JavaThread "pool-2-thread-1"                   [_thread_blocked, id=11908, stack(0x0000004049200000,0x0000004049300000) (1024K)]
  0x000001508cd9b490 JavaThread "WorkspaceEventsHandler"            [_thread_blocked, id=15872, stack(0x0000004047c00000,0x0000004047d00000) (1024K)]
  0x000001508cd9a0e0 JavaThread "pool-1-thread-1"                   [_thread_blocked, id=14724, stack(0x0000004049300000,0x0000004049400000) (1024K)]
  0x000001508a4463e0 JavaThread "C2 CompilerThread5"         daemon [_thread_blocked, id=31620, stack(0x0000004049400000,0x0000004049500000) (1024K)]
  0x000001508bd5ff40 JavaThread "ForkJoinPool.commonPool-worker-1" daemon [_thread_blocked, id=23100, stack(0x0000004047b00000,0x0000004047c00000) (1024K)]
  0x000001508bd62010 JavaThread "ForkJoinPool.commonPool-worker-2" daemon [_thread_blocked, id=6668, stack(0x0000004049500000,0x0000004049600000) (1024K)]
  0x000001508bd605d0 JavaThread "ForkJoinPool.commonPool-worker-3" daemon [_thread_blocked, id=15576, stack(0x0000004049600000,0x0000004049700000) (1024K)]
  0x000001508bd64770 JavaThread "ForkJoinPool.commonPool-worker-4" daemon [_thread_blocked, id=23856, stack(0x0000004049700000,0x0000004049800000) (1024K)]
  0x000001508bd640e0 JavaThread "ForkJoinPool.commonPool-worker-5" daemon [_thread_blocked, id=19488, stack(0x0000004049800000,0x0000004049900000) (1024K)]
  0x000001508bd626a0 JavaThread "LocalFile Deleter"          daemon [_thread_blocked, id=13336, stack(0x0000004049900000,0x0000004049a00000) (1024K)]
  0x000001508bd633c0 JavaThread "LocalFile Deleter"          daemon [_thread_blocked, id=26668, stack(0x0000004049a00000,0x0000004049b00000) (1024K)]
  0x000001508bd612f0 JavaThread "LocalFile Deleter"          daemon [_thread_blocked, id=23004, stack(0x0000004049b00000,0x0000004049c00000) (1024K)]
  0x000001508bd64e00 JavaThread "LocalFile Deleter"          daemon [_thread_blocked, id=17552, stack(0x0000004049c00000,0x0000004049d00000) (1024K)]
  0x000001508bd66840 JavaThread "LocalFile Deleter"          daemon [_thread_blocked, id=28340, stack(0x0000004049d00000,0x0000004049e00000) (1024K)]
  0x000001508bd66ed0 JavaThread "LocalFile Deleter"          daemon [_thread_blocked, id=25824, stack(0x0000004049e00000,0x0000004049f00000) (1024K)]
  0x000001508bd65490 JavaThread "LocalFile Deleter"          daemon [_thread_blocked, id=3396, stack(0x0000004049f00000,0x000000404a000000) (1024K)]
  0x000001508bd63a50 JavaThread "LocalFile Deleter"          daemon [_thread_blocked, id=29636, stack(0x000000404a000000,0x000000404a100000) (1024K)]
  0x000001508bd65b20 JavaThread "LocalFile Deleter"          daemon [_thread_blocked, id=12748, stack(0x000000404a100000,0x000000404a200000) (1024K)]
  0x000001508bd67560 JavaThread "LocalFile Deleter"          daemon [_thread_blocked, id=5592, stack(0x000000404a200000,0x000000404a300000) (1024K)]
  0x000001508bd661b0 JavaThread "LocalFile Deleter"          daemon [_thread_blocked, id=22200, stack(0x000000404a300000,0x000000404a400000) (1024K)]
  0x000001508cd98010 JavaThread "LocalFile Deleter"          daemon [_thread_blocked, id=16704, stack(0x000000404a400000,0x000000404a500000) (1024K)]
  0x000001508e6371f0 JavaThread "LocalFile Deleter"          daemon [_thread_blocked, id=10424, stack(0x000000404a500000,0x000000404a600000) (1024K)]
  0x000001508e638c30 JavaThread "LocalFile Deleter"          daemon [_thread_blocked, id=20792, stack(0x000000404a600000,0x000000404a700000) (1024K)]
  0x000001508e637880 JavaThread "LocalFile Deleter"          daemon [_thread_blocked, id=23600, stack(0x000000404a700000,0x000000404a800000) (1024K)]
  0x000001508e639fe0 JavaThread "LocalFile Deleter"          daemon [_thread_blocked, id=20100, stack(0x000000404a800000,0x000000404a900000) (1024K)]
  0x000001508e637f10 JavaThread "Compiler Source File Reader" daemon [_thread_blocked, id=15640, stack(0x000000404a900000,0x000000404aa00000) (1024K)]
  0x000001508e6385a0 JavaThread "Compiler Source File Reader" daemon [_thread_blocked, id=19552, stack(0x000000404aa00000,0x000000404ab00000) (1024K)]
  0x000001508e636b60 JavaThread "Compiler Source File Reader" daemon [_thread_in_native, id=8272, stack(0x000000404ab00000,0x000000404ac00000) (1024K)]
  0x000001508e6392c0 JavaThread "Compiler Source File Reader" daemon [_thread_blocked, id=17480, stack(0x000000404ac00000,0x000000404ad00000) (1024K)]
  0x000001508e639950 JavaThread "Compiler Source File Reader" daemon [_thread_blocked, id=26940, stack(0x000000404ad00000,0x000000404ae00000) (1024K)]
  0x000001508b834480 JavaThread "Compiler Source File Reader" daemon [_thread_blocked, id=24464, stack(0x000000404ae00000,0x000000404af00000) (1024K)]
  0x000001508b834b10 JavaThread "Compiler Source File Reader" daemon [_thread_in_native, id=21020, stack(0x000000404af00000,0x000000404b000000) (1024K)]
  0x000001508b837270 JavaThread "Compiler Source File Reader" daemon [_thread_blocked, id=25060, stack(0x000000404b000000,0x000000404b100000) (1024K)]
  0x000001508b835830 JavaThread "Compiler Source File Reader" daemon [_thread_in_native, id=24180, stack(0x000000404b100000,0x000000404b200000) (1024K)]
  0x000001508b8351a0 JavaThread "Compiler Source File Reader" daemon [_thread_in_native, id=10956, stack(0x000000404b200000,0x000000404b300000) (1024K)]
  0x000001508b833df0 JavaThread "Compiler Source File Reader" daemon [_thread_blocked, id=11756, stack(0x000000404b300000,0x000000404b400000) (1024K)]
  0x000001508b839340 JavaThread "Compiler Source File Reader" daemon [_thread_in_native, id=11220, stack(0x000000404b400000,0x000000404b500000) (1024K)]
  0x000001508b838620 JavaThread "Compiler Source File Reader" daemon [_thread_blocked, id=2372, stack(0x000000404b500000,0x000000404b600000) (1024K)]
  0x000001508b837900 JavaThread "Compiler Source File Reader" daemon [_thread_in_native, id=9884, stack(0x000000404b600000,0x000000404b700000) (1024K)]
Total: 89

Other Threads:
  0x0000015040ba4080 VMThread "VM Thread"                           [id=26212, stack(0x0000004045000000,0x0000004045100000) (1024K)]
  0x0000015040a9ca00 WatcherThread "VM Periodic Task Thread"        [id=6828, stack(0x0000004044f00000,0x0000004045000000) (1024K)]
  0x000001502a12d080 WorkerThread "GC Thread#0"                     [id=21912, stack(0x0000004044e00000,0x0000004044f00000) (1024K)]
  0x00000150898556a0 WorkerThread "GC Thread#1"                     [id=19260, stack(0x0000004046000000,0x0000004046100000) (1024K)]
  0x0000015089856260 WorkerThread "GC Thread#2"                     [id=24712, stack(0x0000004046100000,0x0000004046200000) (1024K)]
  0x0000015089856610 WorkerThread "GC Thread#3"                     [id=10916, stack(0x0000004046200000,0x0000004046300000) (1024K)]
  0x0000015089aa9b60 WorkerThread "GC Thread#4"                     [id=16556, stack(0x0000004046300000,0x0000004046400000) (1024K)]
  0x0000015089aa9f10 WorkerThread "GC Thread#5"                     [id=9208, stack(0x0000004046400000,0x0000004046500000) (1024K)]
  0x0000015089aaa2c0 WorkerThread "GC Thread#6"                     [id=26772, stack(0x0000004046500000,0x0000004046600000) (1024K)]
  0x000001508983b2c0 WorkerThread "GC Thread#7"                     [id=14556, stack(0x0000004046700000,0x0000004046800000) (1024K)]
  0x00000150893c1860 WorkerThread "GC Thread#8"                     [id=19388, stack(0x0000004045d00000,0x0000004045e00000) (1024K)]
  0x00000150893c1c10 WorkerThread "GC Thread#9"                     [id=24232, stack(0x0000004045f00000,0x0000004046000000) (1024K)]
  0x00000150893c1fc0 WorkerThread "GC Thread#10"                    [id=13128, stack(0x0000004046600000,0x0000004046700000) (1024K)]
=>0x000001508adaac00 WorkerThread "GC Thread#11"                    [id=29052, stack(0x0000004046a00000,0x0000004046b00000) (1024K)]
  0x000001508949a8f0 WorkerThread "GC Thread#12"                    [id=8284, stack(0x0000004046c00000,0x0000004046d00000) (1024K)]
Total: 15

Threads with active compile tasks:
C2 CompilerThread0  55641 8759       4       java.util.zip.ZipFile$Source::initCEN (612 bytes)
C2 CompilerThread1  55641 8765       4       java.lang.invoke.MethodHandleImpl::computeValueConversions (121 bytes)
C2 CompilerThread2  55641 8882       4       java.util.Arrays::compare (109 bytes)
C2 CompilerThread3  55641 8754       4       java.lang.ClassLoader::defineClass (43 bytes)
C2 CompilerThread4  55641 8764       4       java.lang.invoke.MethodHandleImpl::makePairwiseConvertByEditor (617 bytes)
C2 CompilerThread5  55642 8894   !   4       org.eclipse.jdt.internal.core.JavaModelManager::closeChildren (96 bytes)
Total: 6

VM state: at safepoint (normal execution)

VM Mutex/Monitor currently owned by a thread:  ([mutex/lock_event])
[0x00007ffbb0a5e560] Threads_lock - owner thread: 0x0000015040ba4080
[0x00007ffbb0a5e660] Heap_lock - owner thread: 0x00000150893b8ec0
[0x00007ffbb0a5eae0] PSOldGenExpand_lock - owner thread: 0x000001508adaac00

Heap address: 0x0000000080000000, size: 2048 MB, Compressed Oops mode: 32-bit

CDS archive(s) mapped at: [0x0000015041000000-0x0000015041ba0000-0x0000015041ba0000), size 12189696, SharedBaseAddress: 0x0000015041000000, ArchiveRelocationMode: 1.
Compressed class space mapped at: 0x0000015042000000-0x0000015082000000, reserved size: 1073741824
Narrow klass base: 0x0000015041000000, Narrow klass shift: 0, Narrow klass range: 0x100000000

GC Precious Log:
 CardTable entry size: 512
 CPUs: 16 total, 16 available
 Memory: 16003M
 Large Page Support: Disabled
 NUMA Support: Disabled
 Compressed Oops: Enabled (32-bit)
 Alignments: Space 512K, Generation 512K, Heap 2M
 Heap Min Capacity: 100M
 Heap Initial Capacity: 100M
 Heap Max Capacity: 2G
 Pre-touch: Disabled
 Parallel Workers: 13

Heap:
 PSYoungGen      total 3584K, used 3451K [0x00000000d5580000, 0x00000000d5a00000, 0x0000000100000000)
  eden space 2560K, 100% used [0x00000000d5580000,0x00000000d5800000,0x00000000d5800000)
  from space 1024K, 87% used [0x00000000d5880000,0x00000000d595ee00,0x00000000d5980000)
  to   space 512K, 93% used [0x00000000d5980000,0x00000000d59f8020,0x00000000d5a00000)
 ParOldGen       total 258048K, used 258045K [0x0000000080000000, 0x000000008fc80000, 0x00000000d5580000)
  object space 258048K, 99% used [0x0000000080000000,0x000000008fbff5d8,0x000000008fc00000)
 Metaspace       used 57540K, committed 58944K, reserved 1114112K
  class space    used 6151K, committed 6720K, reserved 1048576K

Card table byte_map: [0x0000015029ae0000,0x0000015029ef0000] _byte_map_base: 0x00000150296e0000

Marking Bits: (ParMarkBitMap*) 0x00007ffbb0a63450
 Begin Bits: [0x000001503c5c0000, 0x000001503e5c0000)
 End Bits:   [0x000001503e5c0000, 0x00000150405c0000)

Polling page: 0x00000150298d0000

Metaspace:

Usage:
  Non-class:     50.18 MB used.
      Class:      6.01 MB used.
       Both:     56.19 MB used.

Virtual space:
  Non-class space:       64.00 MB reserved,      51.00 MB ( 80%) committed,  1 nodes.
      Class space:        1.00 GB reserved,       6.56 MB ( <1%) committed,  1 nodes.
             Both:        1.06 GB reserved,      57.56 MB (  5%) committed. 

Chunk freelists:
   Non-Class:  13.03 MB
       Class:  9.41 MB
        Both:  22.44 MB

MaxMetaspaceSize: unlimited
CompressedClassSpaceSize: 1.00 GB
Initial GC threshold: 21.00 MB
Current GC threshold: 58.38 MB
CDS: on
 - commit_granule_bytes: 65536.
 - commit_granule_words: 8192.
 - virtual_space_node_default_size: 8388608.
 - enlarge_chunks_in_place: 1.
 - use_allocation_guard: 0.


Internal statistics:

num_allocs_failed_limit: 6.
num_arena_births: 964.
num_arena_deaths: 18.
num_vsnodes_births: 2.
num_vsnodes_deaths: 0.
num_space_committed: 921.
num_space_uncommitted: 0.
num_chunks_returned_to_freelist: 25.
num_chunks_taken_from_freelist: 3609.
num_chunk_merges: 9.
num_chunk_splits: 2217.
num_chunks_enlarged: 1287.
num_inconsistent_stats: 0.

CodeHeap 'non-profiled nmethods': size=119168Kb used=7176Kb max_used=7176Kb free=111991Kb
 bounds [0x0000015034eb0000, 0x00000150355c0000, 0x000001503c310000]
CodeHeap 'profiled nmethods': size=119104Kb used=18434Kb max_used=18434Kb free=100669Kb
 bounds [0x000001502d310000, 0x000001502e520000, 0x0000015034760000]
CodeHeap 'non-nmethods': size=7488Kb used=3114Kb max_used=3179Kb free=4373Kb
 bounds [0x0000015034760000, 0x0000015034ad0000, 0x0000015034eb0000]
CodeCache: size=245760Kb, used=28724Kb, max_used=28789Kb, free=217033Kb
 total_blobs=9036, nmethods=8294, adapters=645, full_count=0
Compilation: enabled, stopped_count=0, restarted_count=0

Compilation events (20 events):
Event: 55.604 Thread 0x00000150832ba9a0 nmethod 8895 0x00000150355b1710 code [0x00000150355b18a0, 0x00000150355b1970]
Event: 55.605 Thread 0x00000150832ba9a0 8898       3       java.util.Spliterators$IteratorSpliterator::<init> (39 bytes)
Event: 55.605 Thread 0x000001508337d0a0 nmethod 8900 0x000001502e50a210 code [0x000001502e50a3c0, 0x000001502e50a6a8]
Event: 55.605 Thread 0x000001508a4463e0 nmethod 8887 0x00000150355b1a10 code [0x00000150355b1ba0, 0x00000150355b1cb8]
Event: 55.605 Thread 0x000001508337c9f0 nmethod 8897 0x000001502e50a810 code [0x000001502e50a9e0, 0x000001502e50ade8]
Event: 55.605 Thread 0x00000150832ba9a0 nmethod 8898 0x000001502e50af90 code [0x000001502e50b140, 0x000001502e50b330]
Event: 55.605 Thread 0x000001508337d0a0 8901       3       org.eclipse.jdt.internal.core.JavaProject::getClasspathEntryFor (79 bytes)
Event: 55.605 Thread 0x00000150890a1710 nmethod 8899 0x000001502e50b410 code [0x000001502e50b660, 0x000001502e50c1b0]
Event: 55.605 Thread 0x000001508337c9f0 8902  s    3       org.eclipse.jdt.internal.core.JavaModelManager$PerProjectInfo::getRootPathToResolvedEntries (15 bytes)
Event: 55.606 Thread 0x000001508a4463e0 8894   !   4       org.eclipse.jdt.internal.core.JavaModelManager::closeChildren (96 bytes)
Event: 55.606 Thread 0x00000150832ba9a0 8903       3       org.eclipse.core.internal.resources.Project::hasNature (36 bytes)
Event: 55.606 Thread 0x000001508337c9f0 nmethod 8902 0x000001502e50c490 code [0x000001502e50c640, 0x000001502e50c908]
Event: 55.606 Thread 0x00000150890a1710 8904       3       org.eclipse.core.internal.resources.LocationValidator::validateName (145 bytes)
Event: 55.607 Thread 0x000001508337d0a0 nmethod 8901 0x000001502e50ca10 code [0x000001502e50cc80, 0x000001502e50d978]
Event: 55.607 Thread 0x00000150832ba9a0 nmethod 8903 0x000001502e50dd90 code [0x000001502e50dfc0, 0x000001502e50e968]
Event: 55.607 Thread 0x000001508337d0a0 8905       1       java.lang.invoke.MethodHandleImpl$CountingWrapper::getTarget (5 bytes)
Event: 55.607 Thread 0x000001508337d0a0 nmethod 8905 0x00000150355b1e10 code [0x00000150355b1fa0, 0x00000150355b2068]
Event: 55.607 Thread 0x000001508337d0a0 8906       3       java.util.Set::spliterator (6 bytes)
Event: 55.607 Thread 0x000001508337d0a0 nmethod 8906 0x000001502e50ec90 code [0x000001502e50ee60, 0x000001502e50f1f0]
Event: 55.607 Thread 0x00000150890a1710 nmethod 8904 0x000001502e50f310 code [0x000001502e50f620, 0x000001502e5103b0]

GC Heap History (20 events):
Event: 55.441 GC heap after
{Heap after GC invocations=236 (full 2):
 PSYoungGen      total 3584K, used 1018K [0x00000000d5580000, 0x00000000d5d00000, 0x0000000100000000)
  eden space 2560K, 0% used [0x00000000d5580000,0x00000000d5580000,0x00000000d5800000)
  from space 1024K, 99% used [0x00000000d5a00000,0x00000000d5afeac0,0x00000000d5b00000)
  to   space 2048K, 0% used [0x00000000d5800000,0x00000000d5800000,0x00000000d5a00000)
 ParOldGen       total 251904K, used 251849K [0x0000000080000000, 0x000000008f600000, 0x00000000d5580000)
  object space 251904K, 99% used [0x0000000080000000,0x000000008f5f26e0,0x000000008f600000)
 Metaspace       used 57264K, committed 58560K, reserved 1114112K
  class space    used 6118K, committed 6656K, reserved 1048576K
}
Event: 55.460 GC heap before
{Heap before GC invocations=237 (full 2):
 PSYoungGen      total 3584K, used 3578K [0x00000000d5580000, 0x00000000d5d00000, 0x0000000100000000)
  eden space 2560K, 100% used [0x00000000d5580000,0x00000000d5800000,0x00000000d5800000)
  from space 1024K, 99% used [0x00000000d5a00000,0x00000000d5afeac0,0x00000000d5b00000)
  to   space 2048K, 0% used [0x00000000d5800000,0x00000000d5800000,0x00000000d5a00000)
 ParOldGen       total 251904K, used 251849K [0x0000000080000000, 0x000000008f600000, 0x00000000d5580000)
  object space 251904K, 99% used [0x0000000080000000,0x000000008f5f26e0,0x000000008f600000)
 Metaspace       used 57314K, committed 58624K, reserved 1114112K
  class space    used 6128K, committed 6656K, reserved 1048576K
}
Event: 55.462 GC heap after
{Heap after GC invocations=237 (full 2):
 PSYoungGen      total 3584K, used 680K [0x00000000d5580000, 0x00000000d5b00000, 0x0000000100000000)
  eden space 2560K, 0% used [0x00000000d5580000,0x00000000d5580000,0x00000000d5800000)
  from space 1024K, 66% used [0x00000000d5800000,0x00000000d58aa388,0x00000000d5900000)
  to   space 1536K, 0% used [0x00000000d5980000,0x00000000d5980000,0x00000000d5b00000)
 ParOldGen       total 252928K, used 252735K [0x0000000080000000, 0x000000008f700000, 0x00000000d5580000)
  object space 252928K, 99% used [0x0000000080000000,0x000000008f6cfe80,0x000000008f700000)
 Metaspace       used 57314K, committed 58624K, reserved 1114112K
  class space    used 6128K, committed 6656K, reserved 1048576K
}
Event: 55.487 GC heap before
{Heap before GC invocations=238 (full 2):
 PSYoungGen      total 3584K, used 3211K [0x00000000d5580000, 0x00000000d5b00000, 0x0000000100000000)
  eden space 2560K, 98% used [0x00000000d5580000,0x00000000d57f89b0,0x00000000d5800000)
  from space 1024K, 66% used [0x00000000d5800000,0x00000000d58aa388,0x00000000d5900000)
  to   space 1536K, 0% used [0x00000000d5980000,0x00000000d5980000,0x00000000d5b00000)
 ParOldGen       total 252928K, used 252735K [0x0000000080000000, 0x000000008f700000, 0x00000000d5580000)
  object space 252928K, 99% used [0x0000000080000000,0x000000008f6cfe80,0x000000008f700000)
 Metaspace       used 57375K, committed 58752K, reserved 1114112K
  class space    used 6136K, committed 6720K, reserved 1048576K
}
Event: 55.488 GC heap after
{Heap after GC invocations=238 (full 2):
 PSYoungGen      total 3584K, used 832K [0x00000000d5580000, 0x00000000d5a80000, 0x0000000100000000)
  eden space 2560K, 0% used [0x00000000d5580000,0x00000000d5580000,0x00000000d5800000)
  from space 1024K, 81% used [0x00000000d5980000,0x00000000d5a50000,0x00000000d5a80000)
  to   space 1024K, 0% used [0x00000000d5800000,0x00000000d5800000,0x00000000d5900000)
 ParOldGen       total 253440K, used 253280K [0x0000000080000000, 0x000000008f780000, 0x00000000d5580000)
  object space 253440K, 99% used [0x0000000080000000,0x000000008f758050,0x000000008f780000)
 Metaspace       used 57375K, committed 58752K, reserved 1114112K
  class space    used 6136K, committed 6720K, reserved 1048576K
}
Event: 55.501 GC heap before
{Heap before GC invocations=239 (full 2):
 PSYoungGen      total 3584K, used 3312K [0x00000000d5580000, 0x00000000d5a80000, 0x0000000100000000)
  eden space 2560K, 96% used [0x00000000d5580000,0x00000000d57ec100,0x00000000d5800000)
  from space 1024K, 81% used [0x00000000d5980000,0x00000000d5a50000,0x00000000d5a80000)
  to   space 1024K, 0% used [0x00000000d5800000,0x00000000d5800000,0x00000000d5900000)
 ParOldGen       total 253440K, used 253280K [0x0000000080000000, 0x000000008f780000, 0x00000000d5580000)
  object space 253440K, 99% used [0x0000000080000000,0x000000008f758050,0x000000008f780000)
 Metaspace       used 57396K, committed 58752K, reserved 1114112K
  class space    used 6137K, committed 6720K, reserved 1048576K
}
Event: 55.503 GC heap after
{Heap after GC invocations=239 (full 2):
 PSYoungGen      total 3584K, used 836K [0x00000000d5580000, 0x00000000d5a00000, 0x0000000100000000)
  eden space 2560K, 0% used [0x00000000d5580000,0x00000000d5580000,0x00000000d5800000)
  from space 1024K, 81% used [0x00000000d5800000,0x00000000d58d1150,0x00000000d5900000)
  to   space 1024K, 0% used [0x00000000d5900000,0x00000000d5900000,0x00000000d5a00000)
 ParOldGen       total 253952K, used 253893K [0x0000000080000000, 0x000000008f800000, 0x00000000d5580000)
  object space 253952K, 99% used [0x0000000080000000,0x000000008f7f1450,0x000000008f800000)
 Metaspace       used 57396K, committed 58752K, reserved 1114112K
  class space    used 6137K, committed 6720K, reserved 1048576K
}
Event: 55.515 GC heap before
{Heap before GC invocations=240 (full 2):
 PSYoungGen      total 3584K, used 3274K [0x00000000d5580000, 0x00000000d5a00000, 0x0000000100000000)
  eden space 2560K, 95% used [0x00000000d5580000,0x00000000d57e1a80,0x00000000d5800000)
  from space 1024K, 81% used [0x00000000d5800000,0x00000000d58d1150,0x00000000d5900000)
  to   space 1024K, 0% used [0x00000000d5900000,0x00000000d5900000,0x00000000d5a00000)
 ParOldGen       total 253952K, used 253893K [0x0000000080000000, 0x000000008f800000, 0x00000000d5580000)
  object space 253952K, 99% used [0x0000000080000000,0x000000008f7f1450,0x000000008f800000)
 Metaspace       used 57430K, committed 58752K, reserved 1114112K
  class space    used 6140K, committed 6720K, reserved 1048576K
}
Event: 55.517 GC heap after
{Heap after GC invocations=240 (full 2):
 PSYoungGen      total 3584K, used 867K [0x00000000d5580000, 0x00000000d5a00000, 0x0000000100000000)
  eden space 2560K, 0% used [0x00000000d5580000,0x00000000d5580000,0x00000000d5800000)
  from space 1024K, 84% used [0x00000000d5900000,0x00000000d59d8ec0,0x00000000d5a00000)
  to   space 1024K, 0% used [0x00000000d5800000,0x00000000d5800000,0x00000000d5900000)
 ParOldGen       total 254976K, used 254552K [0x0000000080000000, 0x000000008f900000, 0x00000000d5580000)
  object space 254976K, 99% used [0x0000000080000000,0x000000008f896278,0x000000008f900000)
 Metaspace       used 57430K, committed 58752K, reserved 1114112K
  class space    used 6140K, committed 6720K, reserved 1048576K
}
Event: 55.526 GC heap before
{Heap before GC invocations=241 (full 2):
 PSYoungGen      total 3584K, used 3427K [0x00000000d5580000, 0x00000000d5a00000, 0x0000000100000000)
  eden space 2560K, 100% used [0x00000000d5580000,0x00000000d5800000,0x00000000d5800000)
  from space 1024K, 84% used [0x00000000d5900000,0x00000000d59d8ec0,0x00000000d5a00000)
  to   space 1024K, 0% used [0x00000000d5800000,0x00000000d5800000,0x00000000d5900000)
 ParOldGen       total 254976K, used 254552K [0x0000000080000000, 0x000000008f900000, 0x00000000d5580000)
  object space 254976K, 99% used [0x0000000080000000,0x000000008f896278,0x000000008f900000)
 Metaspace       used 57432K, committed 58752K, reserved 1114112K
  class space    used 6140K, committed 6720K, reserved 1048576K
}
Event: 55.527 GC heap after
{Heap after GC invocations=241 (full 2):
 PSYoungGen      total 3584K, used 1008K [0x00000000d5580000, 0x00000000d5c00000, 0x0000000100000000)
  eden space 2560K, 0% used [0x00000000d5580000,0x00000000d5580000,0x00000000d5800000)
  from space 1024K, 98% used [0x00000000d5800000,0x00000000d58fc120,0x00000000d5900000)
  to   space 2048K, 0% used [0x00000000d5a00000,0x00000000d5a00000,0x00000000d5c00000)
 ParOldGen       total 255488K, used 255303K [0x0000000080000000, 0x000000008f980000, 0x00000000d5580000)
  object space 255488K, 99% used [0x0000000080000000,0x000000008f951f98,0x000000008f980000)
 Metaspace       used 57432K, committed 58752K, reserved 1114112K
  class space    used 6140K, committed 6720K, reserved 1048576K
}
Event: 55.542 GC heap before
{Heap before GC invocations=242 (full 2):
 PSYoungGen      total 3584K, used 3568K [0x00000000d5580000, 0x00000000d5c00000, 0x0000000100000000)
  eden space 2560K, 100% used [0x00000000d5580000,0x00000000d5800000,0x00000000d5800000)
  from space 1024K, 98% used [0x00000000d5800000,0x00000000d58fc120,0x00000000d5900000)
  to   space 2048K, 0% used [0x00000000d5a00000,0x00000000d5a00000,0x00000000d5c00000)
 ParOldGen       total 255488K, used 255303K [0x0000000080000000, 0x000000008f980000, 0x00000000d5580000)
  object space 255488K, 99% used [0x0000000080000000,0x000000008f951f98,0x000000008f980000)
 Metaspace       used 57463K, committed 58816K, reserved 1114112K
  class space    used 6146K, committed 6720K, reserved 1048576K
}
Event: 55.543 GC heap after
{Heap after GC invocations=242 (full 2):
 PSYoungGen      total 3584K, used 738K [0x00000000d5580000, 0x00000000d5b00000, 0x0000000100000000)
  eden space 2560K, 0% used [0x00000000d5580000,0x00000000d5580000,0x00000000d5800000)
  from space 1024K, 72% used [0x00000000d5a00000,0x00000000d5ab8920,0x00000000d5b00000)
  to   space 1536K, 0% used [0x00000000d5800000,0x00000000d5800000,0x00000000d5980000)
 ParOldGen       total 256512K, used 256157K [0x0000000080000000, 0x000000008fa80000, 0x00000000d5580000)
  object space 256512K, 99% used [0x0000000080000000,0x000000008fa27480,0x000000008fa80000)
 Metaspace       used 57463K, committed 58816K, reserved 1114112K
  class space    used 6146K, committed 6720K, reserved 1048576K
}
Event: 55.556 GC heap before
{Heap before GC invocations=243 (full 2):
 PSYoungGen      total 3584K, used 3298K [0x00000000d5580000, 0x00000000d5b00000, 0x0000000100000000)
  eden space 2560K, 100% used [0x00000000d5580000,0x00000000d5800000,0x00000000d5800000)
  from space 1024K, 72% used [0x00000000d5a00000,0x00000000d5ab8920,0x00000000d5b00000)
  to   space 1536K, 0% used [0x00000000d5800000,0x00000000d5800000,0x00000000d5980000)
 ParOldGen       total 256512K, used 256157K [0x0000000080000000, 0x000000008fa80000, 0x00000000d5580000)
  object space 256512K, 99% used [0x0000000080000000,0x000000008fa27480,0x000000008fa80000)
 Metaspace       used 57483K, committed 58816K, reserved 1114112K
  class space    used 6148K, committed 6720K, reserved 1048576K
}
Event: 55.558 GC heap after
{Heap after GC invocations=243 (full 2):
 PSYoungGen      total 4096K, used 704K [0x00000000d5580000, 0x00000000d5a80000, 0x0000000100000000)
  eden space 2560K, 0% used [0x00000000d5580000,0x00000000d5580000,0x00000000d5800000)
  from space 1536K, 45% used [0x00000000d5800000,0x00000000d58b0000,0x00000000d5980000)
  to   space 1024K, 0% used [0x00000000d5980000,0x00000000d5980000,0x00000000d5a80000)
 ParOldGen       total 257024K, used 256756K [0x0000000080000000, 0x000000008fb00000, 0x00000000d5580000)
  object space 257024K, 99% used [0x0000000080000000,0x000000008fabd0e0,0x000000008fb00000)
 Metaspace       used 57483K, committed 58816K, reserved 1114112K
  class space    used 6148K, committed 6720K, reserved 1048576K
}
Event: 55.572 GC heap before
{Heap before GC invocations=244 (full 2):
 PSYoungGen      total 4096K, used 3233K [0x00000000d5580000, 0x00000000d5a80000, 0x0000000100000000)
  eden space 2560K, 98% used [0x00000000d5580000,0x00000000d57f8768,0x00000000d5800000)
  from space 1536K, 45% used [0x00000000d5800000,0x00000000d58b0000,0x00000000d5980000)
  to   space 1024K, 0% used [0x00000000d5980000,0x00000000d5980000,0x00000000d5a80000)
 ParOldGen       total 257024K, used 256756K [0x0000000080000000, 0x000000008fb00000, 0x00000000d5580000)
  object space 257024K, 99% used [0x0000000080000000,0x000000008fabd0e0,0x000000008fb00000)
 Metaspace       used 57514K, committed 58816K, reserved 1114112K
  class space    used 6150K, committed 6720K, reserved 1048576K
}
Event: 55.574 GC heap after
{Heap after GC invocations=244 (full 2):
 PSYoungGen      total 3584K, used 723K [0x00000000d5580000, 0x00000000d5a80000, 0x0000000100000000)
  eden space 2560K, 0% used [0x00000000d5580000,0x00000000d5580000,0x00000000d5800000)
  from space 1024K, 70% used [0x00000000d5980000,0x00000000d5a34f58,0x00000000d5a80000)
  to   space 1024K, 0% used [0x00000000d5880000,0x00000000d5880000,0x00000000d5980000)
 ParOldGen       total 257536K, used 257312K [0x0000000080000000, 0x000000008fb80000, 0x00000000d5580000)
  object space 257536K, 99% used [0x0000000080000000,0x000000008fb48060,0x000000008fb80000)
 Metaspace       used 57514K, committed 58816K, reserved 1114112K
  class space    used 6150K, committed 6720K, reserved 1048576K
}
Event: 55.592 GC heap before
{Heap before GC invocations=245 (full 2):
 PSYoungGen      total 3584K, used 3283K [0x00000000d5580000, 0x00000000d5a80000, 0x0000000100000000)
  eden space 2560K, 100% used [0x00000000d5580000,0x00000000d5800000,0x00000000d5800000)
  from space 1024K, 70% used [0x00000000d5980000,0x00000000d5a34f58,0x00000000d5a80000)
  to   space 1024K, 0% used [0x00000000d5880000,0x00000000d5880000,0x00000000d5980000)
 ParOldGen       total 257536K, used 257312K [0x0000000080000000, 0x000000008fb80000, 0x00000000d5580000)
  object space 257536K, 99% used [0x0000000080000000,0x000000008fb48060,0x000000008fb80000)
 Metaspace       used 57530K, committed 58944K, reserved 1114112K
  class space    used 6151K, committed 6720K, reserved 1048576K
}
Event: 55.594 GC heap after
{Heap after GC invocations=245 (full 2):
 PSYoungGen      total 3584K, used 891K [0x00000000d5580000, 0x00000000d5a00000, 0x0000000100000000)
  eden space 2560K, 0% used [0x00000000d5580000,0x00000000d5580000,0x00000000d5800000)
  from space 1024K, 87% used [0x00000000d5880000,0x00000000d595ee00,0x00000000d5980000)
  to   space 512K, 0% used [0x00000000d5980000,0x00000000d5980000,0x00000000d5a00000)
 ParOldGen       total 258048K, used 257879K [0x0000000080000000, 0x000000008fc00000, 0x00000000d5580000)
  object space 258048K, 99% used [0x0000000080000000,0x000000008fbd5f18,0x000000008fc00000)
 Metaspace       used 57530K, committed 58944K, reserved 1114112K
  class space    used 6151K, committed 6720K, reserved 1048576K
}
Event: 55.609 GC heap before
{Heap before GC invocations=246 (full 2):
 PSYoungGen      total 3584K, used 3451K [0x00000000d5580000, 0x00000000d5a00000, 0x0000000100000000)
  eden space 2560K, 100% used [0x00000000d5580000,0x00000000d5800000,0x00000000d5800000)
  from space 1024K, 87% used [0x00000000d5880000,0x00000000d595ee00,0x00000000d5980000)
  to   space 512K, 0% used [0x00000000d5980000,0x00000000d5980000,0x00000000d5a00000)
 ParOldGen       total 258048K, used 257879K [0x0000000080000000, 0x000000008fc00000, 0x00000000d5580000)
  object space 258048K, 99% used [0x0000000080000000,0x000000008fbd5f18,0x000000008fc00000)
 Metaspace       used 57540K, committed 58944K, reserved 1114112K
  class space    used 6151K, committed 6720K, reserved 1048576K
}

Dll operation events (10 events):
Event: 0.018 Loaded shared library c:\Users\USER\.vscode\extensions\redhat.java-1.54.0-win32-x64\jre\21.0.10-win32-x86_64\bin\java.dll
Event: 0.140 Loaded shared library c:\Users\USER\.vscode\extensions\redhat.java-1.54.0-win32-x64\jre\21.0.10-win32-x86_64\bin\zip.dll
Event: 0.179 Loaded shared library C:\Users\USER\.vscode\extensions\redhat.java-1.54.0-win32-x64\jre\21.0.10-win32-x86_64\bin\instrument.dll
Event: 0.193 Loaded shared library C:\Users\USER\.vscode\extensions\redhat.java-1.54.0-win32-x64\jre\21.0.10-win32-x86_64\bin\net.dll
Event: 0.196 Loaded shared library C:\Users\USER\.vscode\extensions\redhat.java-1.54.0-win32-x64\jre\21.0.10-win32-x86_64\bin\nio.dll
Event: 0.202 Loaded shared library C:\Users\USER\.vscode\extensions\redhat.java-1.54.0-win32-x64\jre\21.0.10-win32-x86_64\bin\zip.dll
Event: 0.249 Loaded shared library C:\Users\USER\.vscode\extensions\redhat.java-1.54.0-win32-x64\jre\21.0.10-win32-x86_64\bin\jimage.dll
Event: 0.445 Loaded shared library c:\Users\USER\.vscode\extensions\redhat.java-1.54.0-win32-x64\jre\21.0.10-win32-x86_64\bin\verify.dll
Event: 9.144 Loaded shared library C:\Users\USER\AppData\Roaming\Code\User\globalStorage\redhat.java\1.54.0\config_win\org.eclipse.equinox.launcher\org.eclipse.equinox.launcher.win32.win32.x86_64_1.3.0.v20260203-2149\eclipse_11919.dll
Event: 38.816 Loaded shared library C:\Users\USER\AppData\Local\Temp\jna-2614219\jna5988064287490973242.dll

Deoptimization events (20 events):
Event: 55.494 Thread 0x00000150893b7b10 Uncommon trap: trap_request=0xffffff45 fr.pc=0x00000150352057a4 relative=0x0000000000000344
Event: 55.494 Thread 0x00000150893b7b10 Uncommon trap: reason=unstable_if action=reinterpret pc=0x00000150352057a4 method=jdk.internal.jimage.ImageStringsReader.stringFromByteBufferMatches(Ljava/nio/ByteBuffer;ILjava/lang/String;I)I @ 59 c2
Event: 55.494 Thread 0x00000150893b7b10 DEOPT PACKING pc=0x00000150352057a4 sp=0x00000040471fd8c0
Event: 55.494 Thread 0x00000150893b7b10 DEOPT UNPACKING pc=0x00000150347b3aa2 sp=0x00000040471fd838 mode 2
Event: 55.494 Thread 0x00000150893b7b10 Uncommon trap: trap_request=0xffffff45 fr.pc=0x0000015035469924 relative=0x0000000000003164
Event: 55.494 Thread 0x00000150893b7b10 Uncommon trap: reason=unstable_if action=reinterpret pc=0x0000015035469924 method=org.eclipse.jdt.internal.compiler.util.SoftClassCache$ClassBytes.getBytes()[B @ 41 c2
Event: 55.494 Thread 0x00000150893b7b10 DEOPT PACKING pc=0x0000015035469924 sp=0x00000040471fddf0
Event: 55.494 Thread 0x00000150893b7b10 DEOPT UNPACKING pc=0x00000150347b3aa2 sp=0x00000040471fde18 mode 2
Event: 55.495 Thread 0x00000150893b7b10 Uncommon trap: trap_request=0xfffffff4 fr.pc=0x0000015035219ea0 relative=0x0000000000000580
Event: 55.495 Thread 0x00000150893b7b10 Uncommon trap: reason=null_check action=make_not_entrant pc=0x0000015035219ea0 method=jdk.internal.jimage.ImageReader$SharedImageReader.findNode(Ljava/lang/String;)Ljdk/internal/jimage/ImageReader$Node; @ 10 c2
Event: 55.495 Thread 0x00000150893b7b10 DEOPT PACKING pc=0x0000015035219ea0 sp=0x00000040471fdbe0
Event: 55.495 Thread 0x00000150893b7b10 DEOPT UNPACKING pc=0x00000150347b3aa2 sp=0x00000040471fda78 mode 2
Event: 55.495 Thread 0x00000150893b7b10 Uncommon trap: trap_request=0xfffffff4 fr.pc=0x0000015035226ce4 relative=0x0000000000000544
Event: 55.495 Thread 0x00000150893b7b10 Uncommon trap: reason=null_check action=make_not_entrant pc=0x0000015035226ce4 method=jdk.internal.jimage.ImageReader$SharedImageReader.findNode(Ljava/lang/String;)Ljdk/internal/jimage/ImageReader$Node; @ 10 c2
Event: 55.496 Thread 0x00000150893b7b10 DEOPT PACKING pc=0x0000015035226ce4 sp=0x00000040471fdb70
Event: 55.496 Thread 0x00000150893b7b10 DEOPT UNPACKING pc=0x00000150347b3aa2 sp=0x00000040471fda78 mode 2
Event: 55.496 Thread 0x00000150893b7b10 Uncommon trap: trap_request=0xfffffff4 fr.pc=0x0000015035227f08 relative=0x0000000000000488
Event: 55.496 Thread 0x00000150893b7b10 Uncommon trap: reason=null_check action=make_not_entrant pc=0x0000015035227f08 method=jdk.internal.jimage.ImageReader$SharedImageReader.findNode(Ljava/lang/String;)Ljdk/internal/jimage/ImageReader$Node; @ 10 c2
Event: 55.496 Thread 0x00000150893b7b10 DEOPT PACKING pc=0x0000015035227f08 sp=0x00000040471fdab0
Event: 55.496 Thread 0x00000150893b7b10 DEOPT UNPACKING pc=0x00000150347b3aa2 sp=0x00000040471fda68 mode 2

Classes loaded (20 events):
Event: 54.731 Loading class java/util/concurrent/CompletableFuture$Signaller
Event: 54.731 Loading class java/util/concurrent/CompletableFuture$Signaller done
Event: 54.925 Loading class java/util/Hashtable$ValueCollection
Event: 54.925 Loading class java/util/Hashtable$ValueCollection done
Event: 55.069 Loading class java/nio/charset/CharacterCodingException
Event: 55.069 Loading class java/nio/charset/CharacterCodingException done
Event: 55.069 Loading class java/io/SequenceInputStream
Event: 55.069 Loading class java/io/SequenceInputStream done
Event: 55.096 Loading class java/util/zip/CheckedInputStream
Event: 55.097 Loading class java/util/zip/CheckedInputStream done
Event: 55.229 Loading class java/util/concurrent/CompletableFuture$UniApply
Event: 55.232 Loading class java/util/concurrent/CompletableFuture$UniCompletion
Event: 55.232 Loading class java/util/concurrent/CompletableFuture$UniCompletion done
Event: 55.232 Loading class java/util/concurrent/CompletableFuture$UniApply done
Event: 55.235 Loading class java/util/concurrent/CompletableFuture$UniAccept
Event: 55.236 Loading class java/util/concurrent/CompletableFuture$UniAccept done
Event: 55.236 Loading class java/util/concurrent/CompletableFuture$UniExceptionally
Event: 55.236 Loading class java/util/concurrent/CompletableFuture$UniExceptionally done
Event: 55.292 Loading class java/util/concurrent/ForkJoinTask$AdaptedCallable
Event: 55.292 Loading class java/util/concurrent/ForkJoinTask$AdaptedCallable done

Classes unloaded (9 events):
Event: 40.022 Thread 0x0000015040ba4080 Unloading class 0x00000150421a9400 'java/lang/invoke/LambdaForm$MH+0x00000150421a9400'
Event: 40.022 Thread 0x0000015040ba4080 Unloading class 0x00000150421a9000 'java/lang/invoke/LambdaForm$MH+0x00000150421a9000'
Event: 40.022 Thread 0x0000015040ba4080 Unloading class 0x00000150421a8c00 'java/lang/invoke/LambdaForm$MH+0x00000150421a8c00'
Event: 40.022 Thread 0x0000015040ba4080 Unloading class 0x00000150421a8800 'java/lang/invoke/LambdaForm$MH+0x00000150421a8800'
Event: 40.022 Thread 0x0000015040ba4080 Unloading class 0x00000150421a8400 'java/lang/invoke/LambdaForm$BMH+0x00000150421a8400'
Event: 40.022 Thread 0x0000015040ba4080 Unloading class 0x00000150421a8000 'java/lang/invoke/LambdaForm$DMH+0x00000150421a8000'
Event: 40.022 Thread 0x0000015040ba4080 Unloading class 0x00000150421a6c00 'java/lang/invoke/LambdaForm$DMH+0x00000150421a6c00'
Event: 44.038 Thread 0x0000015040ba4080 Unloading class 0x0000015042305000 'java/lang/invoke/LambdaForm$MH+0x0000015042305000'
Event: 44.038 Thread 0x0000015040ba4080 Unloading class 0x0000015042304400 'java/lang/invoke/LambdaForm$MH+0x0000015042304400'

Classes redefined (0 events):
No events

Internal exceptions (20 events):
Event: 55.147 Thread 0x000001508cd9a0e0 Exception <a 'sun/nio/fs/WindowsException'{0x00000000d55e4c48}> (0x00000000d55e4c48) 
thrown [s\src\hotspot\share\prims\jni.cpp, line 520]
Event: 55.148 Thread 0x000001508cd9a0e0 Exception <a 'sun/nio/fs/WindowsException'{0x00000000d55e5278}> (0x00000000d55e5278) 
thrown [s\src\hotspot\share\prims\jni.cpp, line 520]
Event: 55.149 Thread 0x000001508cd9a0e0 Exception <a 'sun/nio/fs/WindowsException'{0x00000000d56d48b0}> (0x00000000d56d48b0) 
thrown [s\src\hotspot\share\prims\jni.cpp, line 520]
Event: 55.149 Thread 0x000001508cd9a0e0 Exception <a 'sun/nio/fs/WindowsException'{0x00000000d5703b68}> (0x00000000d5703b68) 
thrown [s\src\hotspot\share\prims\jni.cpp, line 520]
Event: 55.211 Thread 0x000001508cd9a0e0 Exception <a 'sun/nio/fs/WindowsException'{0x00000000d58466c8}> (0x00000000d58466c8) 
thrown [s\src\hotspot\share\prims\jni.cpp, line 520]
Event: 55.211 Thread 0x000001508cd9a0e0 Exception <a 'sun/nio/fs/WindowsException'{0x00000000d58471c8}> (0x00000000d58471c8) 
thrown [s\src\hotspot\share\prims\jni.cpp, line 520]
Event: 55.214 Thread 0x000001508cd9a0e0 Exception <a 'sun/nio/fs/WindowsException'{0x00000000d588ece8}> (0x00000000d588ece8) 
thrown [s\src\hotspot\share\prims\jni.cpp, line 520]
Event: 55.214 Thread 0x000001508cd9a0e0 Exception <a 'sun/nio/fs/WindowsException'{0x00000000d588f5c8}> (0x00000000d588f5c8) 
thrown [s\src\hotspot\share\prims\jni.cpp, line 520]
Event: 55.219 Thread 0x000001508cd9a0e0 Exception <a 'java/lang/IncompatibleClassChangeError'{0x00000000d5939858}: Found class java.lang.Object, but interface was expected> (0x00000000d5939858) 
thrown [s\src\hotspot\share\interpreter\linkResolver.cpp, line 840]
Event: 55.251 Thread 0x000001508cd9a0e0 Exception <a 'java/lang/IncompatibleClassChangeError'{0x00000000d581ffb0}: Found class java.lang.Object, but interface was expected> (0x00000000d581ffb0) 
thrown [s\src\hotspot\share\interpreter\linkResolver.cpp, line 840]
Event: 55.289 Thread 0x00000150893b7b10 Exception <a 'sun/nio/fs/WindowsException'{0x00000000d56f6c38}> (0x00000000d56f6c38) 
thrown [s\src\hotspot\share\prims\jni.cpp, line 520]
Event: 55.294 Thread 0x000001508bd626a0 Exception <a 'sun/nio/fs/WindowsException'{0x00000000d57d8728}> (0x00000000d57d8728) 
thrown [s\src\hotspot\share\prims\jni.cpp, line 520]
Event: 55.297 Thread 0x000001508bd64e00 Exception <a 'sun/nio/fs/WindowsException'{0x00000000d5845ed8}> (0x00000000d5845ed8) 
thrown [s\src\hotspot\share\prims\jni.cpp, line 520]
Event: 55.300 Thread 0x000001508bd66ed0 Exception <a 'sun/nio/fs/WindowsException'{0x00000000d584c4a0}> (0x00000000d584c4a0) 
thrown [s\src\hotspot\share\prims\jni.cpp, line 520]
Event: 55.382 Thread 0x000001508bc5ef60 Exception <a 'sun/nio/fs/WindowsException'{0x00000000d56240e0}> (0x00000000d56240e0) 
thrown [s\src\hotspot\share\prims\jni.cpp, line 520]
Event: 55.383 Thread 0x000001508bc5ef60 Exception <a 'sun/nio/fs/WindowsException'{0x00000000d5624bb8}> (0x00000000d5624bb8) 
thrown [s\src\hotspot\share\prims\jni.cpp, line 520]
Event: 55.436 Thread 0x00000150893b7b10 Implicit null exception at 0x000001503527205a to 0x00000150352720b3
Event: 55.493 Thread 0x00000150893b7b10 Implicit null exception at 0x0000015035224f30 to 0x000001503522548d
Event: 55.495 Thread 0x00000150893b7b10 Implicit null exception at 0x0000015035226930 to 0x0000015035226cd5
Event: 55.547 Thread 0x00000150893b8830 Exception <a 'java/lang/NoSuchMethodError'{0x00000000d5613dc0}: 'java.lang.Object java.lang.invoke.DirectMethodHandle$Holder.invokeSpecial(java.lang.Object, java.lang.Object, int, long)'> (0x00000000d5613dc0) 
thrown [s\src\hotspot\share\interpreter\linkResolver.cpp, line 773]

ZGC Phase Switch (0 events):
No events

VM Operations (20 events):
Event: 55.441 Executing safepoint VM operation: ParallelGCFailedAllocation (Allocation Failure) done
Event: 55.460 Executing safepoint VM operation: ParallelGCFailedAllocation (Allocation Failure)
Event: 55.462 Executing safepoint VM operation: ParallelGCFailedAllocation (Allocation Failure) done
Event: 55.484 Executing safepoint VM operation: ParallelGCFailedAllocation (Allocation Failure)
Event: 55.488 Executing safepoint VM operation: ParallelGCFailedAllocation (Allocation Failure) done
Event: 55.498 Executing safepoint VM operation: ParallelGCFailedAllocation (Allocation Failure)
Event: 55.503 Executing safepoint VM operation: ParallelGCFailedAllocation (Allocation Failure) done
Event: 55.515 Executing safepoint VM operation: ParallelGCFailedAllocation (Allocation Failure)
Event: 55.517 Executing safepoint VM operation: ParallelGCFailedAllocation (Allocation Failure) done
Event: 55.525 Executing safepoint VM operation: ParallelGCFailedAllocation (Allocation Failure)
Event: 55.528 Executing safepoint VM operation: ParallelGCFailedAllocation (Allocation Failure) done
Event: 55.542 Executing safepoint VM operation: ParallelGCFailedAllocation (Allocation Failure)
Event: 55.543 Executing safepoint VM operation: ParallelGCFailedAllocation (Allocation Failure) done
Event: 55.555 Executing safepoint VM operation: ParallelGCFailedAllocation (Allocation Failure)
Event: 55.558 Executing safepoint VM operation: ParallelGCFailedAllocation (Allocation Failure) done
Event: 55.571 Executing safepoint VM operation: ParallelGCFailedAllocation (Allocation Failure)
Event: 55.574 Executing safepoint VM operation: ParallelGCFailedAllocation (Allocation Failure) done
Event: 55.591 Executing safepoint VM operation: ParallelGCFailedAllocation (Allocation Failure)
Event: 55.594 Executing safepoint VM operation: ParallelGCFailedAllocation (Allocation Failure) done
Event: 55.609 Executing safepoint VM operation: ParallelGCFailedAllocation (Allocation Failure)

Memory protections (0 events):
No events

Nmethod flushes (20 events):
Event: 44.070 Thread 0x0000015040ba4080 flushing  nmethod 0x000001502da1f210
Event: 44.070 Thread 0x0000015040ba4080 flushing  nmethod 0x000001502da4ed10
Event: 44.070 Thread 0x0000015040ba4080 flushing  nmethod 0x000001502da4f110
Event: 44.070 Thread 0x0000015040ba4080 flushing  nmethod 0x000001502da4fa10
Event: 44.070 Thread 0x0000015040ba4080 flushing  nmethod 0x000001502da50c10
Event: 44.070 Thread 0x0000015040ba4080 flushing  nmethod 0x000001502da52190
Event: 44.070 Thread 0x0000015040ba4080 flushing  nmethod 0x000001502da52910
Event: 44.070 Thread 0x0000015040ba4080 flushing  nmethod 0x000001502da53290
Event: 44.070 Thread 0x0000015040ba4080 flushing  nmethod 0x000001502da53790
Event: 44.070 Thread 0x0000015040ba4080 flushing  nmethod 0x000001502da54c90
Event: 44.070 Thread 0x0000015040ba4080 flushing  nmethod 0x000001502da55c90
Event: 44.070 Thread 0x0000015040ba4080 flushing  nmethod 0x000001502da57710
Event: 44.070 Thread 0x0000015040ba4080 flushing  nmethod 0x000001502da59190
Event: 44.070 Thread 0x0000015040ba4080 flushing  nmethod 0x000001502daa0690
Event: 44.070 Thread 0x0000015040ba4080 flushing  nmethod 0x000001502daa4b90
Event: 44.070 Thread 0x0000015040ba4080 flushing  nmethod 0x000001502daa8f90
Event: 44.070 Thread 0x0000015040ba4080 flushing  nmethod 0x000001502dab6090
Event: 44.070 Thread 0x0000015040ba4080 flushing  nmethod 0x000001502db15d90
Event: 44.070 Thread 0x0000015040ba4080 flushing  nmethod 0x000001502db33290
Event: 44.070 Thread 0x0000015040ba4080 flushing  nmethod 0x000001502db7d810

Events (20 events):
Event: 55.298 Thread 0x000001508bd626a0 Thread added: 0x000001508bd661b0
Event: 55.298 Thread 0x000001508bd63a50 Thread added: 0x000001508cd98010
Event: 55.299 Thread 0x000001508bd64e00 Thread added: 0x000001508e6371f0
Event: 55.299 Thread 0x000001508bd661b0 Thread added: 0x000001508e638c30
Event: 55.299 Thread 0x000001508bd67560 Thread added: 0x000001508e637880
Event: 55.300 Thread 0x000001508bd64e00 Thread added: 0x000001508e639fe0
Event: 55.357 Thread 0x00000150893b7b10 Thread added: 0x000001508e637f10
Event: 55.358 Thread 0x00000150893b7b10 Thread added: 0x000001508e6385a0
Event: 55.358 Thread 0x00000150893b7b10 Thread added: 0x000001508e636b60
Event: 55.358 Thread 0x00000150893b7b10 Thread added: 0x000001508e6392c0
Event: 55.358 Thread 0x00000150893b7b10 Thread added: 0x000001508e639950
Event: 55.359 Thread 0x00000150893b7b10 Thread added: 0x000001508b834480
Event: 55.359 Thread 0x00000150893b7b10 Thread added: 0x000001508b834b10
Event: 55.359 Thread 0x00000150893b7b10 Thread added: 0x000001508b837270
Event: 55.359 Thread 0x000001508b834b10 Thread added: 0x000001508b835830
Event: 55.359 Thread 0x000001508e6392c0 Thread added: 0x000001508b8351a0
Event: 55.360 Thread 0x000001508e636b60 Thread added: 0x000001508b833df0
Event: 55.360 Thread 0x000001508e6385a0 Thread added: 0x000001508b839340
Event: 55.360 Thread 0x000001508e637f10 Thread added: 0x000001508b838620
Event: 55.360 Thread 0x000001508b839340 Thread added: 0x000001508b837900


Dynamic libraries:
0x00007ff603210000 - 0x00007ff60321e000 	c:\Users\USER\.vscode\extensions\redhat.java-1.54.0-win32-x64\jre\21.0.10-win32-x86_64\bin\java.exe
0x00007ffc5a6a0000 - 0x00007ffc5a907000 	C:\WINDOWS\SYSTEM32\ntdll.dll
0x00007ffc58bc0000 - 0x00007ffc58c89000 	C:\WINDOWS\System32\KERNEL32.DLL
0x00007ffc575a0000 - 0x00007ffc57994000 	C:\WINDOWS\System32\KERNELBASE.dll
0x00007ffc57160000 - 0x00007ffc572ab000 	C:\WINDOWS\System32\ucrtbase.dll
0x00007ffbff220000 - 0x00007ffbff23e000 	c:\Users\USER\.vscode\extensions\redhat.java-1.54.0-win32-x64\jre\21.0.10-win32-x86_64\bin\VCRUNTIME140.dll
0x00007ffbfeff0000 - 0x00007ffbff008000 	c:\Users\USER\.vscode\extensions\redhat.java-1.54.0-win32-x64\jre\21.0.10-win32-x86_64\bin\jli.dll
0x00007ffc58c90000 - 0x00007ffc58e55000 	C:\WINDOWS\System32\USER32.dll
0x00007ffc579a0000 - 0x00007ffc579c7000 	C:\WINDOWS\System32\win32u.dll
0x00007ffc40130000 - 0x00007ffc403c3000 	C:\WINDOWS\WinSxS\amd64_microsoft.windows.common-controls_6595b64144ccf1df_6.0.26100.8115_none_3e075c82e3354f9c\COMCTL32.dll
0x00007ffc58fd0000 - 0x00007ffc58ffb000 	C:\WINDOWS\System32\GDI32.dll
0x00007ffc58e60000 - 0x00007ffc58f09000 	C:\WINDOWS\System32\msvcrt.dll
0x00007ffc57030000 - 0x00007ffc5715b000 	C:\WINDOWS\System32\gdi32full.dll
0x00007ffc58380000 - 0x00007ffc58423000 	C:\WINDOWS\System32\msvcp_win.dll
0x00007ffc59000000 - 0x00007ffc59032000 	C:\WINDOWS\System32\IMM32.DLL
0x00007ffc21ae0000 - 0x00007ffc21aec000 	c:\Users\USER\.vscode\extensions\redhat.java-1.54.0-win32-x64\jre\21.0.10-win32-x86_64\bin\vcruntime140_1.dll
0x00007ffbc0d90000 - 0x00007ffbc0e1d000 	c:\Users\USER\.vscode\extensions\redhat.java-1.54.0-win32-x64\jre\21.0.10-win32-x86_64\bin\msvcp140.dll
0x00007ffbafda0000 - 0x00007ffbb0b41000 	c:\Users\USER\.vscode\extensions\redhat.java-1.54.0-win32-x64\jre\21.0.10-win32-x86_64\bin\server\jvm.dll
0x00007ffc58490000 - 0x00007ffc58546000 	C:\WINDOWS\System32\ADVAPI32.dll
0x00007ffc58ad0000 - 0x00007ffc58b77000 	C:\WINDOWS\System32\sechost.dll
0x00007ffc5a440000 - 0x00007ffc5a558000 	C:\WINDOWS\System32\RPCRT4.dll
0x00007ffc5a2b0000 - 0x00007ffc5a330000 	C:\WINDOWS\System32\WS2_32.dll
0x00007ffc55b70000 - 0x00007ffc55bce000 	C:\WINDOWS\SYSTEM32\POWRPROF.dll
0x00007ffc4ddb0000 - 0x00007ffc4dde6000 	C:\WINDOWS\SYSTEM32\WINMM.dll
0x00007ffc50100000 - 0x00007ffc5010b000 	C:\WINDOWS\SYSTEM32\VERSION.dll
0x00007ffc55b50000 - 0x00007ffc55b64000 	C:\WINDOWS\SYSTEM32\UMPDC.dll
0x00007ffc55e20000 - 0x00007ffc55e3b000 	C:\WINDOWS\SYSTEM32\kernel.appcore.dll
0x00007ffc1df40000 - 0x00007ffc1df4a000 	c:\Users\USER\.vscode\extensions\redhat.java-1.54.0-win32-x64\jre\21.0.10-win32-x86_64\bin\jimage.dll
0x00007ffc54c20000 - 0x00007ffc54e62000 	C:\WINDOWS\SYSTEM32\DBGHELP.DLL
0x00007ffc58650000 - 0x00007ffc589d2000 	C:\WINDOWS\System32\combase.dll
0x00007ffc589e0000 - 0x00007ffc58ab8000 	C:\WINDOWS\System32\OLEAUT32.dll
0x00007ffc22bd0000 - 0x00007ffc22c0b000 	C:\WINDOWS\SYSTEM32\dbgcore.DLL
0x00007ffc57a60000 - 0x00007ffc57b05000 	C:\WINDOWS\System32\bcryptPrimitives.dll
0x00007ffc1da20000 - 0x00007ffc1da2f000 	c:\Users\USER\.vscode\extensions\redhat.java-1.54.0-win32-x64\jre\21.0.10-win32-x86_64\bin\instrument.dll
0x00007ffbfbbc0000 - 0x00007ffbfbbe0000 	c:\Users\USER\.vscode\extensions\redhat.java-1.54.0-win32-x64\jre\21.0.10-win32-x86_64\bin\java.dll
0x00007ffc59b40000 - 0x00007ffc5a2a7000 	C:\WINDOWS\System32\SHELL32.dll
0x00007ffc57430000 - 0x00007ffc5759a000 	C:\WINDOWS\System32\wintypes.dll
0x00007ffc57b10000 - 0x00007ffc58378000 	C:\WINDOWS\System32\windows.storage.dll
0x00007ffc59220000 - 0x00007ffc59318000 	C:\WINDOWS\System32\SHCORE.dll
0x00007ffc5a5e0000 - 0x00007ffc5a646000 	C:\WINDOWS\System32\shlwapi.dll
0x00007ffc56e90000 - 0x00007ffc56eb9000 	C:\WINDOWS\SYSTEM32\profapi.dll
0x00007ffbfbcc0000 - 0x00007ffbfbcd8000 	c:\Users\USER\.vscode\extensions\redhat.java-1.54.0-win32-x64\jre\21.0.10-win32-x86_64\bin\zip.dll
0x00007ffc1c960000 - 0x00007ffc1c970000 	C:\Users\USER\.vscode\extensions\redhat.java-1.54.0-win32-x64\jre\21.0.10-win32-x86_64\bin\net.dll
0x00007ffc50ad0000 - 0x00007ffc50bfd000 	C:\WINDOWS\SYSTEM32\WINHTTP.dll
0x00007ffc56390000 - 0x00007ffc563fc000 	C:\WINDOWS\system32\mswsock.dll
0x00007ffbf5a30000 - 0x00007ffbf5a46000 	C:\Users\USER\.vscode\extensions\redhat.java-1.54.0-win32-x64\jre\21.0.10-win32-x86_64\bin\nio.dll
0x00007ffc1b610000 - 0x00007ffc1b620000 	c:\Users\USER\.vscode\extensions\redhat.java-1.54.0-win32-x64\jre\21.0.10-win32-x86_64\bin\verify.dll
0x00007ffbd03b0000 - 0x00007ffbd03f5000 	C:\Users\USER\AppData\Roaming\Code\User\globalStorage\redhat.java\1.54.0\config_win\org.eclipse.equinox.launcher\org.eclipse.equinox.launcher.win32.win32.x86_64_1.3.0.v20260203-2149\eclipse_11919.dll
0x00007ffc59510000 - 0x00007ffc596a7000 	C:\WINDOWS\System32\ole32.dll
0x00007ffc56680000 - 0x00007ffc5669b000 	C:\WINDOWS\SYSTEM32\CRYPTSP.dll
0x00007ffc55d80000 - 0x00007ffc55db9000 	C:\WINDOWS\system32\rsaenh.dll
0x00007ffc56440000 - 0x00007ffc56473000 	C:\WINDOWS\SYSTEM32\USERENV.dll
0x00007ffc56e60000 - 0x00007ffc56e8a000 	C:\WINDOWS\SYSTEM32\bcrypt.dll
0x00007ffc56670000 - 0x00007ffc5667c000 	C:\WINDOWS\SYSTEM32\CRYPTBASE.dll
0x00007ffc557c0000 - 0x00007ffc557f2000 	C:\WINDOWS\SYSTEM32\IPHLPAPI.DLL
0x00007ffc58640000 - 0x00007ffc5864a000 	C:\WINDOWS\System32\NSI.dll
0x00007ffbcee20000 - 0x00007ffbcee69000 	C:\Users\USER\AppData\Local\Temp\jna-2614219\jna5988064287490973242.dll
0x00007ffc58ac0000 - 0x00007ffc58ac8000 	C:\WINDOWS\System32\PSAPI.DLL
0x00007ffc515a0000 - 0x00007ffc515bd000 	C:\WINDOWS\SYSTEM32\dhcpcsvc6.DLL
0x00007ffc51480000 - 0x00007ffc514a5000 	C:\WINDOWS\SYSTEM32\dhcpcsvc.DLL

JVMTI agents:
c:\Users\USER\.vscode\extensions\redhat.java-1.54.0-win32-x64\lombok\lombok-1.18.39-4050.jar path:c:\Users\USER\.vscode\extensions\redhat.java-1.54.0-win32-x64\jre\21.0.10-win32-x86_64\bin\instrument.dll, loaded, initialized, instrumentlib options:none

dbghelp: loaded successfully - version: 4.0.5 - missing functions: none
symbol engine: initialized successfully - sym options: 0x614 - pdb path: .;c:\Users\USER\.vscode\extensions\redhat.java-1.54.0-win32-x64\jre\21.0.10-win32-x86_64\bin;C:\WINDOWS\SYSTEM32;C:\WINDOWS\WinSxS\amd64_microsoft.windows.common-controls_6595b64144ccf1df_6.0.26100.8115_none_3e075c82e3354f9c;c:\Users\USER\.vscode\extensions\redhat.java-1.54.0-win32-x64\jre\21.0.10-win32-x86_64\bin\server;C:\Users\USER\AppData\Roaming\Code\User\globalStorage\redhat.java\1.54.0\config_win\org.eclipse.equinox.launcher\org.eclipse.equinox.launcher.win32.win32.x86_64_1.3.0.v20260203-2149;C:\Users\USER\AppData\Local\Temp\jna-2614219

VM Arguments:
jvm_args: --add-modules=ALL-SYSTEM --add-opens=java.base/java.util=ALL-UNNAMED --add-opens=java.base/java.lang=ALL-UNNAMED --add-opens=java.base/sun.nio.fs=ALL-UNNAMED -Declipse.application=org.eclipse.jdt.ls.core.id1 -Dosgi.bundles.defaultStartLevel=4 -Declipse.product=org.eclipse.jdt.ls.core.product -Djava.import.generatesMetadataFilesAtProjectRoot=false -DDetectVMInstallationsJob.disabled=true -Dfile.encoding=utf8 -XX:+UseParallelGC -XX:GCTimeRatio=4 -XX:AdaptiveSizePolicyWeight=90 -Dsun.zip.disableMemoryMapping=true -Xmx2G -Xms100m -Xlog:disable -javaagent:c:\Users\USER\.vscode\extensions\redhat.java-1.54.0-win32-x64\lombok\lombok-1.18.39-4050.jar -XX:+HeapDumpOnOutOfMemoryError -XX:HeapDumpPath=c:\Users\USER\AppData\Roaming\Code\User\workspaceStorage\b2008296fa39ba4f4d5c3c75dc19f26c\redhat.java -Daether.dependencyCollector.impl=bf 
java_command: c:\Users\USER\.vscode\extensions\redhat.java-1.54.0-win32-x64\server\plugins\org.eclipse.equinox.launcher_1.7.100.v20251111-0406.jar -configuration c:\Users\USER\AppData\Roaming\Code\User\globalStorage\redhat.java\1.54.0\config_win -data c:\Users\USER\AppData\Roaming\Code\User\workspaceStorage\b2008296fa39ba4f4d5c3c75dc19f26c\redhat.java\jdt_ws --pipe=\\.\pipe\lsp-4361e5f67b2c55a86bc6517c3c444a42-sock
java_class_path (initial): c:\Users\USER\.vscode\extensions\redhat.java-1.54.0-win32-x64\server\plugins\org.eclipse.equinox.launcher_1.7.100.v20251111-0406.jar
Launcher Type: SUN_STANDARD

[Global flags]
    uintx AdaptiveSizePolicyWeight                 = 90                                        {product} {command line}
     intx CICompilerCount                          = 12                                        {product} {ergonomic}
    uintx GCTimeRatio                              = 4                                         {product} {command line}
     bool HeapDumpOnOutOfMemoryError               = true                                   {manageable} {command line}
    ccstr HeapDumpPath                             = c:\Users\USER\AppData\Roaming\Code\User\workspaceStorage\b2008296fa39ba4f4d5c3c75dc19f26c\redhat.java         {manageable} {command line}
   size_t InitialHeapSize                          = 104857600                                 {product} {command line}
   size_t MaxHeapSize                              = 2147483648                                {product} {command line}
   size_t MaxNewSize                               = 715653120                                 {product} {ergonomic}
   size_t MinHeapDeltaBytes                        = 524288                                    {product} {ergonomic}
   size_t MinHeapSize                              = 104857600                                 {product} {command line}
   size_t NewSize                                  = 34603008                                  {product} {ergonomic}
    uintx NonNMethodCodeHeapSize                   = 7602480                                {pd product} {ergonomic}
    uintx NonProfiledCodeHeapSize                  = 122027880                              {pd product} {ergonomic}
   size_t OldSize                                  = 70254592                                  {product} {ergonomic}
    uintx ProfiledCodeHeapSize                     = 122027880                              {pd product} {ergonomic}
    uintx ReservedCodeCacheSize                    = 251658240                              {pd product} {ergonomic}
     bool SegmentedCodeCache                       = true                                      {product} {ergonomic}
   size_t SoftMaxHeapSize                          = 2147483648                             {manageable} {ergonomic}
     bool UseCompressedOops                        = true                           {product lp64_product} {ergonomic}
     bool UseLargePagesIndividualAllocation        = false                                  {pd product} {ergonomic}
     bool UseParallelGC                            = true                                      {product} {command line}

Logging:
Log output configuration:
 #0: stdout all=off uptime,level,tags foldmultilines=false
 #1: stderr all=off uptime,level,tags foldmultilines=false

Release file:
JAVA_VERSION="21.0.10" 
MODULES="java.base java.compiler java.datatransfer java.xml java.prefs java.desktop java.instrument java.logging java.management java.security.sasl java.naming java.rmi java.management.rmi java.net.http java.scripting java.security.jgss java.transaction.xa java.sql java.sql.rowset java.xml.crypto java.se java.smartcardio jdk.accessibility jdk.internal.jvmstat jdk.attach jdk.charsets jdk.internal.opt jdk.zipfs jdk.compiler jdk.crypto.ec jdk.crypto.cryptoki jdk.crypto.mscapi jdk.dynalink jdk.internal.ed jdk.editpad jdk.hotspot.agent jdk.httpserver jdk.internal.le jdk.internal.vm.ci jdk.internal.vm.compiler jdk.internal.vm.compiler.management jdk.jartool jdk.javadoc jdk.jcmd jdk.management jdk.management.agent jdk.jconsole jdk.jdeps jdk.jdwp.agent jdk.jdi jdk.jfr jdk.jshell jdk.jsobject jdk.jstatd jdk.localedata jdk.management.jfr jdk.naming.dns jdk.naming.rmi jdk.net jdk.nio.mapmode jdk.random jdk.sctp jdk.security.auth jdk.security.jgss jdk.unsupported jdk.unsupported.desktop jdk.xml.dom" 

Environment Variables:
PATH=C:\Users\USER\AppData\Local\Programs\Microsoft VS Code;C:\Program Files\Common Files\Oracle\Java\javapath;C:\WINDOWS\system32;C:\WINDOWS;C:\WINDOWS\System32\Wbem;C:\WINDOWS\System32\WindowsPowerShell\v1.0\;C:\WINDOWS\System32\OpenSSH\;C:\Program Files\dotnet\;C:\Program Files\NVIDIA Corporation\NVIDIA app\NvDLISR;C:\Program Files (x86)\NVIDIA Corporation\PhysX\Common;C:\Program Files\Git\cmd;C:\Program Files\nodejs\;C:\Users\USER\AppData\Local\Microsoft\WindowsApps;C:\Users\USER\AppData\Local\Programs\Microsoft VS Code\bin;C:\msys64\ucrt64\bin;C:\Users\USER\AppData\Local\spicetify;C:\Users\USER\AppData\Local\GitHubDesktop\bin;C:\Users\USER\AppData\Roaming\npm;C:\Users\USER\AppData\Local\Programs\Antigravity\bin
USERNAME=USER
OS=Windows_NT
PROCESSOR_IDENTIFIER=Intel64 Family 6 Model 186 Stepping 2, GenuineIntel
TMP=C:\Users\USER\AppData\Local\Temp
TEMP=C:\Users\USER\AppData\Local\Temp




Periodic native trim disabled

---------------  S Y S T E M  ---------------

OS:
 Windows 11 , 64 bit Build 26100 (10.0.26100.8246)
OS uptime: 0 days 17:23 hours
Hyper-V role detected

CPU: total 16 (initial active 16) (8 cores per cpu, 2 threads per core) family 6 model 186 stepping 2 microcode 0x4122, cx8, cmov, fxsr, ht, mmx, 3dnowpref, sse, sse2, sse3, ssse3, sse4.1, sse4.2, popcnt, lzcnt, tsc, tscinvbit, avx, avx2, aes, erms, clmul, bmi1, bmi2, adx, sha, fma, vzeroupper, clflush, clflushopt, clwb, hv, serialize, rdtscp, rdpid, fsrm, f16c, cet_ibt, cet_ss
Processor Information for processor 0
  Max Mhz: 2400, Current Mhz: 2400, Mhz Limit: 2400
Processor Information for processor 1
  Max Mhz: 2400, Current Mhz: 2400, Mhz Limit: 2400
Processor Information for processor 2
  Max Mhz: 2400, Current Mhz: 2400, Mhz Limit: 2400
Processor Information for processor 3
  Max Mhz: 2400, Current Mhz: 2400, Mhz Limit: 2400
Processor Information for processor 4
  Max Mhz: 2400, Current Mhz: 2400, Mhz Limit: 2400
Processor Information for processor 5
  Max Mhz: 2400, Current Mhz: 2400, Mhz Limit: 2400
Processor Information for processor 6
  Max Mhz: 2400, Current Mhz: 2400, Mhz Limit: 2400
Processor Information for processor 7
  Max Mhz: 2400, Current Mhz: 2400, Mhz Limit: 2400
Processor Information for processor 8
  Max Mhz: 2400, Current Mhz: 2400, Mhz Limit: 2400
Processor Information for processor 9
  Max Mhz: 2400, Current Mhz: 2400, Mhz Limit: 2400
Processor Information for processor 10
  Max Mhz: 2400, Current Mhz: 2400, Mhz Limit: 2400
Processor Information for processor 11
  Max Mhz: 2400, Current Mhz: 2400, Mhz Limit: 2400
Processor Information for processor 12
  Max Mhz: 2400, Current Mhz: 1500, Mhz Limit: 1800
Processor Information for processor 13
  Max Mhz: 2400, Current Mhz: 1500, Mhz Limit: 1800
Processor Information for processor 14
  Max Mhz: 2400, Current Mhz: 1500, Mhz Limit: 1800
Processor Information for processor 15
  Max Mhz: 2400, Current Mhz: 1500, Mhz Limit: 1800

Memory: 4k page, system-wide physical 16003M (1998M free)
TotalPageFile size 21230M (AvailPageFile size 59M)
current process WorkingSet (physical memory assigned to process): 584M, peak: 584M
current process commit charge ("private bytes"): 595M, peak: 1708M

vm_info: OpenJDK 64-Bit Server VM (21.0.10+7-LTS) for windows-amd64 JRE (21.0.10+7-LTS), built on 2026-01-20T00:00:00Z by "admin" with MS VC++ 17.12 (VS2022)

END.
